
-----
Test: None
Time: 2023-09-10 14:48:59.487787
Request method: POST
Request URL: https://playground.learnqa.ru/api_dev/user/
Request data: {'password': '1234', 'username': 'learnqa', 'firstName': 'learnqa', 'lastName': 'learnqa', 'email': 'learnqa09102023144859@example.com'}
Request headers: {}
Request cookies: {}

Response code: 200
Response text: {"id":"79254"}
Response headers: {'Date': 'Sun, 10 Sep 2023 11:49:00 GMT', 'Content-Type': 'application/json', 'Content-Length': '14', 'Connection': 'keep-alive', 'Keep-Alive': 'timeout=10', 'Server': 'Apache', 'Cache-Control': 'max-age=0', 'Expires': 'Sun, 10 Sep 2023 11:48:59 GMT'}
Response cookies: {}

-----

-----
Test: None
Time: 2023-09-10 14:49:00.240112
Request method: POST
Request URL: https://playground.learnqa.ru/api_dev/user/login
Request data: {'email': 'learnqa09102023144859@example.com', 'password': '1234'}
Request headers: {}
Request cookies: {}

Response code: 200
Response text: {"user_id":79254}
Response headers: {'Date': 'Sun, 10 Sep 2023 11:49:00 GMT', 'Content-Type': 'application/json', 'Content-Length': '17', 'Connection': 'keep-alive', 'Keep-Alive': 'timeout=10', 'Server': 'Apache', 'Set-Cookie': 'auth_sid=65ac04430c5ad5cdfce54168fe25ad545ec63bf0bf08164617b2449331d57797', 'x-csrf-token': 'c590a2783908bc332db476ad5483408107815bf25ec63bf0bf08164617b2449331d57797', 'Cache-Control': 'max-age=0', 'Expires': 'Sun, 10 Sep 2023 11:49:00 GMT'}
Response cookies: {'auth_sid': '65ac04430c5ad5cdfce54168fe25ad545ec63bf0bf08164617b2449331d57797'}

-----

-----
Test: None
Time: 2023-09-10 14:49:00.446930
Request method: DELETE
Request URL: https://playground.learnqa.ru/api_dev/user/79254
Request data: None
Request headers: {'x-csrf-token': 'c590a2783908bc332db476ad5483408107815bf25ec63bf0bf08164617b2449331d57797'}
Request cookies: {'auth_sid': '65ac04430c5ad5cdfce54168fe25ad545ec63bf0bf08164617b2449331d57797'}

Response code: 200
Response text: 
Response headers: {'Date': 'Sun, 10 Sep 2023 11:49:01 GMT', 'Content-Type': 'text/html; charset=utf-8', 'Content-Length': '0', 'Connection': 'keep-alive', 'Keep-Alive': 'timeout=10', 'Server': 'Apache', 'Cache-Control': 'max-age=0', 'Expires': 'Sun, 10 Sep 2023 11:49:00 GMT'}
Response cookies: {}

-----

-----
Test: None
Time: 2023-09-10 14:49:01.228556
Request method: GET
Request URL: https://playground.learnqa.ru/api_dev/user/79254
Request data: None
Request headers: {'x-csrf-token': 'c590a2783908bc332db476ad5483408107815bf25ec63bf0bf08164617b2449331d57797'}
Request cookies: {'auth_sid': '65ac04430c5ad5cdfce54168fe25ad545ec63bf0bf08164617b2449331d57797'}

Response code: 404
Response text: User not found
Response headers: {'Date': 'Sun, 10 Sep 2023 11:49:01 GMT', 'Content-Type': 'text/html; charset=utf-8', 'Content-Length': '14', 'Connection': 'keep-alive', 'Keep-Alive': 'timeout=10', 'Server': 'Apache'}
Response cookies: {}

-----
