
-----
Test: None
Time: 2023-09-09 09:44:20.868210
Request method: POST
Request URL: https://playground.learnqa.ru/api_dev/user/login
Request data: {'email': 'vinkotov@example.com', 'password': '1234'}
Request headers: {}
Request cookies: {}

Response code: 200
Response text: {"user_id":2}
Response headers: {'Date': 'Sat, 09 Sep 2023 06:44:21 GMT', 'Content-Type': 'application/json', 'Content-Length': '13', 'Connection': 'keep-alive', 'Keep-Alive': 'timeout=10', 'Server': 'Apache', 'Set-Cookie': 'auth_sid=7eb8e4a152ac19e6958b098dd66bdaa102e94918f1549272bcf2cafc2634fd9d', 'x-csrf-token': '74abbcc5a4624cb38d9a723990c46ee3c211590702e94918f1549272bcf2cafc2634fd9d', 'Cache-Control': 'max-age=0', 'Expires': 'Sat, 09 Sep 2023 06:44:21 GMT'}
Response cookies: {'auth_sid': '7eb8e4a152ac19e6958b098dd66bdaa102e94918f1549272bcf2cafc2634fd9d'}

-----

-----
Test: None
Time: 2023-09-09 09:44:21.124987
Request method: GET
Request URL: https://playground.learnqa.ru/api_dev/user/auth
Request data: None
Request headers: {'x-csrf-token': '74abbcc5a4624cb38d9a723990c46ee3c211590702e94918f1549272bcf2cafc2634fd9d'}
Request cookies: {'auth_sid': '7eb8e4a152ac19e6958b098dd66bdaa102e94918f1549272bcf2cafc2634fd9d'}

Response code: 200
Response text: {"user_id":2}
Response headers: {'Date': 'Sat, 09 Sep 2023 06:44:21 GMT', 'Content-Type': 'application/json', 'Content-Length': '13', 'Connection': 'keep-alive', 'Keep-Alive': 'timeout=10', 'Server': 'Apache', 'Cache-Control': 'max-age=0', 'Expires': 'Sat, 09 Sep 2023 06:44:21 GMT'}
Response cookies: {}

-----

-----
Test: None
Time: 2023-09-09 09:44:21.422932
Request method: POST
Request URL: https://playground.learnqa.ru/api_dev/user/login
Request data: {'email': 'vinkotov@example.com', 'password': '1234'}
Request headers: {}
Request cookies: {}

Response code: 200
Response text: {"user_id":2}
Response headers: {'Date': 'Sat, 09 Sep 2023 06:44:21 GMT', 'Content-Type': 'application/json', 'Content-Length': '13', 'Connection': 'keep-alive', 'Keep-Alive': 'timeout=10', 'Server': 'Apache', 'Set-Cookie': 'auth_sid=7cfbb78c3c1d305eb7bedbe9b5703aa902e94918f1549272bcf2cafc2634fd9d', 'x-csrf-token': '34fc5d47954db061178ad23eb78228f494f38f2e02e94918f1549272bcf2cafc2634fd9d', 'Cache-Control': 'max-age=0', 'Expires': 'Sat, 09 Sep 2023 06:44:21 GMT'}
Response cookies: {'auth_sid': '7cfbb78c3c1d305eb7bedbe9b5703aa902e94918f1549272bcf2cafc2634fd9d'}

-----

-----
Test: None
Time: 2023-09-09 09:44:21.583026
Request method: GET
Request URL: https://playground.learnqa.ru/api_dev/user/auth
Request data: None
Request headers: {'x-csrf-token': '34fc5d47954db061178ad23eb78228f494f38f2e02e94918f1549272bcf2cafc2634fd9d'}
Request cookies: {}

Response code: 200
Response text: {"user_id":0}
Response headers: {'Date': 'Sat, 09 Sep 2023 06:44:21 GMT', 'Content-Type': 'application/json', 'Content-Length': '13', 'Connection': 'keep-alive', 'Keep-Alive': 'timeout=10', 'Server': 'Apache', 'Cache-Control': 'max-age=0', 'Expires': 'Sat, 09 Sep 2023 06:44:21 GMT'}
Response cookies: {}

-----

-----
Test: None
Time: 2023-09-09 09:44:21.882257
Request method: POST
Request URL: https://playground.learnqa.ru/api_dev/user/login
Request data: {'email': 'vinkotov@example.com', 'password': '1234'}
Request headers: {}
Request cookies: {}

Response code: 200
Response text: {"user_id":2}
Response headers: {'Date': 'Sat, 09 Sep 2023 06:44:22 GMT', 'Content-Type': 'application/json', 'Content-Length': '13', 'Connection': 'keep-alive', 'Keep-Alive': 'timeout=10', 'Server': 'Apache', 'Set-Cookie': 'auth_sid=bcfabadc7d3fb6efe60fbe37628af62c02e94918f1549272bcf2cafc2634fd9d', 'x-csrf-token': '7707d3bc9aa33d73fa1ff72e9e93c78841c403d002e94918f1549272bcf2cafc2634fd9d', 'Cache-Control': 'max-age=0', 'Expires': 'Sat, 09 Sep 2023 06:44:22 GMT'}
Response cookies: {'auth_sid': 'bcfabadc7d3fb6efe60fbe37628af62c02e94918f1549272bcf2cafc2634fd9d'}

-----

-----
Test: None
Time: 2023-09-09 09:44:22.042967
Request method: GET
Request URL: https://playground.learnqa.ru/api_dev/user/auth
Request data: None
Request headers: {}
Request cookies: {'auth_sid': 'bcfabadc7d3fb6efe60fbe37628af62c02e94918f1549272bcf2cafc2634fd9d'}

Response code: 200
Response text: {"user_id":0}
Response headers: {'Date': 'Sat, 09 Sep 2023 06:44:22 GMT', 'Content-Type': 'application/json', 'Content-Length': '13', 'Connection': 'keep-alive', 'Keep-Alive': 'timeout=10', 'Server': 'Apache', 'Cache-Control': 'max-age=0', 'Expires': 'Sat, 09 Sep 2023 06:44:22 GMT'}
Response cookies: {}

-----

-----
Test: None
Time: 2023-09-09 09:44:22.285617
Request method: POST
Request URL: https://playground.learnqa.ru/api_dev/user/
Request data: {'password': '1234', 'username': 'learnqa', 'firstName': 'learnqa', 'lastName': 'learnqa', 'email': 'learnqa09092023094422@example.com'}
Request headers: {}
Request cookies: {}

Response code: 200
Response text: {"id":"78975"}
Response headers: {'Date': 'Sat, 09 Sep 2023 06:44:23 GMT', 'Content-Type': 'application/json', 'Content-Length': '14', 'Connection': 'keep-alive', 'Keep-Alive': 'timeout=10', 'Server': 'Apache', 'Cache-Control': 'max-age=0', 'Expires': 'Sat, 09 Sep 2023 06:44:22 GMT'}
Response cookies: {}

-----

-----
Test: None
Time: 2023-09-09 09:44:22.974563
Request method: POST
Request URL: https://playground.learnqa.ru/api_dev/user/login
Request data: {'email': 'learnqa09092023094422@example.com', 'password': '1234'}
Request headers: {}
Request cookies: {}

Response code: 200
Response text: {"user_id":78975}
Response headers: {'Date': 'Sat, 09 Sep 2023 06:44:23 GMT', 'Content-Type': 'application/json', 'Content-Length': '17', 'Connection': 'keep-alive', 'Keep-Alive': 'timeout=10', 'Server': 'Apache', 'Set-Cookie': 'auth_sid=02694d7e6e8b60cf477c780fc284130fd286e517b0d6e3e5ae0f08f83b87b677', 'x-csrf-token': 'efd86fa9ecb4a0a4dead02b79d75d4c9e2c0de73d286e517b0d6e3e5ae0f08f83b87b677', 'Cache-Control': 'max-age=0', 'Expires': 'Sat, 09 Sep 2023 06:44:23 GMT'}
Response cookies: {'auth_sid': '02694d7e6e8b60cf477c780fc284130fd286e517b0d6e3e5ae0f08f83b87b677'}

-----

-----
Test: None
Time: 2023-09-09 09:44:23.112573
Request method: PUT
Request URL: https://playground.learnqa.ru/api_dev/user/78975
Request data: {'firstName': 'Changed name'}
Request headers: {'x-csrf-token': 'efd86fa9ecb4a0a4dead02b79d75d4c9e2c0de73d286e517b0d6e3e5ae0f08f83b87b677'}
Request cookies: {'auth_sid': '02694d7e6e8b60cf477c780fc284130fd286e517b0d6e3e5ae0f08f83b87b677'}

Response code: 200
Response text: 
Response headers: {'Date': 'Sat, 09 Sep 2023 06:44:23 GMT', 'Content-Type': 'text/html; charset=utf-8', 'Content-Length': '0', 'Connection': 'keep-alive', 'Keep-Alive': 'timeout=10', 'Server': 'Apache', 'Cache-Control': 'max-age=0', 'Expires': 'Sat, 09 Sep 2023 06:44:23 GMT'}
Response cookies: {}

-----

-----
Test: None
Time: 2023-09-09 09:44:23.837483
Request method: GET
Request URL: https://playground.learnqa.ru/api_dev/user/78975
Request data: None
Request headers: {'x-csrf-token': 'efd86fa9ecb4a0a4dead02b79d75d4c9e2c0de73d286e517b0d6e3e5ae0f08f83b87b677'}
Request cookies: {'auth_sid': '02694d7e6e8b60cf477c780fc284130fd286e517b0d6e3e5ae0f08f83b87b677'}

Response code: 200
Response text: {"id":"78975","username":"learnqa","email":"learnqa09092023094422@example.com","firstName":"Changed name","lastName":"learnqa"}
Response headers: {'Date': 'Sat, 09 Sep 2023 06:44:24 GMT', 'Content-Type': 'application/json', 'Transfer-Encoding': 'chunked', 'Connection': 'keep-alive', 'Keep-Alive': 'timeout=10', 'Vary': 'Accept-Encoding', 'Server': 'Apache', 'Cache-Control': 'max-age=0', 'Expires': 'Sat, 09 Sep 2023 06:44:24 GMT', 'Content-Encoding': 'gzip'}
Response cookies: {}

-----

-----
Test: None
Time: 2023-09-09 09:44:24.480319
Request method: POST
Request URL: https://playground.learnqa.ru/api_dev/user/
Request data: {'password': '1234', 'username': 'learnqa', 'firstName': 'learnqa', 'lastName': 'learnqa', 'email': 'learnqa09092023094424@example.com'}
Request headers: {}
Request cookies: {}

Response code: 200
Response text: {"id":"78976"}
Response headers: {'Date': 'Sat, 09 Sep 2023 06:44:25 GMT', 'Content-Type': 'application/json', 'Content-Length': '14', 'Connection': 'keep-alive', 'Keep-Alive': 'timeout=10', 'Server': 'Apache', 'Cache-Control': 'max-age=0', 'Expires': 'Sat, 09 Sep 2023 06:44:24 GMT'}
Response cookies: {}

-----

-----
Test: None
Time: 2023-09-09 09:44:25.117571
Request method: PUT
Request URL: https://playground.learnqa.ru/api_dev/user/78631
Request data: {'lastName': 'Changed last name'}
Request headers: {}
Request cookies: {}

Response code: 400
Response text: Auth token not supplied
Response headers: {'Date': 'Sat, 09 Sep 2023 06:44:25 GMT', 'Content-Type': 'text/html; charset=utf-8', 'Content-Length': '23', 'Connection': 'keep-alive', 'Keep-Alive': 'timeout=10', 'Server': 'Apache'}
Response cookies: {}

-----

-----
Test: None
Time: 2023-09-09 09:44:25.862556
Request method: POST
Request URL: https://playground.learnqa.ru/api_dev/user/login
Request data: {'email': 'learnqa09092023094424@example.com', 'password': '1234'}
Request headers: {}
Request cookies: {}

Response code: 200
Response text: {"user_id":78976}
Response headers: {'Date': 'Sat, 09 Sep 2023 06:44:26 GMT', 'Content-Type': 'application/json', 'Content-Length': '17', 'Connection': 'keep-alive', 'Keep-Alive': 'timeout=10', 'Server': 'Apache', 'Set-Cookie': 'auth_sid=3ec59d42f0afbd5c67ad7973fa00a7b8844a0b7c5aa93f1af8dd8a534f1575b6', 'x-csrf-token': '1dc5abf8b6da91b8b78f5d92d88e4fd6b0492afe844a0b7c5aa93f1af8dd8a534f1575b6', 'Cache-Control': 'max-age=0', 'Expires': 'Sat, 09 Sep 2023 06:44:26 GMT'}
Response cookies: {'auth_sid': '3ec59d42f0afbd5c67ad7973fa00a7b8844a0b7c5aa93f1af8dd8a534f1575b6'}

-----

-----
Test: None
Time: 2023-09-09 09:44:26.112556
Request method: GET
Request URL: https://playground.learnqa.ru/api_dev/user/78976
Request data: None
Request headers: {'x-csrf-token': '1dc5abf8b6da91b8b78f5d92d88e4fd6b0492afe844a0b7c5aa93f1af8dd8a534f1575b6'}
Request cookies: {'auth_sid': '3ec59d42f0afbd5c67ad7973fa00a7b8844a0b7c5aa93f1af8dd8a534f1575b6'}

Response code: 200
Response text: {"id":"78976","username":"learnqa","email":"learnqa09092023094424@example.com","firstName":"learnqa","lastName":"learnqa"}
Response headers: {'Date': 'Sat, 09 Sep 2023 06:44:26 GMT', 'Content-Type': 'application/json', 'Transfer-Encoding': 'chunked', 'Connection': 'keep-alive', 'Keep-Alive': 'timeout=10', 'Vary': 'Accept-Encoding', 'Server': 'Apache', 'Cache-Control': 'max-age=0', 'Expires': 'Sat, 09 Sep 2023 06:44:26 GMT', 'Content-Encoding': 'gzip'}
Response cookies: {}

-----

-----
Test: None
Time: 2023-09-09 09:44:26.864655
Request method: POST
Request URL: https://playground.learnqa.ru/api_dev/user/
Request data: {'password': '1234', 'username': 'learnqa', 'firstName': 'learnqa', 'lastName': 'learnqa', 'email': 'LBubFzoxB@example.com'}
Request headers: {}
Request cookies: {}

Response code: 200
Response text: {"id":"78977"}
Response headers: {'Date': 'Sat, 09 Sep 2023 06:44:27 GMT', 'Content-Type': 'application/json', 'Content-Length': '14', 'Connection': 'keep-alive', 'Keep-Alive': 'timeout=10', 'Server': 'Apache', 'Cache-Control': 'max-age=0', 'Expires': 'Sat, 09 Sep 2023 06:44:27 GMT'}
Response cookies: {}

-----

-----
Test: None
Time: 2023-09-09 09:44:27.564511
Request method: POST
Request URL: https://playground.learnqa.ru/api_dev/user/
Request data: {'password': '1234', 'username': 'learnqa', 'firstName': 'learnqa', 'lastName': 'learnqa', 'email': 'mlxRyJGESr@example.com'}
Request headers: {}
Request cookies: {}

Response code: 200
Response text: {"id":"78978"}
Response headers: {'Date': 'Sat, 09 Sep 2023 06:44:28 GMT', 'Content-Type': 'application/json', 'Content-Length': '14', 'Connection': 'keep-alive', 'Keep-Alive': 'timeout=10', 'Server': 'Apache', 'Cache-Control': 'max-age=0', 'Expires': 'Sat, 09 Sep 2023 06:44:27 GMT'}
Response cookies: {}

-----

-----
Test: None
Time: 2023-09-09 09:44:28.274033
Request method: POST
Request URL: https://playground.learnqa.ru/api_dev/user/login
Request data: {'email': 'mlxRyJGESr@example.com', 'password': '1234'}
Request headers: {}
Request cookies: {}

Response code: 200
Response text: {"user_id":78978}
Response headers: {'Date': 'Sat, 09 Sep 2023 06:44:28 GMT', 'Content-Type': 'application/json', 'Content-Length': '17', 'Connection': 'keep-alive', 'Keep-Alive': 'timeout=10', 'Server': 'Apache', 'Set-Cookie': 'auth_sid=a8a5805cb952f00786e29dfdec94ba1d0f8d0e9a50427671422ebf7952e3ce96', 'x-csrf-token': 'f99e3dbe19dab2eea366dd7309bb6389205c59b30f8d0e9a50427671422ebf7952e3ce96', 'Cache-Control': 'max-age=0', 'Expires': 'Sat, 09 Sep 2023 06:44:28 GMT'}
Response cookies: {'auth_sid': 'a8a5805cb952f00786e29dfdec94ba1d0f8d0e9a50427671422ebf7952e3ce96'}

-----

-----
Test: None
Time: 2023-09-09 09:44:28.432166
Request method: PUT
Request URL: https://playground.learnqa.ru/api_dev/user/78977
Request data: {'firstName': 'Test name'}
Request headers: {'x-csrf-token': 'f99e3dbe19dab2eea366dd7309bb6389205c59b30f8d0e9a50427671422ebf7952e3ce96'}
Request cookies: {'auth_sid': 'a8a5805cb952f00786e29dfdec94ba1d0f8d0e9a50427671422ebf7952e3ce96'}

Response code: 200
Response text: 
Response headers: {'Date': 'Sat, 09 Sep 2023 06:44:29 GMT', 'Content-Type': 'text/html; charset=utf-8', 'Content-Length': '0', 'Connection': 'keep-alive', 'Keep-Alive': 'timeout=10', 'Server': 'Apache', 'Cache-Control': 'max-age=0', 'Expires': 'Sat, 09 Sep 2023 06:44:28 GMT'}
Response cookies: {}

-----

-----
Test: None
Time: 2023-09-09 09:44:29.168811
Request method: POST
Request URL: https://playground.learnqa.ru/api_dev/user/login
Request data: {'email': 'LBubFzoxB@example.com', 'password': '1234'}
Request headers: {}
Request cookies: {}

Response code: 200
Response text: {"user_id":78977}
Response headers: {'Date': 'Sat, 09 Sep 2023 06:44:29 GMT', 'Content-Type': 'application/json', 'Content-Length': '17', 'Connection': 'keep-alive', 'Keep-Alive': 'timeout=10', 'Server': 'Apache', 'Set-Cookie': 'auth_sid=bf47839273bc450969ae7450cb0d2cdd068242b85d2547c36c499596d45c5b1d', 'x-csrf-token': 'ba471420abc0e413b503993d372b0ca18923c1c7068242b85d2547c36c499596d45c5b1d', 'Cache-Control': 'max-age=0', 'Expires': 'Sat, 09 Sep 2023 06:44:29 GMT'}
Response cookies: {'auth_sid': 'bf47839273bc450969ae7450cb0d2cdd068242b85d2547c36c499596d45c5b1d'}

-----

-----
Test: None
Time: 2023-09-09 09:44:29.340686
Request method: GET
Request URL: https://playground.learnqa.ru/api_dev/user/78977
Request data: None
Request headers: {'x-csrf-token': 'ba471420abc0e413b503993d372b0ca18923c1c7068242b85d2547c36c499596d45c5b1d'}
Request cookies: {'auth_sid': 'bf47839273bc450969ae7450cb0d2cdd068242b85d2547c36c499596d45c5b1d'}

Response code: 200
Response text: {"id":"78977","username":"learnqa","email":"LBubFzoxB@example.com","firstName":"learnqa","lastName":"learnqa"}
Response headers: {'Date': 'Sat, 09 Sep 2023 06:44:30 GMT', 'Content-Type': 'application/json', 'Transfer-Encoding': 'chunked', 'Connection': 'keep-alive', 'Keep-Alive': 'timeout=10', 'Vary': 'Accept-Encoding', 'Server': 'Apache', 'Cache-Control': 'max-age=0', 'Expires': 'Sat, 09 Sep 2023 06:44:29 GMT', 'Content-Encoding': 'gzip'}
Response cookies: {}

-----

-----
Test: None
Time: 2023-09-09 09:44:30.141677
Request method: POST
Request URL: https://playground.learnqa.ru/api_dev/user/
Request data: {'password': '1234', 'username': 'learnqa', 'firstName': 'learnqa', 'lastName': 'learnqa', 'email': 'learnqa09092023094430@example.com'}
Request headers: {}
Request cookies: {}

Response code: 200
Response text: {"id":"78979"}
Response headers: {'Date': 'Sat, 09 Sep 2023 06:44:30 GMT', 'Content-Type': 'application/json', 'Content-Length': '14', 'Connection': 'keep-alive', 'Keep-Alive': 'timeout=10', 'Server': 'Apache', 'Cache-Control': 'max-age=0', 'Expires': 'Sat, 09 Sep 2023 06:44:30 GMT'}
Response cookies: {}

-----

-----
Test: None
Time: 2023-09-09 09:44:30.783178
Request method: POST
Request URL: https://playground.learnqa.ru/api_dev/user/login
Request data: {'email': 'learnqa09092023094430@example.com', 'password': '1234'}
Request headers: {}
Request cookies: {}

Response code: 200
Response text: {"user_id":78979}
Response headers: {'Date': 'Sat, 09 Sep 2023 06:44:31 GMT', 'Content-Type': 'application/json', 'Content-Length': '17', 'Connection': 'keep-alive', 'Keep-Alive': 'timeout=10', 'Server': 'Apache', 'Set-Cookie': 'auth_sid=ca1b87de54948456e5f70cce62bafddc563fc4476c4d845c03f17c943a4233f5', 'x-csrf-token': '8df678e8cd7ff5b964c3342b3084bb3db236a1ea563fc4476c4d845c03f17c943a4233f5', 'Cache-Control': 'max-age=0', 'Expires': 'Sat, 09 Sep 2023 06:44:31 GMT'}
Response cookies: {'auth_sid': 'ca1b87de54948456e5f70cce62bafddc563fc4476c4d845c03f17c943a4233f5'}

-----

-----
Test: None
Time: 2023-09-09 09:44:30.986291
Request method: PUT
Request URL: https://playground.learnqa.ru/api_dev/user/78979
Request data: {'email': 'testexample.com'}
Request headers: {'x-csrf-token': '8df678e8cd7ff5b964c3342b3084bb3db236a1ea563fc4476c4d845c03f17c943a4233f5'}
Request cookies: {'auth_sid': 'ca1b87de54948456e5f70cce62bafddc563fc4476c4d845c03f17c943a4233f5'}

Response code: 400
Response text: Invalid email format
Response headers: {'Date': 'Sat, 09 Sep 2023 06:44:31 GMT', 'Content-Type': 'text/html; charset=utf-8', 'Content-Length': '20', 'Connection': 'keep-alive', 'Keep-Alive': 'timeout=10', 'Server': 'Apache'}
Response cookies: {}

-----

-----
Test: None
Time: 2023-09-09 09:44:31.762482
Request method: GET
Request URL: https://playground.learnqa.ru/api_dev/user/78979
Request data: None
Request headers: {'x-csrf-token': '8df678e8cd7ff5b964c3342b3084bb3db236a1ea563fc4476c4d845c03f17c943a4233f5'}
Request cookies: {'auth_sid': 'ca1b87de54948456e5f70cce62bafddc563fc4476c4d845c03f17c943a4233f5'}

Response code: 200
Response text: {"id":"78979","username":"learnqa","email":"learnqa09092023094430@example.com","firstName":"learnqa","lastName":"learnqa"}
Response headers: {'Date': 'Sat, 09 Sep 2023 06:44:32 GMT', 'Content-Type': 'application/json', 'Transfer-Encoding': 'chunked', 'Connection': 'keep-alive', 'Keep-Alive': 'timeout=10', 'Vary': 'Accept-Encoding', 'Server': 'Apache', 'Cache-Control': 'max-age=0', 'Expires': 'Sat, 09 Sep 2023 06:44:32 GMT', 'Content-Encoding': 'gzip'}
Response cookies: {}

-----

-----
Test: None
Time: 2023-09-09 09:44:32.398794
Request method: POST
Request URL: https://playground.learnqa.ru/api_dev/user/
Request data: {'password': '1234', 'username': 'learnqa', 'firstName': 'learnqa', 'lastName': 'learnqa', 'email': 'learnqa09092023094432@example.com'}
Request headers: {}
Request cookies: {}

Response code: 200
Response text: {"id":"78980"}
Response headers: {'Date': 'Sat, 09 Sep 2023 06:44:33 GMT', 'Content-Type': 'application/json', 'Content-Length': '14', 'Connection': 'keep-alive', 'Keep-Alive': 'timeout=10', 'Server': 'Apache', 'Cache-Control': 'max-age=0', 'Expires': 'Sat, 09 Sep 2023 06:44:32 GMT'}
Response cookies: {}

-----

-----
Test: None
Time: 2023-09-09 09:44:33.090111
Request method: POST
Request URL: https://playground.learnqa.ru/api_dev/user/login
Request data: {'email': 'learnqa09092023094432@example.com', 'password': '1234'}
Request headers: {}
Request cookies: {}

Response code: 200
Response text: {"user_id":78980}
Response headers: {'Date': 'Sat, 09 Sep 2023 06:44:33 GMT', 'Content-Type': 'application/json', 'Content-Length': '17', 'Connection': 'keep-alive', 'Keep-Alive': 'timeout=10', 'Server': 'Apache', 'Set-Cookie': 'auth_sid=630567f16154b0d019bbe80be8656017ca7e2c1659908f60d4b9e27142adc3e1', 'x-csrf-token': '7f1047344e76d9f2fa1df2f14ff5de905c271140ca7e2c1659908f60d4b9e27142adc3e1', 'Cache-Control': 'max-age=0', 'Expires': 'Sat, 09 Sep 2023 06:44:33 GMT'}
Response cookies: {'auth_sid': '630567f16154b0d019bbe80be8656017ca7e2c1659908f60d4b9e27142adc3e1'}

-----

-----
Test: None
Time: 2023-09-09 09:44:33.218677
Request method: PUT
Request URL: https://playground.learnqa.ru/api_dev/user/78980
Request data: {'firstName': 'x'}
Request headers: {'x-csrf-token': '7f1047344e76d9f2fa1df2f14ff5de905c271140ca7e2c1659908f60d4b9e27142adc3e1'}
Request cookies: {'auth_sid': '630567f16154b0d019bbe80be8656017ca7e2c1659908f60d4b9e27142adc3e1'}

Response code: 400
Response text: {"error":"Too short value for field firstName"}
Response headers: {'Date': 'Sat, 09 Sep 2023 06:44:34 GMT', 'Content-Type': 'application/json', 'Content-Length': '47', 'Connection': 'keep-alive', 'Keep-Alive': 'timeout=10', 'Server': 'Apache'}
Response cookies: {}

-----

-----
Test: None
Time: 2023-09-09 09:44:33.947949
Request method: GET
Request URL: https://playground.learnqa.ru/api_dev/user/78980
Request data: None
Request headers: {'x-csrf-token': '7f1047344e76d9f2fa1df2f14ff5de905c271140ca7e2c1659908f60d4b9e27142adc3e1'}
Request cookies: {'auth_sid': '630567f16154b0d019bbe80be8656017ca7e2c1659908f60d4b9e27142adc3e1'}

Response code: 200
Response text: {"id":"78980","username":"learnqa","email":"learnqa09092023094432@example.com","firstName":"learnqa","lastName":"learnqa"}
Response headers: {'Date': 'Sat, 09 Sep 2023 06:44:34 GMT', 'Content-Type': 'application/json', 'Transfer-Encoding': 'chunked', 'Connection': 'keep-alive', 'Keep-Alive': 'timeout=10', 'Vary': 'Accept-Encoding', 'Server': 'Apache', 'Cache-Control': 'max-age=0', 'Expires': 'Sat, 09 Sep 2023 06:44:34 GMT', 'Content-Encoding': 'gzip'}
Response cookies: {}

-----

-----
Test: None
Time: 2023-09-09 09:44:34.584192
Request method: GET
Request URL: https://playground.learnqa.ru/api_dev/user/2
Request data: None
Request headers: {}
Request cookies: {}

Response code: 200
Response text: {"username":"Vitaliy"}
Response headers: {'Date': 'Sat, 09 Sep 2023 06:44:35 GMT', 'Content-Type': 'application/json', 'Transfer-Encoding': 'chunked', 'Connection': 'keep-alive', 'Keep-Alive': 'timeout=10', 'Vary': 'Accept-Encoding', 'Server': 'Apache', 'Cache-Control': 'max-age=0', 'Expires': 'Sat, 09 Sep 2023 06:44:34 GMT', 'Content-Encoding': 'gzip'}
Response cookies: {}

-----

-----
Test: None
Time: 2023-09-09 09:44:35.380158
Request method: POST
Request URL: https://playground.learnqa.ru/api_dev/user/login
Request data: {'email': 'vinkotov@example.com', 'password': '1234'}
Request headers: {}
Request cookies: {}

Response code: 200
Response text: {"user_id":2}
Response headers: {'Date': 'Sat, 09 Sep 2023 06:44:35 GMT', 'Content-Type': 'application/json', 'Content-Length': '13', 'Connection': 'keep-alive', 'Keep-Alive': 'timeout=10', 'Server': 'Apache', 'Set-Cookie': 'auth_sid=4b929cb400723241ad36b9453b13dc5402e94918f1549272bcf2cafc2634fd9d', 'x-csrf-token': 'eb3d40c95e9f4901784df91afb078bb9dd7c01e302e94918f1549272bcf2cafc2634fd9d', 'Cache-Control': 'max-age=0', 'Expires': 'Sat, 09 Sep 2023 06:44:35 GMT'}
Response cookies: {'auth_sid': '4b929cb400723241ad36b9453b13dc5402e94918f1549272bcf2cafc2634fd9d'}

-----

-----
Test: None
Time: 2023-09-09 09:44:35.580694
Request method: GET
Request URL: https://playground.learnqa.ru/api_dev/user/2
Request data: None
Request headers: {'x-csrf-token': 'eb3d40c95e9f4901784df91afb078bb9dd7c01e302e94918f1549272bcf2cafc2634fd9d'}
Request cookies: {'auth_sid': '4b929cb400723241ad36b9453b13dc5402e94918f1549272bcf2cafc2634fd9d'}

Response code: 200
Response text: {"id":"2","username":"Vitaliy","email":"vinkotov@example.com","firstName":"Vitalii","lastName":"Kotov"}
Response headers: {'Date': 'Sat, 09 Sep 2023 06:44:36 GMT', 'Content-Type': 'application/json', 'Transfer-Encoding': 'chunked', 'Connection': 'keep-alive', 'Keep-Alive': 'timeout=10', 'Vary': 'Accept-Encoding', 'Server': 'Apache', 'Cache-Control': 'max-age=0', 'Expires': 'Sat, 09 Sep 2023 06:44:35 GMT', 'Content-Encoding': 'gzip'}
Response cookies: {}

-----

-----
Test: None
Time: 2023-09-09 09:44:36.398888
Request method: POST
Request URL: https://playground.learnqa.ru/api_dev/user/login
Request data: {'email': 'vinkotov@example.com', 'password': '1234'}
Request headers: {}
Request cookies: {}

Response code: 200
Response text: {"user_id":2}
Response headers: {'Date': 'Sat, 09 Sep 2023 06:44:36 GMT', 'Content-Type': 'application/json', 'Content-Length': '13', 'Connection': 'keep-alive', 'Keep-Alive': 'timeout=10', 'Server': 'Apache', 'Set-Cookie': 'auth_sid=a7845a1a9576b6c15cc3623ac0330c8f02e94918f1549272bcf2cafc2634fd9d', 'x-csrf-token': '8df49878ec0d850063a125913e88d0c2f12e6b1002e94918f1549272bcf2cafc2634fd9d', 'Cache-Control': 'max-age=0', 'Expires': 'Sat, 09 Sep 2023 06:44:36 GMT'}
Response cookies: {'auth_sid': 'a7845a1a9576b6c15cc3623ac0330c8f02e94918f1549272bcf2cafc2634fd9d'}

-----

-----
Test: None
Time: 2023-09-09 09:44:36.533259
Request method: GET
Request URL: https://playground.learnqa.ru/api_dev/user/1
Request data: None
Request headers: {'x-csrf-token': '8df49878ec0d850063a125913e88d0c2f12e6b1002e94918f1549272bcf2cafc2634fd9d'}
Request cookies: {'auth_sid': 'a7845a1a9576b6c15cc3623ac0330c8f02e94918f1549272bcf2cafc2634fd9d'}

Response code: 200
Response text: {"username":"Lana"}
Response headers: {'Date': 'Sat, 09 Sep 2023 06:44:37 GMT', 'Content-Type': 'application/json', 'Content-Length': '19', 'Connection': 'keep-alive', 'Keep-Alive': 'timeout=10', 'Server': 'Apache', 'Cache-Control': 'max-age=0', 'Expires': 'Sat, 09 Sep 2023 06:44:36 GMT'}
Response cookies: {}

-----

-----
Test: None
Time: 2023-09-09 09:44:37.285134
Request method: POST
Request URL: https://playground.learnqa.ru/api_dev/user/
Request data: {'password': '1234', 'username': 'learnqa', 'firstName': 'learnqa', 'lastName': 'learnqa', 'email': 'learnqa09092023094437@example.com'}
Request headers: {}
Request cookies: {}

Response code: 200
Response text: {"id":"78981"}
Response headers: {'Date': 'Sat, 09 Sep 2023 06:44:38 GMT', 'Content-Type': 'application/json', 'Content-Length': '14', 'Connection': 'keep-alive', 'Keep-Alive': 'timeout=10', 'Server': 'Apache', 'Cache-Control': 'max-age=0', 'Expires': 'Sat, 09 Sep 2023 06:44:37 GMT'}
Response cookies: {}

-----

-----
Test: None
Time: 2023-09-09 09:44:37.983159
Request method: POST
Request URL: https://playground.learnqa.ru/api_dev/user/
Request data: {'password': '1234', 'username': 'learnqa', 'firstName': 'learnqa', 'lastName': 'learnqa', 'email': 'vinkotov@example.com'}
Request headers: {}
Request cookies: {}

Response code: 400
Response text: Users with email 'vinkotov@example.com' already exists
Response headers: {'Date': 'Sat, 09 Sep 2023 06:44:38 GMT', 'Content-Type': 'text/html; charset=utf-8', 'Content-Length': '54', 'Connection': 'keep-alive', 'Keep-Alive': 'timeout=10', 'Server': 'Apache'}
Response cookies: {}

-----

-----
Test: None
Time: 2023-09-09 09:44:38.636966
Request method: POST
Request URL: https://playground.learnqa.ru/api_dev/user/
Request data: {'password': '1234', 'username': 'learnqa', 'firstName': 'learnqa', 'lastName': 'learnqa', 'email': 'testexample.com'}
Request headers: {}
Request cookies: {}

Response code: 400
Response text: Invalid email format
Response headers: {'Date': 'Sat, 09 Sep 2023 06:44:39 GMT', 'Content-Type': 'text/html; charset=utf-8', 'Content-Length': '20', 'Connection': 'keep-alive', 'Keep-Alive': 'timeout=10', 'Server': 'Apache'}
Response cookies: {}

-----

-----
Test: None
Time: 2023-09-09 09:44:39.317556
Request method: POST
Request URL: https://playground.learnqa.ru/api_dev/user/
Request data: {'password': None, 'username': 'bot', 'firstName': 'bot_fname', 'lastName': 'bot_lname', 'email': 'bot@example.com'}
Request headers: {}
Request cookies: {}

Response code: 400
Response text: The following required params are missed: password
Response headers: {'Date': 'Sat, 09 Sep 2023 06:44:40 GMT', 'Content-Type': 'text/html; charset=utf-8', 'Content-Length': '50', 'Connection': 'keep-alive', 'Keep-Alive': 'timeout=10', 'Server': 'Apache'}
Response cookies: {}

-----

-----
Test: None
Time: 2023-09-09 09:44:39.981914
Request method: POST
Request URL: https://playground.learnqa.ru/api_dev/user/
Request data: {'password': '1234', 'username': None, 'firstName': 'bot_fname', 'lastName': 'bot_lname', 'email': 'bot@example.com'}
Request headers: {}
Request cookies: {}

Response code: 400
Response text: The following required params are missed: username
Response headers: {'Date': 'Sat, 09 Sep 2023 06:44:40 GMT', 'Content-Type': 'text/html; charset=utf-8', 'Content-Length': '50', 'Connection': 'keep-alive', 'Keep-Alive': 'timeout=10', 'Server': 'Apache'}
Response cookies: {}

-----

-----
Test: None
Time: 2023-09-09 09:44:40.665299
Request method: POST
Request URL: https://playground.learnqa.ru/api_dev/user/
Request data: {'password': '1234', 'username': 'bot', 'firstName': None, 'lastName': 'bot_lname', 'email': 'bot@example.com'}
Request headers: {}
Request cookies: {}

Response code: 400
Response text: The following required params are missed: firstName
Response headers: {'Date': 'Sat, 09 Sep 2023 06:44:41 GMT', 'Content-Type': 'text/html; charset=utf-8', 'Content-Length': '51', 'Connection': 'keep-alive', 'Keep-Alive': 'timeout=10', 'Server': 'Apache'}
Response cookies: {}

-----

-----
Test: None
Time: 2023-09-09 09:44:41.418350
Request method: POST
Request URL: https://playground.learnqa.ru/api_dev/user/
Request data: {'password': '1234', 'username': 'bot', 'firstName': 'bot_fname', 'lastName': None, 'email': 'bot@example.com'}
Request headers: {}
Request cookies: {}

Response code: 400
Response text: The following required params are missed: lastName
Response headers: {'Date': 'Sat, 09 Sep 2023 06:44:42 GMT', 'Content-Type': 'text/html; charset=utf-8', 'Content-Length': '50', 'Connection': 'keep-alive', 'Keep-Alive': 'timeout=10', 'Server': 'Apache'}
Response cookies: {}

-----

-----
Test: None
Time: 2023-09-09 09:44:42.074042
Request method: POST
Request URL: https://playground.learnqa.ru/api_dev/user/
Request data: {'password': '1234', 'username': 'bot', 'firstName': 'bot_fname', 'lastName': 'bot_lname', 'email': None}
Request headers: {}
Request cookies: {}

Response code: 400
Response text: The following required params are missed: email
Response headers: {'Date': 'Sat, 09 Sep 2023 06:44:42 GMT', 'Content-Type': 'text/html; charset=utf-8', 'Content-Length': '47', 'Connection': 'keep-alive', 'Keep-Alive': 'timeout=10', 'Server': 'Apache'}
Response cookies: {}

-----

-----
Test: None
Time: 2023-09-09 09:44:42.750817
Request method: POST
Request URL: https://playground.learnqa.ru/api_dev/user/
Request data: {'password': '1234', 'username': 'learnqa', 'firstName': 'x', 'lastName': 'learnqa', 'email': 'learnqa09092023094442@example.com'}
Request headers: {}
Request cookies: {}

Response code: 400
Response text: The value of 'firstName' field is too short
Response headers: {'Date': 'Sat, 09 Sep 2023 06:44:43 GMT', 'Content-Type': 'text/html; charset=utf-8', 'Content-Length': '43', 'Connection': 'keep-alive', 'Keep-Alive': 'timeout=10', 'Server': 'Apache'}
Response cookies: {}

-----

-----
Test: None
Time: 2023-09-09 09:44:43.466484
Request method: POST
Request URL: https://playground.learnqa.ru/api_dev/user/
Request data: {'password': '1234', 'username': 'learnqa', 'firstName': 'msRtaOvHhWNiidOdZLxWobSLOHcbYRnwSDqvnUBdzgCISoagIbHPcvAuqXHJyRVCTRFLocRKxXNSxurQybEutEhVfHfvMOmhsECcuYhcwfxBWjNlzJOOUSztHCfXqQwcdiHMYvtdLBSIyePrFDLWgnwUhtmuaAgtYcVYFAtDJrvGLKqBKzuEuGXMzKPJJbyRNCslqUCSFKIABDxMaASVVwhGAhJwaRlidNQBLfJCeKZuqRLmcAqkmqQpDrx', 'lastName': 'learnqa', 'email': 'learnqa09092023094443@example.com'}
Request headers: {}
Request cookies: {}

Response code: 400
Response text: The value of 'firstName' field is too long
Response headers: {'Date': 'Sat, 09 Sep 2023 06:44:44 GMT', 'Content-Type': 'text/html; charset=utf-8', 'Content-Length': '42', 'Connection': 'keep-alive', 'Keep-Alive': 'timeout=10', 'Server': 'Apache'}
Response cookies: {}

-----
