
-----
Test: None
Time: 2023-09-09 11:49:40.164608
Request method: POST
Request URL: https://playground.learnqa.ru/api_dev/user/
Request data: {'password': '1234', 'username': 'learnqa', 'firstName': 'learnqa', 'lastName': 'learnqa', 'email': 'learnqa09092023114940@example.com'}
Request headers: {}
Request cookies: {}

Response code: 200
Response text: {"id":"78988"}
Response headers: {'Date': 'Sat, 09 Sep 2023 08:49:41 GMT', 'Content-Type': 'application/json', 'Content-Length': '14', 'Connection': 'keep-alive', 'Keep-Alive': 'timeout=10', 'Server': 'Apache', 'Cache-Control': 'max-age=0', 'Expires': 'Sat, 09 Sep 2023 08:49:40 GMT'}
Response cookies: {}

-----

-----
Test: None
Time: 2023-09-09 11:49:40.901864
Request method: POST
Request URL: https://playground.learnqa.ru/api_dev/user/login
Request data: {'email': 'learnqa09092023114940@example.com', 'password': '1234'}
Request headers: {}
Request cookies: {}

Response code: 200
Response text: {"user_id":78988}
Response headers: {'Date': 'Sat, 09 Sep 2023 08:49:41 GMT', 'Content-Type': 'application/json', 'Content-Length': '17', 'Connection': 'keep-alive', 'Keep-Alive': 'timeout=10', 'Server': 'Apache', 'Set-Cookie': 'auth_sid=200735c8a96bb2b6c76affca3a4838e628183b86a9fd80b64d741043b08ec5e8', 'x-csrf-token': '4c632cef950ddb793e2801657729450b8dc84c4828183b86a9fd80b64d741043b08ec5e8', 'Cache-Control': 'max-age=0', 'Expires': 'Sat, 09 Sep 2023 08:49:41 GMT'}
Response cookies: {'auth_sid': '200735c8a96bb2b6c76affca3a4838e628183b86a9fd80b64d741043b08ec5e8'}

-----

-----
Test: None
Time: 2023-09-09 11:49:41.074331
Request method: DELETE
Request URL: https://playground.learnqa.ru/api_dev/user/78988
Request data: None
Request headers: {'x-csrf-token': '4c632cef950ddb793e2801657729450b8dc84c4828183b86a9fd80b64d741043b08ec5e8'}
Request cookies: {'auth_sid': '200735c8a96bb2b6c76affca3a4838e628183b86a9fd80b64d741043b08ec5e8'}

Response code: 200
Response text: 
Response headers: {'Date': 'Sat, 09 Sep 2023 08:49:42 GMT', 'Content-Type': 'text/html; charset=utf-8', 'Content-Length': '0', 'Connection': 'keep-alive', 'Keep-Alive': 'timeout=10', 'Server': 'Apache', 'Cache-Control': 'max-age=0', 'Expires': 'Sat, 09 Sep 2023 08:49:41 GMT'}
Response cookies: {}

-----

-----
Test: None
Time: 2023-09-09 11:49:41.809383
Request method: GET
Request URL: https://playground.learnqa.ru/api_dev/user/78988
Request data: None
Request headers: {'x-csrf-token': '4c632cef950ddb793e2801657729450b8dc84c4828183b86a9fd80b64d741043b08ec5e8'}
Request cookies: {'auth_sid': '200735c8a96bb2b6c76affca3a4838e628183b86a9fd80b64d741043b08ec5e8'}

Response code: 404
Response text: User not found
Response headers: {'Date': 'Sat, 09 Sep 2023 08:49:42 GMT', 'Content-Type': 'text/html; charset=utf-8', 'Content-Length': '14', 'Connection': 'keep-alive', 'Keep-Alive': 'timeout=10', 'Server': 'Apache'}
Response cookies: {}

-----
