
-----
Test: None
Time: 2023-09-09 11:45:59.057848
Request method: POST
Request URL: https://playground.learnqa.ru/api_dev/user/
Request data: {'password': '1234', 'username': 'learnqa', 'firstName': 'learnqa', 'lastName': 'learnqa', 'email': 'learnqa09092023114559@example.com'}
Request headers: {}
Request cookies: {}

Response code: 200
Response text: {"id":"78984"}
Response headers: {'Date': 'Sat, 09 Sep 2023 08:46:00 GMT', 'Content-Type': 'application/json', 'Content-Length': '14', 'Connection': 'keep-alive', 'Keep-Alive': 'timeout=10', 'Server': 'Apache', 'Cache-Control': 'max-age=0', 'Expires': 'Sat, 09 Sep 2023 08:45:59 GMT'}
Response cookies: {}

-----

-----
Test: None
Time: 2023-09-09 11:45:59.838612
Request method: POST
Request URL: https://playground.learnqa.ru/api_dev/user/login
Request data: {'email': 'learnqa09092023114559@example.com', 'password': '1234'}
Request headers: {}
Request cookies: {}

Response code: 200
Response text: {"user_id":78984}
Response headers: {'Date': 'Sat, 09 Sep 2023 08:46:00 GMT', 'Content-Type': 'application/json', 'Content-Length': '17', 'Connection': 'keep-alive', 'Keep-Alive': 'timeout=10', 'Server': 'Apache', 'Set-Cookie': 'auth_sid=de8ff0dc9a98332b9bc6aee7a90a0a8be38ddea02ca87be36a812b697d3eef00', 'x-csrf-token': 'c6174c61b5a1c25c3cd1d464ad849d16f92e9458e38ddea02ca87be36a812b697d3eef00', 'Cache-Control': 'max-age=0', 'Expires': 'Sat, 09 Sep 2023 08:46:00 GMT'}
Response cookies: {'auth_sid': 'de8ff0dc9a98332b9bc6aee7a90a0a8be38ddea02ca87be36a812b697d3eef00'}

-----

-----
Test: None
Time: 2023-09-09 11:45:59.994862
Request method: DELETE
Request URL: https://playground.learnqa.ru/api_dev/user/78984
Request data: None
Request headers: {'x-csrf-token': 'c6174c61b5a1c25c3cd1d464ad849d16f92e9458e38ddea02ca87be36a812b697d3eef00'}
Request cookies: {'auth_sid': 'de8ff0dc9a98332b9bc6aee7a90a0a8be38ddea02ca87be36a812b697d3eef00'}

Response code: 200
Response text: 
Response headers: {'Date': 'Sat, 09 Sep 2023 08:46:01 GMT', 'Content-Type': 'text/html; charset=utf-8', 'Content-Length': '0', 'Connection': 'keep-alive', 'Keep-Alive': 'timeout=10', 'Server': 'Apache', 'Cache-Control': 'max-age=0', 'Expires': 'Sat, 09 Sep 2023 08:46:00 GMT'}
Response cookies: {}

-----

-----
Test: None
Time: 2023-09-09 11:46:00.783864
Request method: GET
Request URL: https://playground.learnqa.ru/api_dev/user/78984
Request data: None
Request headers: {'x-csrf-token': 'c6174c61b5a1c25c3cd1d464ad849d16f92e9458e38ddea02ca87be36a812b697d3eef00'}
Request cookies: {'auth_sid': 'de8ff0dc9a98332b9bc6aee7a90a0a8be38ddea02ca87be36a812b697d3eef00'}

Response code: 404
Response text: User not found
Response headers: {'Date': 'Sat, 09 Sep 2023 08:46:01 GMT', 'Content-Type': 'text/html; charset=utf-8', 'Content-Length': '14', 'Connection': 'keep-alive', 'Keep-Alive': 'timeout=10', 'Server': 'Apache'}
Response cookies: {}

-----
