
-----
Test: None
Time: 2023-09-09 10:49:53.709784
Request method: POST
Request URL: https://playground.learnqa.ru/api_dev/user/login
Request data: {'email': 'vinkotov@example.com', 'password': '1234'}
Request headers: {}
Request cookies: {}

Response code: 200
Response text: {"user_id":2}
Response headers: {'Date': 'Sat, 09 Sep 2023 07:49:54 GMT', 'Content-Type': 'application/json', 'Content-Length': '13', 'Connection': 'keep-alive', 'Keep-Alive': 'timeout=10', 'Server': 'Apache', 'Set-Cookie': 'auth_sid=11c907f325c476084a50d56d09de233002e94918f1549272bcf2cafc2634fd9d', 'x-csrf-token': '7a99410ccf09b4d80d3f36eef2426c006f8f591d02e94918f1549272bcf2cafc2634fd9d', 'Cache-Control': 'max-age=0', 'Expires': 'Sat, 09 Sep 2023 07:49:54 GMT'}
Response cookies: {'auth_sid': '11c907f325c476084a50d56d09de233002e94918f1549272bcf2cafc2634fd9d'}

-----

-----
Test: None
Time: 2023-09-09 10:49:53.918512
Request method: DELETE
Request URL: https://playground.learnqa.ru/api_dev/user/{self.user_id_from_auth_method}
Request data: None
Request headers: {'x-csrf-token': '7a99410ccf09b4d80d3f36eef2426c006f8f591d02e94918f1549272bcf2cafc2634fd9d'}
Request cookies: {'auth_sid': '11c907f325c476084a50d56d09de233002e94918f1549272bcf2cafc2634fd9d'}

Response code: 404
Response text: This is 404 error!
<a href='/'>Home</a>
Response headers: {'Date': 'Sat, 09 Sep 2023 07:49:54 GMT', 'Content-Type': 'text/html; charset=utf-8', 'Transfer-Encoding': 'chunked', 'Connection': 'keep-alive', 'Keep-Alive': 'timeout=10', 'Vary': 'Accept-Encoding', 'Server': 'Apache', 'Content-Encoding': 'gzip'}
Response cookies: {}

-----
