
-----
Test: None
Time: 2023-09-09 10:44:07.656220
Request method: POST
Request URL: https://playground.learnqa.ru/api_dev/user/login
Request data: {'email': 'vinkotov@example.com', 'password': '1234'}
Request headers: {}
Request cookies: {}

Response code: 200
Response text: {"user_id":2}
Response headers: {'Date': 'Sat, 09 Sep 2023 07:44:08 GMT', 'Content-Type': 'application/json', 'Content-Length': '13', 'Connection': 'keep-alive', 'Keep-Alive': 'timeout=10', 'Server': 'Apache', 'Set-Cookie': 'auth_sid=8b81e040d5b1a220ef4186a3533b04b002e94918f1549272bcf2cafc2634fd9d', 'x-csrf-token': '8a6e5f17efae61c9d9790a63314f013ae06c5f3a02e94918f1549272bcf2cafc2634fd9d', 'Cache-Control': 'max-age=0', 'Expires': 'Sat, 09 Sep 2023 07:44:08 GMT'}
Response cookies: {'auth_sid': '8b81e040d5b1a220ef4186a3533b04b002e94918f1549272bcf2cafc2634fd9d'}

-----

-----
Test: None
Time: 2023-09-09 10:44:07.900028
Request method: DELETE
Request URL: https://playground.learnqa.ru/api_dev/user/{user_id_from_auth_method}
Request data: None
Request headers: {}
Request cookies: {}

Response code: 404
Response text: This is 404 error!
<a href='/'>Home</a>
Response headers: {'Date': 'Sat, 09 Sep 2023 07:44:08 GMT', 'Content-Type': 'text/html; charset=utf-8', 'Transfer-Encoding': 'chunked', 'Connection': 'keep-alive', 'Keep-Alive': 'timeout=10', 'Vary': 'Accept-Encoding', 'Server': 'Apache', 'Content-Encoding': 'gzip'}
Response cookies: {}

-----
