
-----
Test: None
Time: 2023-09-09 10:50:12.035613
Request method: POST
Request URL: https://playground.learnqa.ru/api_dev/user/login
Request data: {'email': 'vinkotov@example.com', 'password': '1234'}
Request headers: {}
Request cookies: {}

Response code: 200
Response text: {"user_id":2}
Response headers: {'Date': 'Sat, 09 Sep 2023 07:50:12 GMT', 'Content-Type': 'application/json', 'Content-Length': '13', 'Connection': 'keep-alive', 'Keep-Alive': 'timeout=10', 'Server': 'Apache', 'Set-Cookie': 'auth_sid=14d1f852d6623289b9606bc57610bfc202e94918f1549272bcf2cafc2634fd9d', 'x-csrf-token': 'cd90ba7a776877912237b1d9b36f376ac684746d02e94918f1549272bcf2cafc2634fd9d', 'Cache-Control': 'max-age=0', 'Expires': 'Sat, 09 Sep 2023 07:50:12 GMT'}
Response cookies: {'auth_sid': '14d1f852d6623289b9606bc57610bfc202e94918f1549272bcf2cafc2634fd9d'}

-----

-----
Test: None
Time: 2023-09-09 10:50:12.216320
Request method: DELETE
Request URL: https://playground.learnqa.ru/api_dev/user/{user_id_from_auth_method}
Request data: None
Request headers: {'x-csrf-token': 'cd90ba7a776877912237b1d9b36f376ac684746d02e94918f1549272bcf2cafc2634fd9d'}
Request cookies: {'auth_sid': '14d1f852d6623289b9606bc57610bfc202e94918f1549272bcf2cafc2634fd9d'}

Response code: 404
Response text: This is 404 error!
<a href='/'>Home</a>
Response headers: {'Date': 'Sat, 09 Sep 2023 07:50:12 GMT', 'Content-Type': 'text/html; charset=utf-8', 'Transfer-Encoding': 'chunked', 'Connection': 'keep-alive', 'Keep-Alive': 'timeout=10', 'Vary': 'Accept-Encoding', 'Server': 'Apache', 'Content-Encoding': 'gzip'}
Response cookies: {}

-----
