
-----
Test: None
Time: 2023-09-09 10:53:00.383327
Request method: POST
Request URL: https://playground.learnqa.ru/api_dev/user/login
Request data: {'email': 'vinkotov@example.com', 'password': '1234'}
Request headers: {}
Request cookies: {}

Response code: 200
Response text: {"user_id":2}
Response headers: {'Date': 'Sat, 09 Sep 2023 07:53:00 GMT', 'Content-Type': 'application/json', 'Content-Length': '13', 'Connection': 'keep-alive', 'Keep-Alive': 'timeout=10', 'Server': 'Apache', 'Set-Cookie': 'auth_sid=ac35cdcb60a5ab1bafd1edad9ee080ba02e94918f1549272bcf2cafc2634fd9d', 'x-csrf-token': 'ead433b2a169dd4c5d89497cb4ad1ca564e2f68e02e94918f1549272bcf2cafc2634fd9d', 'Cache-Control': 'max-age=0', 'Expires': 'Sat, 09 Sep 2023 07:53:00 GMT'}
Response cookies: {'auth_sid': 'ac35cdcb60a5ab1bafd1edad9ee080ba02e94918f1549272bcf2cafc2634fd9d'}

-----

-----
Test: None
Time: 2023-09-09 10:53:00.593654
Request method: DELETE
Request URL: https://playground.learnqa.ru/api_dev/user/f'{user_id_from_auth_method}'
Request data: None
Request headers: {'x-csrf-token': 'ead433b2a169dd4c5d89497cb4ad1ca564e2f68e02e94918f1549272bcf2cafc2634fd9d'}
Request cookies: {'auth_sid': 'ac35cdcb60a5ab1bafd1edad9ee080ba02e94918f1549272bcf2cafc2634fd9d'}

Response code: 404
Response text: This is 404 error!
<a href='/'>Home</a>
Response headers: {'Date': 'Sat, 09 Sep 2023 07:53:00 GMT', 'Content-Type': 'text/html; charset=utf-8', 'Transfer-Encoding': 'chunked', 'Connection': 'keep-alive', 'Keep-Alive': 'timeout=10', 'Vary': 'Accept-Encoding', 'Server': 'Apache', 'Content-Encoding': 'gzip'}
Response cookies: {}

-----
