
-----
Test: None
Time: 2023-09-09 11:46:44.333286
Request method: POST
Request URL: https://playground.learnqa.ru/api_dev/user/
Request data: {'password': '1234', 'username': 'learnqa', 'firstName': 'learnqa', 'lastName': 'learnqa', 'email': 'learnqa09092023114644@example.com'}
Request headers: {}
Request cookies: {}

Response code: 200
Response text: {"id":"78985"}
Response headers: {'Date': 'Sat, 09 Sep 2023 08:46:45 GMT', 'Content-Type': 'application/json', 'Content-Length': '14', 'Connection': 'keep-alive', 'Keep-Alive': 'timeout=10', 'Server': 'Apache', 'Cache-Control': 'max-age=0', 'Expires': 'Sat, 09 Sep 2023 08:46:44 GMT'}
Response cookies: {}

-----

-----
Test: None
Time: 2023-09-09 11:46:45.070087
Request method: POST
Request URL: https://playground.learnqa.ru/api_dev/user/login
Request data: {'email': 'learnqa09092023114644@example.com', 'password': '1234'}
Request headers: {}
Request cookies: {}

Response code: 200
Response text: {"user_id":78985}
Response headers: {'Date': 'Sat, 09 Sep 2023 08:46:45 GMT', 'Content-Type': 'application/json', 'Content-Length': '17', 'Connection': 'keep-alive', 'Keep-Alive': 'timeout=10', 'Server': 'Apache', 'Set-Cookie': 'auth_sid=494314cd266c7968cdf6659f5861bbcdef5a2b681eca1896317927cdc6fdd10d', 'x-csrf-token': '68aac636a0cf145b03b21fd3c613c72602a4a800ef5a2b681eca1896317927cdc6fdd10d', 'Cache-Control': 'max-age=0', 'Expires': 'Sat, 09 Sep 2023 08:46:45 GMT'}
Response cookies: {'auth_sid': '494314cd266c7968cdf6659f5861bbcdef5a2b681eca1896317927cdc6fdd10d'}

-----

-----
Test: None
Time: 2023-09-09 11:46:45.254034
Request method: DELETE
Request URL: https://playground.learnqa.ru/api_dev/user/78985
Request data: None
Request headers: {'x-csrf-token': '68aac636a0cf145b03b21fd3c613c72602a4a800ef5a2b681eca1896317927cdc6fdd10d'}
Request cookies: {'auth_sid': '494314cd266c7968cdf6659f5861bbcdef5a2b681eca1896317927cdc6fdd10d'}

Response code: 200
Response text: 
Response headers: {'Date': 'Sat, 09 Sep 2023 08:46:46 GMT', 'Content-Type': 'text/html; charset=utf-8', 'Content-Length': '0', 'Connection': 'keep-alive', 'Keep-Alive': 'timeout=10', 'Server': 'Apache', 'Cache-Control': 'max-age=0', 'Expires': 'Sat, 09 Sep 2023 08:46:45 GMT'}
Response cookies: {}

-----

-----
Test: None
Time: 2023-09-09 11:46:46.012153
Request method: GET
Request URL: https://playground.learnqa.ru/api_dev/user/78985
Request data: None
Request headers: {'x-csrf-token': '68aac636a0cf145b03b21fd3c613c72602a4a800ef5a2b681eca1896317927cdc6fdd10d'}
Request cookies: {'auth_sid': '494314cd266c7968cdf6659f5861bbcdef5a2b681eca1896317927cdc6fdd10d'}

Response code: 404
Response text: User not found
Response headers: {'Date': 'Sat, 09 Sep 2023 08:46:46 GMT', 'Content-Type': 'text/html; charset=utf-8', 'Content-Length': '14', 'Connection': 'keep-alive', 'Keep-Alive': 'timeout=10', 'Server': 'Apache'}
Response cookies: {}

-----
