
-----
Test: None
Time: 2023-09-09 10:43:51.692935
Request method: POST
Request URL: https://playground.learnqa.ru/api_dev/user/login
Request data: {'email': 'vinkotov@example.com', 'password': '1234'}
Request headers: {}
Request cookies: {}

Response code: 200
Response text: {"user_id":2}
Response headers: {'Date': 'Sat, 09 Sep 2023 07:43:52 GMT', 'Content-Type': 'application/json', 'Content-Length': '13', 'Connection': 'keep-alive', 'Keep-Alive': 'timeout=10', 'Server': 'Apache', 'Set-Cookie': 'auth_sid=baf771302b093e0eeb07cae44edea7e002e94918f1549272bcf2cafc2634fd9d', 'x-csrf-token': '9af70a1d038c77d99c3a82de54448820c33d648202e94918f1549272bcf2cafc2634fd9d', 'Cache-Control': 'max-age=0', 'Expires': 'Sat, 09 Sep 2023 07:43:52 GMT'}
Response cookies: {'auth_sid': 'baf771302b093e0eeb07cae44edea7e002e94918f1549272bcf2cafc2634fd9d'}

-----

-----
Test: None
Time: 2023-09-09 10:43:51.935618
Request method: DELETE
Request URL: https://playground.learnqa.ru/api_dev/user/2
Request data: None
Request headers: {}
Request cookies: {}

Response code: 400
Response text: Auth token not supplied
Response headers: {'Date': 'Sat, 09 Sep 2023 07:43:52 GMT', 'Content-Type': 'text/html; charset=utf-8', 'Content-Length': '23', 'Connection': 'keep-alive', 'Keep-Alive': 'timeout=10', 'Server': 'Apache'}
Response cookies: {}

-----
