
-----
Test: None
Time: 2023-09-09 12:08:10.526259
Request method: POST
Request URL: https://playground.learnqa.ru/api_dev/user/
Request data: {'password': '1234', 'username': 'learnqa', 'firstName': 'learnqa', 'lastName': 'learnqa', 'email': 'eVQGJhRdB@example.com'}
Request headers: {}
Request cookies: {}

Response code: 200
Response text: {"id":"78993"}
Response headers: {'Date': 'Sat, 09 Sep 2023 09:08:11 GMT', 'Content-Type': 'application/json', 'Content-Length': '14', 'Connection': 'keep-alive', 'Keep-Alive': 'timeout=10', 'Server': 'Apache', 'Cache-Control': 'max-age=0', 'Expires': 'Sat, 09 Sep 2023 09:08:10 GMT'}
Response cookies: {}

-----

-----
Test: None
Time: 2023-09-09 12:08:11.249795
Request method: POST
Request URL: https://playground.learnqa.ru/api_dev/user/
Request data: {'password': '1234', 'username': 'learnqa', 'firstName': 'learnqa', 'lastName': 'learnqa', 'email': 'wYCpndfILp@example.com'}
Request headers: {}
Request cookies: {}

Response code: 200
Response text: {"id":"78994"}
Response headers: {'Date': 'Sat, 09 Sep 2023 09:08:12 GMT', 'Content-Type': 'application/json', 'Content-Length': '14', 'Connection': 'keep-alive', 'Keep-Alive': 'timeout=10', 'Server': 'Apache', 'Cache-Control': 'max-age=0', 'Expires': 'Sat, 09 Sep 2023 09:08:11 GMT'}
Response cookies: {}

-----

-----
Test: None
Time: 2023-09-09 12:08:11.908517
Request method: POST
Request URL: https://playground.learnqa.ru/api_dev/user/login
Request data: {'email': 'wYCpndfILp@example.com', 'password': '1234'}
Request headers: {}
Request cookies: {}

Response code: 200
Response text: {"user_id":78994}
Response headers: {'Date': 'Sat, 09 Sep 2023 09:08:12 GMT', 'Content-Type': 'application/json', 'Content-Length': '17', 'Connection': 'keep-alive', 'Keep-Alive': 'timeout=10', 'Server': 'Apache', 'Set-Cookie': 'auth_sid=72cd5bdbd67381cb6fa3c3f262d313a4ab3bbf80070feadc84a01b0d498fa160', 'x-csrf-token': '1848c44be32d136cf24491cea4a7138c8adae056ab3bbf80070feadc84a01b0d498fa160', 'Cache-Control': 'max-age=0', 'Expires': 'Sat, 09 Sep 2023 09:08:12 GMT'}
Response cookies: {'auth_sid': '72cd5bdbd67381cb6fa3c3f262d313a4ab3bbf80070feadc84a01b0d498fa160'}

-----

-----
Test: None
Time: 2023-09-09 12:08:12.048329
Request method: DELETE
Request URL: https://playground.learnqa.ru/api_dev/user/78993
Request data: None
Request headers: {'x-csrf-token': '1848c44be32d136cf24491cea4a7138c8adae056ab3bbf80070feadc84a01b0d498fa160'}
Request cookies: {'auth_sid': '72cd5bdbd67381cb6fa3c3f262d313a4ab3bbf80070feadc84a01b0d498fa160'}

Response code: 200
Response text: 
Response headers: {'Date': 'Sat, 09 Sep 2023 09:08:13 GMT', 'Content-Type': 'text/html; charset=utf-8', 'Content-Length': '0', 'Connection': 'keep-alive', 'Keep-Alive': 'timeout=10', 'Server': 'Apache', 'Cache-Control': 'max-age=0', 'Expires': 'Sat, 09 Sep 2023 09:08:12 GMT'}
Response cookies: {}

-----

-----
Test: None
Time: 2023-09-09 12:08:12.831687
Request method: GET
Request URL: https://playground.learnqa.ru/api_dev/user/78993
Request data: None
Request headers: {}
Request cookies: {}

Response code: 200
Response text: {"username":"learnqa"}
Response headers: {'Date': 'Sat, 09 Sep 2023 09:08:13 GMT', 'Content-Type': 'application/json', 'Transfer-Encoding': 'chunked', 'Connection': 'keep-alive', 'Keep-Alive': 'timeout=10', 'Vary': 'Accept-Encoding', 'Server': 'Apache', 'Cache-Control': 'max-age=0', 'Expires': 'Sat, 09 Sep 2023 09:08:13 GMT', 'Content-Encoding': 'gzip'}
Response cookies: {}

-----
