
-----
Test: None
Time: 2023-09-10 14:45:32.964699
Request method: POST
Request URL: https://playground.learnqa.ru/api_dev/user/login
Request data: {'email': 'vinkotov@example.com', 'password': '1234'}
Request headers: {}
Request cookies: {}

Response code: 200
Response text: {"user_id":2}
Response headers: {'Date': 'Sun, 10 Sep 2023 11:45:33 GMT', 'Content-Type': 'application/json', 'Content-Length': '13', 'Connection': 'keep-alive', 'Keep-Alive': 'timeout=10', 'Server': 'Apache', 'Set-Cookie': 'auth_sid=a1108113ef04be8d67b2b409eabba3e702e94918f1549272bcf2cafc2634fd9d', 'x-csrf-token': '009fa7bfdf7fa574d2b220ba13b5c1b083a34fa602e94918f1549272bcf2cafc2634fd9d', 'Cache-Control': 'max-age=0', 'Expires': 'Sun, 10 Sep 2023 11:45:33 GMT'}
Response cookies: {'auth_sid': 'a1108113ef04be8d67b2b409eabba3e702e94918f1549272bcf2cafc2634fd9d'}

-----

-----
Test: None
Time: 2023-09-10 14:45:33.176980
Request method: GET
Request URL: https://playground.learnqa.ru/api_dev/user/auth
Request data: None
Request headers: {'x-csrf-token': '009fa7bfdf7fa574d2b220ba13b5c1b083a34fa602e94918f1549272bcf2cafc2634fd9d'}
Request cookies: {}

Response code: 200
Response text: {"user_id":0}
Response headers: {'Date': 'Sun, 10 Sep 2023 11:45:33 GMT', 'Content-Type': 'application/json', 'Content-Length': '13', 'Connection': 'keep-alive', 'Keep-Alive': 'timeout=10', 'Server': 'Apache', 'Cache-Control': 'max-age=0', 'Expires': 'Sun, 10 Sep 2023 11:45:33 GMT'}
Response cookies: {}

-----

-----
Test: None
Time: 2023-09-10 14:45:33.476311
Request method: POST
Request URL: https://playground.learnqa.ru/api_dev/user/login
Request data: {'email': 'vinkotov@example.com', 'password': '1234'}
Request headers: {}
Request cookies: {}

Response code: 200
Response text: {"user_id":2}
Response headers: {'Date': 'Sun, 10 Sep 2023 11:45:33 GMT', 'Content-Type': 'application/json', 'Content-Length': '13', 'Connection': 'keep-alive', 'Keep-Alive': 'timeout=10', 'Server': 'Apache', 'Set-Cookie': 'auth_sid=560b8e6bb13ebd128e24608c4999f05702e94918f1549272bcf2cafc2634fd9d', 'x-csrf-token': '942534d2cea5c42808bd2efea8281ca1a175b7d302e94918f1549272bcf2cafc2634fd9d', 'Cache-Control': 'max-age=0', 'Expires': 'Sun, 10 Sep 2023 11:45:33 GMT'}
Response cookies: {'auth_sid': '560b8e6bb13ebd128e24608c4999f05702e94918f1549272bcf2cafc2634fd9d'}

-----

-----
Test: None
Time: 2023-09-10 14:45:33.645305
Request method: GET
Request URL: https://playground.learnqa.ru/api_dev/user/auth
Request data: None
Request headers: {}
Request cookies: {'auth_sid': '560b8e6bb13ebd128e24608c4999f05702e94918f1549272bcf2cafc2634fd9d'}

Response code: 200
Response text: {"user_id":0}
Response headers: {'Date': 'Sun, 10 Sep 2023 11:45:33 GMT', 'Content-Type': 'application/json', 'Content-Length': '13', 'Connection': 'keep-alive', 'Keep-Alive': 'timeout=10', 'Server': 'Apache', 'Cache-Control': 'max-age=0', 'Expires': 'Sun, 10 Sep 2023 11:45:33 GMT'}
Response cookies: {}

-----
