
-----
Test: None
Time: 2023-09-09 12:08:51.392547
Request method: POST
Request URL: https://playground.learnqa.ru/api_dev/user/
Request data: {'password': '1234', 'username': 'learnqa', 'firstName': 'learnqa', 'lastName': 'learnqa', 'email': 'gPjFbEzdO@example.com'}
Request headers: {}
Request cookies: {}

Response code: 200
Response text: {"id":"78995"}
Response headers: {'Date': 'Sat, 09 Sep 2023 09:08:52 GMT', 'Content-Type': 'application/json', 'Content-Length': '14', 'Connection': 'keep-alive', 'Keep-Alive': 'timeout=10', 'Server': 'Apache', 'Cache-Control': 'max-age=0', 'Expires': 'Sat, 09 Sep 2023 09:08:51 GMT'}
Response cookies: {}

-----

-----
Test: None
Time: 2023-09-09 12:08:52.114120
Request method: POST
Request URL: https://playground.learnqa.ru/api_dev/user/
Request data: {'password': '1234', 'username': 'learnqa', 'firstName': 'learnqa', 'lastName': 'learnqa', 'email': 'mQRCdEvheN@example.com'}
Request headers: {}
Request cookies: {}

Response code: 200
Response text: {"id":"78996"}
Response headers: {'Date': 'Sat, 09 Sep 2023 09:08:53 GMT', 'Content-Type': 'application/json', 'Content-Length': '14', 'Connection': 'keep-alive', 'Keep-Alive': 'timeout=10', 'Server': 'Apache', 'Cache-Control': 'max-age=0', 'Expires': 'Sat, 09 Sep 2023 09:08:52 GMT'}
Response cookies: {}

-----

-----
Test: None
Time: 2023-09-09 12:08:52.765324
Request method: POST
Request URL: https://playground.learnqa.ru/api_dev/user/login
Request data: {'email': 'mQRCdEvheN@example.com', 'password': '1234'}
Request headers: {}
Request cookies: {}

Response code: 200
Response text: {"user_id":78996}
Response headers: {'Date': 'Sat, 09 Sep 2023 09:08:53 GMT', 'Content-Type': 'application/json', 'Content-Length': '17', 'Connection': 'keep-alive', 'Keep-Alive': 'timeout=10', 'Server': 'Apache', 'Set-Cookie': 'auth_sid=c3709bd1cb654423dc9f2e0a62fc6efb940e879e3d3747b81ef41318cc939208', 'x-csrf-token': 'e156ce03fe3392de49fb242b54e3149042765eed940e879e3d3747b81ef41318cc939208', 'Cache-Control': 'max-age=0', 'Expires': 'Sat, 09 Sep 2023 09:08:53 GMT'}
Response cookies: {'auth_sid': 'c3709bd1cb654423dc9f2e0a62fc6efb940e879e3d3747b81ef41318cc939208'}

-----

-----
Test: None
Time: 2023-09-09 12:08:52.921575
Request method: DELETE
Request URL: https://playground.learnqa.ru/api_dev/user/78995
Request data: None
Request headers: {'x-csrf-token': 'e156ce03fe3392de49fb242b54e3149042765eed940e879e3d3747b81ef41318cc939208'}
Request cookies: {'auth_sid': 'c3709bd1cb654423dc9f2e0a62fc6efb940e879e3d3747b81ef41318cc939208'}

Response code: 200
Response text: 
Response headers: {'Date': 'Sat, 09 Sep 2023 09:08:53 GMT', 'Content-Type': 'text/html; charset=utf-8', 'Content-Length': '0', 'Connection': 'keep-alive', 'Keep-Alive': 'timeout=10', 'Server': 'Apache', 'Cache-Control': 'max-age=0', 'Expires': 'Sat, 09 Sep 2023 09:08:53 GMT'}
Response cookies: {}

-----

-----
Test: None
Time: 2023-09-09 12:08:53.688321
Request method: POST
Request URL: https://playground.learnqa.ru/api_dev/user/login
Request data: {'email': 'gPjFbEzdO@example.com', 'password': '1234'}
Request headers: {}
Request cookies: {}

Response code: 200
Response text: {"user_id":78995}
Response headers: {'Date': 'Sat, 09 Sep 2023 09:08:54 GMT', 'Content-Type': 'application/json', 'Content-Length': '17', 'Connection': 'keep-alive', 'Keep-Alive': 'timeout=10', 'Server': 'Apache', 'Set-Cookie': 'auth_sid=9407f3b568c2e54b44023520550541011dc7944fbeae94872e2e0ad02067c05e', 'x-csrf-token': '3d4294d066463e0a384ef6f944f1709c1f1523111dc7944fbeae94872e2e0ad02067c05e', 'Cache-Control': 'max-age=0', 'Expires': 'Sat, 09 Sep 2023 09:08:54 GMT'}
Response cookies: {'auth_sid': '9407f3b568c2e54b44023520550541011dc7944fbeae94872e2e0ad02067c05e'}

-----

-----
Test: None
Time: 2023-09-09 12:08:53.846595
Request method: GET
Request URL: https://playground.learnqa.ru/api_dev/user/78995
Request data: None
Request headers: {'x-csrf-token': '3d4294d066463e0a384ef6f944f1709c1f1523111dc7944fbeae94872e2e0ad02067c05e'}
Request cookies: {'auth_sid': '9407f3b568c2e54b44023520550541011dc7944fbeae94872e2e0ad02067c05e'}

Response code: 200
Response text: {"id":"78995","username":"learnqa","email":"gPjFbEzdO@example.com","firstName":"learnqa","lastName":"learnqa"}
Response headers: {'Date': 'Sat, 09 Sep 2023 09:08:54 GMT', 'Content-Type': 'application/json', 'Transfer-Encoding': 'chunked', 'Connection': 'keep-alive', 'Keep-Alive': 'timeout=10', 'Vary': 'Accept-Encoding', 'Server': 'Apache', 'Cache-Control': 'max-age=0', 'Expires': 'Sat, 09 Sep 2023 09:08:54 GMT', 'Content-Encoding': 'gzip'}
Response cookies: {}

-----
