
-----
Test: None
Time: 2023-09-10 14:52:38.143682
Request method: POST
Request URL: https://playground.learnqa.ru/api_dev/user/
Request data: {'password': '1234', 'username': 'learnqa', 'firstName': 'learnqa', 'lastName': 'learnqa', 'email': 'learnqa09102023145238@example.com'}
Request headers: {}
Request cookies: {}

Response code: 200
Response text: {"id":"79258"}
Response headers: {'Date': 'Sun, 10 Sep 2023 11:52:38 GMT', 'Content-Type': 'application/json', 'Content-Length': '14', 'Connection': 'keep-alive', 'Keep-Alive': 'timeout=10', 'Server': 'Apache', 'Cache-Control': 'max-age=0', 'Expires': 'Sun, 10 Sep 2023 11:52:38 GMT'}
Response cookies: {}

-----

-----
Test: None
Time: 2023-09-10 14:52:38.920071
Request method: POST
Request URL: https://playground.learnqa.ru/api_dev/user/login
Request data: {'email': 'learnqa09102023145238@example.com', 'password': '1234'}
Request headers: {}
Request cookies: {}

Response code: 200
Response text: {"user_id":79258}
Response headers: {'Date': 'Sun, 10 Sep 2023 11:52:38 GMT', 'Content-Type': 'application/json', 'Content-Length': '17', 'Connection': 'keep-alive', 'Keep-Alive': 'timeout=10', 'Server': 'Apache', 'Set-Cookie': 'auth_sid=37bde5bc0db59e3e8bb3d11bd19e34667f0d585e3a126a3618fbf850b66cd4e5', 'x-csrf-token': '3dfb8321dc301c199a440d5a51d4982f7520fe647f0d585e3a126a3618fbf850b66cd4e5', 'Cache-Control': 'max-age=0', 'Expires': 'Sun, 10 Sep 2023 11:52:38 GMT'}
Response cookies: {'auth_sid': '37bde5bc0db59e3e8bb3d11bd19e34667f0d585e3a126a3618fbf850b66cd4e5'}

-----

-----
Test: None
Time: 2023-09-10 14:52:39.092359
Request method: DELETE
Request URL: https://playground.learnqa.ru/api_dev/user/79258
Request data: None
Request headers: {'x-csrf-token': '3dfb8321dc301c199a440d5a51d4982f7520fe647f0d585e3a126a3618fbf850b66cd4e5'}
Request cookies: {'auth_sid': '37bde5bc0db59e3e8bb3d11bd19e34667f0d585e3a126a3618fbf850b66cd4e5'}

Response code: 200
Response text: 
Response headers: {'Date': 'Sun, 10 Sep 2023 11:52:39 GMT', 'Content-Type': 'text/html; charset=utf-8', 'Content-Length': '0', 'Connection': 'keep-alive', 'Keep-Alive': 'timeout=10', 'Server': 'Apache', 'Cache-Control': 'max-age=0', 'Expires': 'Sun, 10 Sep 2023 11:52:39 GMT'}
Response cookies: {}

-----

-----
Test: None
Time: 2023-09-10 14:52:39.839877
Request method: GET
Request URL: https://playground.learnqa.ru/api_dev/user/79258
Request data: None
Request headers: {'x-csrf-token': '3dfb8321dc301c199a440d5a51d4982f7520fe647f0d585e3a126a3618fbf850b66cd4e5'}
Request cookies: {'auth_sid': '37bde5bc0db59e3e8bb3d11bd19e34667f0d585e3a126a3618fbf850b66cd4e5'}

Response code: 404
Response text: User not found
Response headers: {'Date': 'Sun, 10 Sep 2023 11:52:40 GMT', 'Content-Type': 'text/html; charset=utf-8', 'Content-Length': '14', 'Connection': 'keep-alive', 'Keep-Alive': 'timeout=10', 'Server': 'Apache'}
Response cookies: {}

-----
