
-----
Test: None
Time: 2023-09-09 10:49:44.152730
Request method: POST
Request URL: https://playground.learnqa.ru/api_dev/user/login
Request data: {'email': 'vinkotov@example.com', 'password': '1234'}
Request headers: {}
Request cookies: {}

Response code: 200
Response text: {"user_id":2}
Response headers: {'Date': 'Sat, 09 Sep 2023 07:49:44 GMT', 'Content-Type': 'application/json', 'Content-Length': '13', 'Connection': 'keep-alive', 'Keep-Alive': 'timeout=10', 'Server': 'Apache', 'Set-Cookie': 'auth_sid=21920e0703dbddbb7318972f9bca80d702e94918f1549272bcf2cafc2634fd9d', 'x-csrf-token': 'ff811af1bcd7f1ece2948e3bbf0c4d07aaa998a702e94918f1549272bcf2cafc2634fd9d', 'Cache-Control': 'max-age=0', 'Expires': 'Sat, 09 Sep 2023 07:49:44 GMT'}
Response cookies: {'auth_sid': '21920e0703dbddbb7318972f9bca80d702e94918f1549272bcf2cafc2634fd9d'}

-----

-----
Test: None
Time: 2023-09-09 10:49:44.378642
Request method: DELETE
Request URL: https://playground.learnqa.ru/api_dev/user/{user_id_from_auth_method}
Request data: None
Request headers: {'x-csrf-token': 'ff811af1bcd7f1ece2948e3bbf0c4d07aaa998a702e94918f1549272bcf2cafc2634fd9d'}
Request cookies: {'auth_sid': '21920e0703dbddbb7318972f9bca80d702e94918f1549272bcf2cafc2634fd9d'}

Response code: 404
Response text: This is 404 error!
<a href='/'>Home</a>
Response headers: {'Date': 'Sat, 09 Sep 2023 07:49:44 GMT', 'Content-Type': 'text/html; charset=utf-8', 'Transfer-Encoding': 'chunked', 'Connection': 'keep-alive', 'Keep-Alive': 'timeout=10', 'Vary': 'Accept-Encoding', 'Server': 'Apache', 'Content-Encoding': 'gzip'}
Response cookies: {}

-----
