
-----
Test: None
Time: 2023-09-10 14:46:11.020015
Request method: POST
Request URL: https://playground.learnqa.ru/api_dev/user/login
Request data: {'email': 'vinkotov@example.com', 'password': '1234'}
Request headers: {}
Request cookies: {}

Response code: 200
Response text: {"user_id":2}
Response headers: {'Date': 'Sun, 10 Sep 2023 11:46:11 GMT', 'Content-Type': 'application/json', 'Content-Length': '13', 'Connection': 'keep-alive', 'Keep-Alive': 'timeout=10', 'Server': 'Apache', 'Set-Cookie': 'auth_sid=2b3351eda73f4a12369bd211db8076ac02e94918f1549272bcf2cafc2634fd9d', 'x-csrf-token': '48f68ecd676a1137c0203fba1e4025400d80abac02e94918f1549272bcf2cafc2634fd9d', 'Cache-Control': 'max-age=0', 'Expires': 'Sun, 10 Sep 2023 11:46:11 GMT'}
Response cookies: {'auth_sid': '2b3351eda73f4a12369bd211db8076ac02e94918f1549272bcf2cafc2634fd9d'}

-----

-----
Test: None
Time: 2023-09-10 14:46:11.252108
Request method: GET
Request URL: https://playground.learnqa.ru/api_dev/user/auth
Request data: None
Request headers: {'x-csrf-token': '48f68ecd676a1137c0203fba1e4025400d80abac02e94918f1549272bcf2cafc2634fd9d'}
Request cookies: {}

Response code: 200
Response text: {"user_id":0}
Response headers: {'Date': 'Sun, 10 Sep 2023 11:46:11 GMT', 'Content-Type': 'application/json', 'Content-Length': '13', 'Connection': 'keep-alive', 'Keep-Alive': 'timeout=10', 'Server': 'Apache', 'Cache-Control': 'max-age=0', 'Expires': 'Sun, 10 Sep 2023 11:46:11 GMT'}
Response cookies: {}

-----

-----
Test: None
Time: 2023-09-10 14:46:11.519423
Request method: POST
Request URL: https://playground.learnqa.ru/api_dev/user/login
Request data: {'email': 'vinkotov@example.com', 'password': '1234'}
Request headers: {}
Request cookies: {}

Response code: 200
Response text: {"user_id":2}
Response headers: {'Date': 'Sun, 10 Sep 2023 11:46:11 GMT', 'Content-Type': 'application/json', 'Content-Length': '13', 'Connection': 'keep-alive', 'Keep-Alive': 'timeout=10', 'Server': 'Apache', 'Set-Cookie': 'auth_sid=34df25f72a44b8796aaff53e251620a402e94918f1549272bcf2cafc2634fd9d', 'x-csrf-token': '48f68ecd676a1137c0203fba1e4025400d80abac02e94918f1549272bcf2cafc2634fd9d', 'Cache-Control': 'max-age=0', 'Expires': 'Sun, 10 Sep 2023 11:46:11 GMT'}
Response cookies: {'auth_sid': '34df25f72a44b8796aaff53e251620a402e94918f1549272bcf2cafc2634fd9d'}

-----

-----
Test: None
Time: 2023-09-10 14:46:11.657157
Request method: GET
Request URL: https://playground.learnqa.ru/api_dev/user/auth
Request data: None
Request headers: {}
Request cookies: {'auth_sid': '34df25f72a44b8796aaff53e251620a402e94918f1549272bcf2cafc2634fd9d'}

Response code: 200
Response text: {"user_id":0}
Response headers: {'Date': 'Sun, 10 Sep 2023 11:46:11 GMT', 'Content-Type': 'application/json', 'Content-Length': '13', 'Connection': 'keep-alive', 'Keep-Alive': 'timeout=10', 'Server': 'Apache', 'Cache-Control': 'max-age=0', 'Expires': 'Sun, 10 Sep 2023 11:46:11 GMT'}
Response cookies: {}

-----
