
-----
Test: None
Time: 2023-09-10 14:44:25.195368
Request method: POST
Request URL: https://playground.learnqa.ru/api_dev/user/login
Request data: {'email': 'vinkotov@example.com', 'password': '1234'}
Request headers: {}
Request cookies: {}

Response code: 200
Response text: {"user_id":2}
Response headers: {'Date': 'Sun, 10 Sep 2023 11:44:25 GMT', 'Content-Type': 'application/json', 'Content-Length': '13', 'Connection': 'keep-alive', 'Keep-Alive': 'timeout=10', 'Server': 'Apache', 'Set-Cookie': 'auth_sid=1a1018e4800e606b0abb2bdf41a850e302e94918f1549272bcf2cafc2634fd9d', 'x-csrf-token': '647fe0fae34786abe265cc261cd91ccd75d9ffe602e94918f1549272bcf2cafc2634fd9d', 'Cache-Control': 'max-age=0', 'Expires': 'Sun, 10 Sep 2023 11:44:25 GMT'}
Response cookies: {'auth_sid': '1a1018e4800e606b0abb2bdf41a850e302e94918f1549272bcf2cafc2634fd9d'}

-----

-----
Test: None
Time: 2023-09-10 14:44:25.421443
Request method: GET
Request URL: https://playground.learnqa.ru/api_dev/user/auth
Request data: None
Request headers: {'x-csrf-token': '647fe0fae34786abe265cc261cd91ccd75d9ffe602e94918f1549272bcf2cafc2634fd9d'}
Request cookies: {'auth_sid': '1a1018e4800e606b0abb2bdf41a850e302e94918f1549272bcf2cafc2634fd9d'}

Response code: 200
Response text: {"user_id":2}
Response headers: {'Date': 'Sun, 10 Sep 2023 11:44:25 GMT', 'Content-Type': 'application/json', 'Content-Length': '13', 'Connection': 'keep-alive', 'Keep-Alive': 'timeout=10', 'Server': 'Apache', 'Cache-Control': 'max-age=0', 'Expires': 'Sun, 10 Sep 2023 11:44:25 GMT'}
Response cookies: {}

-----
