
-----
Test: None
Time: 2023-09-09 10:57:55.586520
Request method: POST
Request URL: https://playground.learnqa.ru/api_dev/user/login
Request data: {'email': 'vinkotov@example.com', 'password': '1234'}
Request headers: {}
Request cookies: {}

Response code: 200
Response text: {"user_id":2}
Response headers: {'Date': 'Sat, 09 Sep 2023 07:57:55 GMT', 'Content-Type': 'application/json', 'Content-Length': '13', 'Connection': 'keep-alive', 'Keep-Alive': 'timeout=10', 'Server': 'Apache', 'Set-Cookie': 'auth_sid=0079299f6c9dfde62667ba19642db95302e94918f1549272bcf2cafc2634fd9d', 'x-csrf-token': 'a2dd9e50e846e862bc25cbfb6a2e31f3376014f902e94918f1549272bcf2cafc2634fd9d', 'Cache-Control': 'max-age=0', 'Expires': 'Sat, 09 Sep 2023 07:57:55 GMT'}
Response cookies: {'auth_sid': '0079299f6c9dfde62667ba19642db95302e94918f1549272bcf2cafc2634fd9d'}

-----

-----
Test: None
Time: 2023-09-09 10:57:55.787715
Request method: DELETE
Request URL: https://playground.learnqa.ru/api_dev/user/2
Request data: None
Request headers: {'x-csrf-token': 'a2dd9e50e846e862bc25cbfb6a2e31f3376014f902e94918f1549272bcf2cafc2634fd9d'}
Request cookies: {'auth_sid': '0079299f6c9dfde62667ba19642db95302e94918f1549272bcf2cafc2634fd9d'}

Response code: 400
Response text: Please, do not delete test users with ID 1, 2, 3, 4 or 5.
Response headers: {'Date': 'Sat, 09 Sep 2023 07:57:56 GMT', 'Content-Type': 'text/html; charset=utf-8', 'Content-Length': '57', 'Connection': 'keep-alive', 'Keep-Alive': 'timeout=10', 'Server': 'Apache'}
Response cookies: {}

-----
