
-----
Test: None
Time: 2023-09-09 10:53:12.166055
Request method: POST
Request URL: https://playground.learnqa.ru/api_dev/user/login
Request data: {'email': 'vinkotov@example.com', 'password': '1234'}
Request headers: {}
Request cookies: {}

Response code: 200
Response text: {"user_id":2}
Response headers: {'Date': 'Sat, 09 Sep 2023 07:53:12 GMT', 'Content-Type': 'application/json', 'Content-Length': '13', 'Connection': 'keep-alive', 'Keep-Alive': 'timeout=10', 'Server': 'Apache', 'Set-Cookie': 'auth_sid=ae2607c71e4d9d156125190a82ccdd4902e94918f1549272bcf2cafc2634fd9d', 'x-csrf-token': '3bddb77b0daf2a69f3d1cd2475eb0a8ac4e307ea02e94918f1549272bcf2cafc2634fd9d', 'Cache-Control': 'max-age=0', 'Expires': 'Sat, 09 Sep 2023 07:53:12 GMT'}
Response cookies: {'auth_sid': 'ae2607c71e4d9d156125190a82ccdd4902e94918f1549272bcf2cafc2634fd9d'}

-----

-----
Test: None
Time: 2023-09-09 10:53:12.343882
Request method: DELETE
Request URL: https://playground.learnqa.ru/api_dev/user/f'{user_id_from_auth_method}'
Request data: None
Request headers: {'x-csrf-token': '3bddb77b0daf2a69f3d1cd2475eb0a8ac4e307ea02e94918f1549272bcf2cafc2634fd9d'}
Request cookies: {'auth_sid': 'ae2607c71e4d9d156125190a82ccdd4902e94918f1549272bcf2cafc2634fd9d'}

Response code: 404
Response text: This is 404 error!
<a href='/'>Home</a>
Response headers: {'Date': 'Sat, 09 Sep 2023 07:53:12 GMT', 'Content-Type': 'text/html; charset=utf-8', 'Transfer-Encoding': 'chunked', 'Connection': 'keep-alive', 'Keep-Alive': 'timeout=10', 'Vary': 'Accept-Encoding', 'Server': 'Apache', 'Content-Encoding': 'gzip'}
Response cookies: {}

-----
