
-----
Test: None
Time: 2023-09-09 10:49:05.835728
Request method: POST
Request URL: https://playground.learnqa.ru/api_dev/user/login
Request data: {'email': 'vinkotov@example.com', 'password': '1234'}
Request headers: {}
Request cookies: {}

Response code: 200
Response text: {"user_id":2}
Response headers: {'Date': 'Sat, 09 Sep 2023 07:49:06 GMT', 'Content-Type': 'application/json', 'Content-Length': '13', 'Connection': 'keep-alive', 'Keep-Alive': 'timeout=10', 'Server': 'Apache', 'Set-Cookie': 'auth_sid=4f4e954fadf84850bebee91a910f7e6d02e94918f1549272bcf2cafc2634fd9d', 'x-csrf-token': 'ca1177bdf3f5a4520b284688cb700f59644dfe0902e94918f1549272bcf2cafc2634fd9d', 'Cache-Control': 'max-age=0', 'Expires': 'Sat, 09 Sep 2023 07:49:06 GMT'}
Response cookies: {'auth_sid': '4f4e954fadf84850bebee91a910f7e6d02e94918f1549272bcf2cafc2634fd9d'}

-----

-----
Test: None
Time: 2023-09-09 10:49:06.098762
Request method: DELETE
Request URL: https://playground.learnqa.ru/api_dev/user/2
Request data: None
Request headers: {'x-csrf-token': 'ca1177bdf3f5a4520b284688cb700f59644dfe0902e94918f1549272bcf2cafc2634fd9d'}
Request cookies: {'auth_sid': '4f4e954fadf84850bebee91a910f7e6d02e94918f1549272bcf2cafc2634fd9d'}

Response code: 400
Response text: Please, do not delete test users with ID 1, 2, 3, 4 or 5.
Response headers: {'Date': 'Sat, 09 Sep 2023 07:49:07 GMT', 'Content-Type': 'text/html; charset=utf-8', 'Content-Length': '57', 'Connection': 'keep-alive', 'Keep-Alive': 'timeout=10', 'Server': 'Apache'}
Response cookies: {}

-----
