
-----
Test: None
Time: 2023-09-10 14:51:06.601997
Request method: POST
Request URL: https://playground.learnqa.ru/api_dev/user/
Request data: {'password': '1234', 'username': 'learnqa', 'firstName': 'learnqa', 'lastName': 'learnqa', 'email': 'learnqa09102023145106@example.com'}
Request headers: {}
Request cookies: {}

Response code: 200
Response text: {"id":"79257"}
Response headers: {'Date': 'Sun, 10 Sep 2023 11:51:07 GMT', 'Content-Type': 'application/json', 'Content-Length': '14', 'Connection': 'keep-alive', 'Keep-Alive': 'timeout=10', 'Server': 'Apache', 'Cache-Control': 'max-age=0', 'Expires': 'Sun, 10 Sep 2023 11:51:06 GMT'}
Response cookies: {}

-----

-----
Test: None
Time: 2023-09-10 14:51:07.351328
Request method: POST
Request URL: https://playground.learnqa.ru/api_dev/user/login
Request data: {'email': 'learnqa09102023145106@example.com', 'password': '1234'}
Request headers: {}
Request cookies: {}

Response code: 200
Response text: {"user_id":79257}
Response headers: {'Date': 'Sun, 10 Sep 2023 11:51:07 GMT', 'Content-Type': 'application/json', 'Content-Length': '17', 'Connection': 'keep-alive', 'Keep-Alive': 'timeout=10', 'Server': 'Apache', 'Set-Cookie': 'auth_sid=5b56f0b447aab89b2a9b5ba17bef8a367da50447a533d6c883d2dfeba217e9a4', 'x-csrf-token': '9d280a78f7b4de870aa9c57932cbb63f521d5cf97da50447a533d6c883d2dfeba217e9a4', 'Cache-Control': 'max-age=0', 'Expires': 'Sun, 10 Sep 2023 11:51:07 GMT'}
Response cookies: {'auth_sid': '5b56f0b447aab89b2a9b5ba17bef8a367da50447a533d6c883d2dfeba217e9a4'}

-----

-----
Test: None
Time: 2023-09-10 14:51:07.500173
Request method: DELETE
Request URL: https://playground.learnqa.ru/api_dev/user/79257
Request data: None
Request headers: {'x-csrf-token': '9d280a78f7b4de870aa9c57932cbb63f521d5cf97da50447a533d6c883d2dfeba217e9a4'}
Request cookies: {'auth_sid': '5b56f0b447aab89b2a9b5ba17bef8a367da50447a533d6c883d2dfeba217e9a4'}

Response code: 200
Response text: 
Response headers: {'Date': 'Sun, 10 Sep 2023 11:51:08 GMT', 'Content-Type': 'text/html; charset=utf-8', 'Content-Length': '0', 'Connection': 'keep-alive', 'Keep-Alive': 'timeout=10', 'Server': 'Apache', 'Cache-Control': 'max-age=0', 'Expires': 'Sun, 10 Sep 2023 11:51:07 GMT'}
Response cookies: {}

-----

-----
Test: None
Time: 2023-09-10 14:51:08.252309
Request method: GET
Request URL: https://playground.learnqa.ru/api_dev/user/79257
Request data: None
Request headers: {'x-csrf-token': '9d280a78f7b4de870aa9c57932cbb63f521d5cf97da50447a533d6c883d2dfeba217e9a4'}
Request cookies: {'auth_sid': '5b56f0b447aab89b2a9b5ba17bef8a367da50447a533d6c883d2dfeba217e9a4'}

Response code: 404
Response text: User not found
Response headers: {'Date': 'Sun, 10 Sep 2023 11:51:08 GMT', 'Content-Type': 'text/html; charset=utf-8', 'Content-Length': '14', 'Connection': 'keep-alive', 'Keep-Alive': 'timeout=10', 'Server': 'Apache'}
Response cookies: {}

-----
