
-----
Test: None
Time: 2023-09-09 09:04:49.082534
Request method: POST
Request URL: https://playground.learnqa.ru/api_dev/user/login
Request data: {'email': 'vinkotov@example.com', 'password': '1234'}
Request headers: {}
Request cookies: {}

Response code: 200
Response text: {"user_id":2}
Response headers: {'Date': 'Sat, 09 Sep 2023 06:04:49 GMT', 'Content-Type': 'application/json', 'Content-Length': '13', 'Connection': 'keep-alive', 'Keep-Alive': 'timeout=10', 'Server': 'Apache', 'Set-Cookie': 'auth_sid=8cc059e6a6b526806798034daf427f6302e94918f1549272bcf2cafc2634fd9d', 'x-csrf-token': '5e03300a34fbd1c46b13de4bebab34c7db08ab6f02e94918f1549272bcf2cafc2634fd9d', 'Cache-Control': 'max-age=0', 'Expires': 'Sat, 09 Sep 2023 06:04:49 GMT'}
Response cookies: {'auth_sid': '8cc059e6a6b526806798034daf427f6302e94918f1549272bcf2cafc2634fd9d'}

-----

-----
Test: None
Time: 2023-09-09 09:04:49.380842
Request method: GET
Request URL: https://playground.learnqa.ru/api_dev/user/auth
Request data: None
Request headers: {'x-csrf-token': '5e03300a34fbd1c46b13de4bebab34c7db08ab6f02e94918f1549272bcf2cafc2634fd9d'}
Request cookies: {'auth_sid': '8cc059e6a6b526806798034daf427f6302e94918f1549272bcf2cafc2634fd9d'}

Response code: 200
Response text: {"user_id":2}
Response headers: {'Date': 'Sat, 09 Sep 2023 06:04:49 GMT', 'Content-Type': 'application/json', 'Content-Length': '13', 'Connection': 'keep-alive', 'Keep-Alive': 'timeout=10', 'Server': 'Apache', 'Cache-Control': 'max-age=0', 'Expires': 'Sat, 09 Sep 2023 06:04:49 GMT'}
Response cookies: {}

-----

-----
Test: None
Time: 2023-09-09 09:04:49.699802
Request method: POST
Request URL: https://playground.learnqa.ru/api_dev/user/login
Request data: {'email': 'vinkotov@example.com', 'password': '1234'}
Request headers: {}
Request cookies: {}

Response code: 200
Response text: {"user_id":2}
Response headers: {'Date': 'Sat, 09 Sep 2023 06:04:49 GMT', 'Content-Type': 'application/json', 'Content-Length': '13', 'Connection': 'keep-alive', 'Keep-Alive': 'timeout=10', 'Server': 'Apache', 'Set-Cookie': 'auth_sid=812106693cf478ca5f86fde0c588ec5902e94918f1549272bcf2cafc2634fd9d', 'x-csrf-token': 'b33f28a30263889c35a0f396e93462123246a02102e94918f1549272bcf2cafc2634fd9d', 'Cache-Control': 'max-age=0', 'Expires': 'Sat, 09 Sep 2023 06:04:49 GMT'}
Response cookies: {'auth_sid': '812106693cf478ca5f86fde0c588ec5902e94918f1549272bcf2cafc2634fd9d'}

-----

-----
Test: None
Time: 2023-09-09 09:04:49.823427
Request method: GET
Request URL: https://playground.learnqa.ru/api_dev/user/auth
Request data: None
Request headers: {'x-csrf-token': 'b33f28a30263889c35a0f396e93462123246a02102e94918f1549272bcf2cafc2634fd9d'}
Request cookies: {}

Response code: 200
Response text: {"user_id":0}
Response headers: {'Date': 'Sat, 09 Sep 2023 06:04:50 GMT', 'Content-Type': 'application/json', 'Content-Length': '13', 'Connection': 'keep-alive', 'Keep-Alive': 'timeout=10', 'Server': 'Apache', 'Cache-Control': 'max-age=0', 'Expires': 'Sat, 09 Sep 2023 06:04:50 GMT'}
Response cookies: {}

-----

-----
Test: None
Time: 2023-09-09 09:04:50.076490
Request method: POST
Request URL: https://playground.learnqa.ru/api_dev/user/login
Request data: {'email': 'vinkotov@example.com', 'password': '1234'}
Request headers: {}
Request cookies: {}

Response code: 200
Response text: {"user_id":2}
Response headers: {'Date': 'Sat, 09 Sep 2023 06:04:50 GMT', 'Content-Type': 'application/json', 'Content-Length': '13', 'Connection': 'keep-alive', 'Keep-Alive': 'timeout=10', 'Server': 'Apache', 'Set-Cookie': 'auth_sid=19889a9062a4aec06f146c80703039dd02e94918f1549272bcf2cafc2634fd9d', 'x-csrf-token': 'cd97ce70f5ddf0fa3ea0729e72012449f4fa6eea02e94918f1549272bcf2cafc2634fd9d', 'Cache-Control': 'max-age=0', 'Expires': 'Sat, 09 Sep 2023 06:04:50 GMT'}
Response cookies: {'auth_sid': '19889a9062a4aec06f146c80703039dd02e94918f1549272bcf2cafc2634fd9d'}

-----

-----
Test: None
Time: 2023-09-09 09:04:50.190243
Request method: GET
Request URL: https://playground.learnqa.ru/api_dev/user/auth
Request data: None
Request headers: {}
Request cookies: {'auth_sid': '19889a9062a4aec06f146c80703039dd02e94918f1549272bcf2cafc2634fd9d'}

Response code: 200
Response text: {"user_id":0}
Response headers: {'Date': 'Sat, 09 Sep 2023 06:04:50 GMT', 'Content-Type': 'application/json', 'Content-Length': '13', 'Connection': 'keep-alive', 'Keep-Alive': 'timeout=10', 'Server': 'Apache', 'Cache-Control': 'max-age=0', 'Expires': 'Sat, 09 Sep 2023 06:04:50 GMT'}
Response cookies: {}

-----

-----
Test: None
Time: 2023-09-09 09:04:50.454634
Request method: POST
Request URL: https://playground.learnqa.ru/api_dev/user/
Request data: {'password': '1234', 'username': 'learnqa', 'firstName': 'learnqa', 'lastName': 'learnqa', 'email': 'learnqa09092023090450@example.com'}
Request headers: {}
Request cookies: {}

Response code: 200
Response text: {"id":"78961"}
Response headers: {'Date': 'Sat, 09 Sep 2023 06:04:51 GMT', 'Content-Type': 'application/json', 'Content-Length': '14', 'Connection': 'keep-alive', 'Keep-Alive': 'timeout=10', 'Server': 'Apache', 'Cache-Control': 'max-age=0', 'Expires': 'Sat, 09 Sep 2023 06:04:50 GMT'}
Response cookies: {}

-----

-----
Test: None
Time: 2023-09-09 09:04:51.113997
Request method: POST
Request URL: https://playground.learnqa.ru/api_dev/user/login
Request data: {'email': 'learnqa09092023090450@example.com', 'password': '1234'}
Request headers: {}
Request cookies: {}

Response code: 200
Response text: {"user_id":78961}
Response headers: {'Date': 'Sat, 09 Sep 2023 06:04:51 GMT', 'Content-Type': 'application/json', 'Content-Length': '17', 'Connection': 'keep-alive', 'Keep-Alive': 'timeout=10', 'Server': 'Apache', 'Set-Cookie': 'auth_sid=5b6791e09f8d783142db49b4da92c3427967ed878cb18ead81dc22f43c4f95fd', 'x-csrf-token': '21c6683269db0b3bef8c3f72cf4686351fd2c5187967ed878cb18ead81dc22f43c4f95fd', 'Cache-Control': 'max-age=0', 'Expires': 'Sat, 09 Sep 2023 06:04:51 GMT'}
Response cookies: {'auth_sid': '5b6791e09f8d783142db49b4da92c3427967ed878cb18ead81dc22f43c4f95fd'}

-----

-----
Test: None
Time: 2023-09-09 09:04:51.255722
Request method: PUT
Request URL: https://playground.learnqa.ru/api_dev/user/78961
Request data: {'firstName': 'Changed name'}
Request headers: {'x-csrf-token': '21c6683269db0b3bef8c3f72cf4686351fd2c5187967ed878cb18ead81dc22f43c4f95fd'}
Request cookies: {'auth_sid': '5b6791e09f8d783142db49b4da92c3427967ed878cb18ead81dc22f43c4f95fd'}

Response code: 200
Response text: 
Response headers: {'Date': 'Sat, 09 Sep 2023 06:04:52 GMT', 'Content-Type': 'text/html; charset=utf-8', 'Content-Length': '0', 'Connection': 'keep-alive', 'Keep-Alive': 'timeout=10', 'Server': 'Apache', 'Cache-Control': 'max-age=0', 'Expires': 'Sat, 09 Sep 2023 06:04:51 GMT'}
Response cookies: {}

-----

-----
Test: None
Time: 2023-09-09 09:04:51.986072
Request method: GET
Request URL: https://playground.learnqa.ru/api_dev/user/78961
Request data: None
Request headers: {'x-csrf-token': '21c6683269db0b3bef8c3f72cf4686351fd2c5187967ed878cb18ead81dc22f43c4f95fd'}
Request cookies: {'auth_sid': '5b6791e09f8d783142db49b4da92c3427967ed878cb18ead81dc22f43c4f95fd'}

Response code: 200
Response text: {"id":"78961","username":"learnqa","email":"learnqa09092023090450@example.com","firstName":"Changed name","lastName":"learnqa"}
Response headers: {'Date': 'Sat, 09 Sep 2023 06:04:52 GMT', 'Content-Type': 'application/json', 'Transfer-Encoding': 'chunked', 'Connection': 'keep-alive', 'Keep-Alive': 'timeout=10', 'Vary': 'Accept-Encoding', 'Server': 'Apache', 'Cache-Control': 'max-age=0', 'Expires': 'Sat, 09 Sep 2023 06:04:52 GMT', 'Content-Encoding': 'gzip'}
Response cookies: {}

-----

-----
Test: None
Time: 2023-09-09 09:04:52.632960
Request method: POST
Request URL: https://playground.learnqa.ru/api_dev/user/
Request data: {'password': '1234', 'username': 'learnqa', 'firstName': 'learnqa', 'lastName': 'learnqa', 'email': 'learnqa09092023090452@example.com'}
Request headers: {}
Request cookies: {}

Response code: 200
Response text: {"id":"78962"}
Response headers: {'Date': 'Sat, 09 Sep 2023 06:04:53 GMT', 'Content-Type': 'application/json', 'Content-Length': '14', 'Connection': 'keep-alive', 'Keep-Alive': 'timeout=10', 'Server': 'Apache', 'Cache-Control': 'max-age=0', 'Expires': 'Sat, 09 Sep 2023 06:04:52 GMT'}
Response cookies: {}

-----

-----
Test: None
Time: 2023-09-09 09:04:53.288558
Request method: PUT
Request URL: https://playground.learnqa.ru/api_dev/user/78631
Request data: {'lastName': 'Changed last name'}
Request headers: {}
Request cookies: {}

Response code: 400
Response text: Auth token not supplied
Response headers: {'Date': 'Sat, 09 Sep 2023 06:04:54 GMT', 'Content-Type': 'text/html; charset=utf-8', 'Content-Length': '23', 'Connection': 'keep-alive', 'Keep-Alive': 'timeout=10', 'Server': 'Apache'}
Response cookies: {}

-----

-----
Test: None
Time: 2023-09-09 09:04:54.089148
Request method: POST
Request URL: https://playground.learnqa.ru/api_dev/user/login
Request data: {'email': 'learnqa09092023090452@example.com', 'password': '1234'}
Request headers: {}
Request cookies: {}

Response code: 200
Response text: {"user_id":78962}
Response headers: {'Date': 'Sat, 09 Sep 2023 06:04:54 GMT', 'Content-Type': 'application/json', 'Content-Length': '17', 'Connection': 'keep-alive', 'Keep-Alive': 'timeout=10', 'Server': 'Apache', 'Set-Cookie': 'auth_sid=537d82d145f95f8d6f9825ba330267f57c9aca56450b7b85386229d9927766be', 'x-csrf-token': 'e1a16fce382e218f1ff6afb074923c52c48bccdc7c9aca56450b7b85386229d9927766be', 'Cache-Control': 'max-age=0', 'Expires': 'Sat, 09 Sep 2023 06:04:54 GMT'}
Response cookies: {'auth_sid': '537d82d145f95f8d6f9825ba330267f57c9aca56450b7b85386229d9927766be'}

-----

-----
Test: None
Time: 2023-09-09 09:04:54.225231
Request method: GET
Request URL: https://playground.learnqa.ru/api_dev/user/78962
Request data: None
Request headers: {'x-csrf-token': 'e1a16fce382e218f1ff6afb074923c52c48bccdc7c9aca56450b7b85386229d9927766be'}
Request cookies: {'auth_sid': '537d82d145f95f8d6f9825ba330267f57c9aca56450b7b85386229d9927766be'}

Response code: 200
Response text: {"id":"78962","username":"learnqa","email":"learnqa09092023090452@example.com","firstName":"learnqa","lastName":"learnqa"}
Response headers: {'Date': 'Sat, 09 Sep 2023 06:04:55 GMT', 'Content-Type': 'application/json', 'Transfer-Encoding': 'chunked', 'Connection': 'keep-alive', 'Keep-Alive': 'timeout=10', 'Vary': 'Accept-Encoding', 'Server': 'Apache', 'Cache-Control': 'max-age=0', 'Expires': 'Sat, 09 Sep 2023 06:04:54 GMT', 'Content-Encoding': 'gzip'}
Response cookies: {}

-----

-----
Test: None
Time: 2023-09-09 09:04:54.975815
Request method: POST
Request URL: https://playground.learnqa.ru/api_dev/user/
Request data: {'password': '1234', 'username': 'learnqa', 'firstName': 'learnqa', 'lastName': 'learnqa', 'email': 'psDiHsuev@example.com'}
Request headers: {}
Request cookies: {}

Response code: 200
Response text: {"id":"78963"}
Response headers: {'Date': 'Sat, 09 Sep 2023 06:04:55 GMT', 'Content-Type': 'application/json', 'Content-Length': '14', 'Connection': 'keep-alive', 'Keep-Alive': 'timeout=10', 'Server': 'Apache', 'Cache-Control': 'max-age=0', 'Expires': 'Sat, 09 Sep 2023 06:04:55 GMT'}
Response cookies: {}

-----

-----
Test: None
Time: 2023-09-09 09:04:55.619338
Request method: POST
Request URL: https://playground.learnqa.ru/api_dev/user/
Request data: {'password': '1234', 'username': 'learnqa', 'firstName': 'learnqa', 'lastName': 'learnqa', 'email': 'fkhqaUibvW@example.com'}
Request headers: {}
Request cookies: {}

Response code: 200
Response text: {"id":"78964"}
Response headers: {'Date': 'Sat, 09 Sep 2023 06:04:56 GMT', 'Content-Type': 'application/json', 'Content-Length': '14', 'Connection': 'keep-alive', 'Keep-Alive': 'timeout=10', 'Server': 'Apache', 'Cache-Control': 'max-age=0', 'Expires': 'Sat, 09 Sep 2023 06:04:55 GMT'}
Response cookies: {}

-----

-----
Test: None
Time: 2023-09-09 09:04:56.262185
Request method: POST
Request URL: https://playground.learnqa.ru/api_dev/user/login
Request data: {'email': 'fkhqaUibvW@example.com', 'password': '1234'}
Request headers: {}
Request cookies: {}

Response code: 200
Response text: {"user_id":78964}
Response headers: {'Date': 'Sat, 09 Sep 2023 06:04:56 GMT', 'Content-Type': 'application/json', 'Content-Length': '17', 'Connection': 'keep-alive', 'Keep-Alive': 'timeout=10', 'Server': 'Apache', 'Set-Cookie': 'auth_sid=3edccf83020d6d5cf5aec7e9702a8af0c1765c6287dc5bc80b2260652163e8c8', 'x-csrf-token': '51cc198b2bfc860da24c58146142437ffe5b179ac1765c6287dc5bc80b2260652163e8c8', 'Cache-Control': 'max-age=0', 'Expires': 'Sat, 09 Sep 2023 06:04:56 GMT'}
Response cookies: {'auth_sid': '3edccf83020d6d5cf5aec7e9702a8af0c1765c6287dc5bc80b2260652163e8c8'}

-----

-----
Test: None
Time: 2023-09-09 09:04:56.442353
Request method: PUT
Request URL: https://playground.learnqa.ru/api_dev/user/78963
Request data: {'firstName': 'Test name'}
Request headers: {'x-csrf-token': '51cc198b2bfc860da24c58146142437ffe5b179ac1765c6287dc5bc80b2260652163e8c8'}
Request cookies: {'auth_sid': '3edccf83020d6d5cf5aec7e9702a8af0c1765c6287dc5bc80b2260652163e8c8'}

Response code: 200
Response text: 
Response headers: {'Date': 'Sat, 09 Sep 2023 06:04:57 GMT', 'Content-Type': 'text/html; charset=utf-8', 'Content-Length': '0', 'Connection': 'keep-alive', 'Keep-Alive': 'timeout=10', 'Server': 'Apache', 'Cache-Control': 'max-age=0', 'Expires': 'Sat, 09 Sep 2023 06:04:56 GMT'}
Response cookies: {}

-----

-----
Test: None
Time: 2023-09-09 09:04:57.175726
Request method: POST
Request URL: https://playground.learnqa.ru/api_dev/user/login
Request data: {'email': 'psDiHsuev@example.com', 'password': '1234'}
Request headers: {}
Request cookies: {}

Response code: 200
Response text: {"user_id":78963}
Response headers: {'Date': 'Sat, 09 Sep 2023 06:04:57 GMT', 'Content-Type': 'application/json', 'Content-Length': '17', 'Connection': 'keep-alive', 'Keep-Alive': 'timeout=10', 'Server': 'Apache', 'Set-Cookie': 'auth_sid=e75d85f0b75e6e515637113c4800df4e6a30d4a2e90a4f05b19c621b3a72c7e6', 'x-csrf-token': '10f617a3dbe83b8ec3f56aaafd7ec50eebd41a526a30d4a2e90a4f05b19c621b3a72c7e6', 'Cache-Control': 'max-age=0', 'Expires': 'Sat, 09 Sep 2023 06:04:57 GMT'}
Response cookies: {'auth_sid': 'e75d85f0b75e6e515637113c4800df4e6a30d4a2e90a4f05b19c621b3a72c7e6'}

-----

-----
Test: None
Time: 2023-09-09 09:04:57.316340
Request method: GET
Request URL: https://playground.learnqa.ru/api_dev/user/78963
Request data: None
Request headers: {'x-csrf-token': '10f617a3dbe83b8ec3f56aaafd7ec50eebd41a526a30d4a2e90a4f05b19c621b3a72c7e6'}
Request cookies: {'auth_sid': 'e75d85f0b75e6e515637113c4800df4e6a30d4a2e90a4f05b19c621b3a72c7e6'}

Response code: 200
Response text: {"id":"78963","username":"learnqa","email":"psDiHsuev@example.com","firstName":"learnqa","lastName":"learnqa"}
Response headers: {'Date': 'Sat, 09 Sep 2023 06:04:58 GMT', 'Content-Type': 'application/json', 'Transfer-Encoding': 'chunked', 'Connection': 'keep-alive', 'Keep-Alive': 'timeout=10', 'Vary': 'Accept-Encoding', 'Server': 'Apache', 'Cache-Control': 'max-age=0', 'Expires': 'Sat, 09 Sep 2023 06:04:57 GMT', 'Content-Encoding': 'gzip'}
Response cookies: {}

-----

-----
Test: None
Time: 2023-09-09 09:04:58.056795
Request method: POST
Request URL: https://playground.learnqa.ru/api_dev/user/
Request data: {'password': '1234', 'username': 'learnqa', 'firstName': 'learnqa', 'lastName': 'learnqa', 'email': 'learnqa09092023090458@example.com'}
Request headers: {}
Request cookies: {}

Response code: 200
Response text: {"id":"78965"}
Response headers: {'Date': 'Sat, 09 Sep 2023 06:04:58 GMT', 'Content-Type': 'application/json', 'Content-Length': '14', 'Connection': 'keep-alive', 'Keep-Alive': 'timeout=10', 'Server': 'Apache', 'Cache-Control': 'max-age=0', 'Expires': 'Sat, 09 Sep 2023 06:04:58 GMT'}
Response cookies: {}

-----

-----
Test: None
Time: 2023-09-09 09:04:58.691643
Request method: POST
Request URL: https://playground.learnqa.ru/api_dev/user/login
Request data: {'email': 'learnqa09092023090458@example.com', 'password': '1234'}
Request headers: {}
Request cookies: {}

Response code: 200
Response text: {"user_id":78965}
Response headers: {'Date': 'Sat, 09 Sep 2023 06:04:58 GMT', 'Content-Type': 'application/json', 'Content-Length': '17', 'Connection': 'keep-alive', 'Keep-Alive': 'timeout=10', 'Server': 'Apache', 'Set-Cookie': 'auth_sid=731cc4a2b7c56a8cfdd9bcfcbada655e779134d09d89fa71a3acf72e5dd0cf96', 'x-csrf-token': '5c14b8eca85cbea48caac8ea9eb5b840c2ec6952779134d09d89fa71a3acf72e5dd0cf96', 'Cache-Control': 'max-age=0', 'Expires': 'Sat, 09 Sep 2023 06:04:58 GMT'}
Response cookies: {'auth_sid': '731cc4a2b7c56a8cfdd9bcfcbada655e779134d09d89fa71a3acf72e5dd0cf96'}

-----

-----
Test: None
Time: 2023-09-09 09:04:58.862345
Request method: PUT
Request URL: https://playground.learnqa.ru/api_dev/user/78965
Request data: {'email': 'testexample.com'}
Request headers: {'x-csrf-token': '5c14b8eca85cbea48caac8ea9eb5b840c2ec6952779134d09d89fa71a3acf72e5dd0cf96'}
Request cookies: {'auth_sid': '731cc4a2b7c56a8cfdd9bcfcbada655e779134d09d89fa71a3acf72e5dd0cf96'}

Response code: 400
Response text: Invalid email format
Response headers: {'Date': 'Sat, 09 Sep 2023 06:04:59 GMT', 'Content-Type': 'text/html; charset=utf-8', 'Content-Length': '20', 'Connection': 'keep-alive', 'Keep-Alive': 'timeout=10', 'Server': 'Apache'}
Response cookies: {}

-----

-----
Test: None
Time: 2023-09-09 09:04:59.646574
Request method: GET
Request URL: https://playground.learnqa.ru/api_dev/user/78965
Request data: None
Request headers: {'x-csrf-token': '5c14b8eca85cbea48caac8ea9eb5b840c2ec6952779134d09d89fa71a3acf72e5dd0cf96'}
Request cookies: {'auth_sid': '731cc4a2b7c56a8cfdd9bcfcbada655e779134d09d89fa71a3acf72e5dd0cf96'}

Response code: 200
Response text: {"id":"78965","username":"learnqa","email":"learnqa09092023090458@example.com","firstName":"learnqa","lastName":"learnqa"}
Response headers: {'Date': 'Sat, 09 Sep 2023 06:05:00 GMT', 'Content-Type': 'application/json', 'Transfer-Encoding': 'chunked', 'Connection': 'keep-alive', 'Keep-Alive': 'timeout=10', 'Vary': 'Accept-Encoding', 'Server': 'Apache', 'Cache-Control': 'max-age=0', 'Expires': 'Sat, 09 Sep 2023 06:04:59 GMT', 'Content-Encoding': 'gzip'}
Response cookies: {}

-----

-----
Test: None
Time: 2023-09-09 09:05:00.321404
Request method: POST
Request URL: https://playground.learnqa.ru/api_dev/user/
Request data: {'password': '1234', 'username': 'learnqa', 'firstName': 'learnqa', 'lastName': 'learnqa', 'email': 'learnqa09092023090500@example.com'}
Request headers: {}
Request cookies: {}

Response code: 200
Response text: {"id":"78966"}
Response headers: {'Date': 'Sat, 09 Sep 2023 06:05:01 GMT', 'Content-Type': 'application/json', 'Content-Length': '14', 'Connection': 'keep-alive', 'Keep-Alive': 'timeout=10', 'Server': 'Apache', 'Cache-Control': 'max-age=0', 'Expires': 'Sat, 09 Sep 2023 06:05:00 GMT'}
Response cookies: {}

-----

-----
Test: None
Time: 2023-09-09 09:05:01.000370
Request method: POST
Request URL: https://playground.learnqa.ru/api_dev/user/login
Request data: {'email': 'learnqa09092023090500@example.com', 'password': '1234'}
Request headers: {}
Request cookies: {}

Response code: 200
Response text: {"user_id":78966}
Response headers: {'Date': 'Sat, 09 Sep 2023 06:05:01 GMT', 'Content-Type': 'application/json', 'Content-Length': '17', 'Connection': 'keep-alive', 'Keep-Alive': 'timeout=10', 'Server': 'Apache', 'Set-Cookie': 'auth_sid=2073b8cb3a1e0374ab2e372d7b851cd8e5bc54352e8d8c5c32930905c28a7ffd', 'x-csrf-token': '04eccf4efa1ddc55c8411826c892cfe2ed46abf2e5bc54352e8d8c5c32930905c28a7ffd', 'Cache-Control': 'max-age=0', 'Expires': 'Sat, 09 Sep 2023 06:05:01 GMT'}
Response cookies: {'auth_sid': '2073b8cb3a1e0374ab2e372d7b851cd8e5bc54352e8d8c5c32930905c28a7ffd'}

-----

-----
Test: None
Time: 2023-09-09 09:05:01.135671
Request method: PUT
Request URL: https://playground.learnqa.ru/api_dev/user/78966
Request data: {'firstName': 'x'}
Request headers: {'x-csrf-token': '04eccf4efa1ddc55c8411826c892cfe2ed46abf2e5bc54352e8d8c5c32930905c28a7ffd'}
Request cookies: {'auth_sid': '2073b8cb3a1e0374ab2e372d7b851cd8e5bc54352e8d8c5c32930905c28a7ffd'}

Response code: 400
Response text: {"error":"Too short value for field firstName"}
Response headers: {'Date': 'Sat, 09 Sep 2023 06:05:01 GMT', 'Content-Type': 'application/json', 'Content-Length': '47', 'Connection': 'keep-alive', 'Keep-Alive': 'timeout=10', 'Server': 'Apache'}
Response cookies: {}

-----

-----
Test: None
Time: 2023-09-09 09:05:01.866253
Request method: GET
Request URL: https://playground.learnqa.ru/api_dev/user/78966
Request data: None
Request headers: {'x-csrf-token': '04eccf4efa1ddc55c8411826c892cfe2ed46abf2e5bc54352e8d8c5c32930905c28a7ffd'}
Request cookies: {'auth_sid': '2073b8cb3a1e0374ab2e372d7b851cd8e5bc54352e8d8c5c32930905c28a7ffd'}

Response code: 200
Response text: {"id":"78966","username":"learnqa","email":"learnqa09092023090500@example.com","firstName":"learnqa","lastName":"learnqa"}
Response headers: {'Date': 'Sat, 09 Sep 2023 06:05:02 GMT', 'Content-Type': 'application/json', 'Transfer-Encoding': 'chunked', 'Connection': 'keep-alive', 'Keep-Alive': 'timeout=10', 'Vary': 'Accept-Encoding', 'Server': 'Apache', 'Cache-Control': 'max-age=0', 'Expires': 'Sat, 09 Sep 2023 06:05:02 GMT', 'Content-Encoding': 'gzip'}
Response cookies: {}

-----

-----
Test: None
Time: 2023-09-09 09:05:02.550325
Request method: GET
Request URL: https://playground.learnqa.ru/api_dev/user/2
Request data: None
Request headers: {}
Request cookies: {}

Response code: 200
Response text: {"username":"Vitaliy"}
Response headers: {'Date': 'Sat, 09 Sep 2023 06:05:03 GMT', 'Content-Type': 'application/json', 'Transfer-Encoding': 'chunked', 'Connection': 'keep-alive', 'Keep-Alive': 'timeout=10', 'Vary': 'Accept-Encoding', 'Server': 'Apache', 'Cache-Control': 'max-age=0', 'Expires': 'Sat, 09 Sep 2023 06:05:02 GMT', 'Content-Encoding': 'gzip'}
Response cookies: {}

-----

-----
Test: None
Time: 2023-09-09 09:05:03.321262
Request method: POST
Request URL: https://playground.learnqa.ru/api_dev/user/login
Request data: {'email': 'vinkotov@example.com', 'password': '1234'}
Request headers: {}
Request cookies: {}

Response code: 200
Response text: {"user_id":2}
Response headers: {'Date': 'Sat, 09 Sep 2023 06:05:03 GMT', 'Content-Type': 'application/json', 'Content-Length': '13', 'Connection': 'keep-alive', 'Keep-Alive': 'timeout=10', 'Server': 'Apache', 'Set-Cookie': 'auth_sid=e4027a83336ca92db42e99092859a3cf02e94918f1549272bcf2cafc2634fd9d', 'x-csrf-token': '85781303a3d2c0a5d4809d504b4403c71bd1a5c502e94918f1549272bcf2cafc2634fd9d', 'Cache-Control': 'max-age=0', 'Expires': 'Sat, 09 Sep 2023 06:05:03 GMT'}
Response cookies: {'auth_sid': 'e4027a83336ca92db42e99092859a3cf02e94918f1549272bcf2cafc2634fd9d'}

-----

-----
Test: None
Time: 2023-09-09 09:05:03.504486
Request method: GET
Request URL: https://playground.learnqa.ru/api_dev/user/2
Request data: None
Request headers: {'x-csrf-token': '85781303a3d2c0a5d4809d504b4403c71bd1a5c502e94918f1549272bcf2cafc2634fd9d'}
Request cookies: {'auth_sid': 'e4027a83336ca92db42e99092859a3cf02e94918f1549272bcf2cafc2634fd9d'}

Response code: 200
Response text: {"id":"2","username":"Vitaliy","email":"vinkotov@example.com","firstName":"Vitalii","lastName":"Kotov"}
Response headers: {'Date': 'Sat, 09 Sep 2023 06:05:04 GMT', 'Content-Type': 'application/json', 'Transfer-Encoding': 'chunked', 'Connection': 'keep-alive', 'Keep-Alive': 'timeout=10', 'Vary': 'Accept-Encoding', 'Server': 'Apache', 'Cache-Control': 'max-age=0', 'Expires': 'Sat, 09 Sep 2023 06:05:03 GMT', 'Content-Encoding': 'gzip'}
Response cookies: {}

-----

-----
Test: None
Time: 2023-09-09 09:05:04.242974
Request method: POST
Request URL: https://playground.learnqa.ru/api_dev/user/login
Request data: {'email': 'vinkotov@example.com', 'password': '1234'}
Request headers: {}
Request cookies: {}

Response code: 200
Response text: {"user_id":2}
Response headers: {'Date': 'Sat, 09 Sep 2023 06:05:04 GMT', 'Content-Type': 'application/json', 'Content-Length': '13', 'Connection': 'keep-alive', 'Keep-Alive': 'timeout=10', 'Server': 'Apache', 'Set-Cookie': 'auth_sid=0f9269d1e08ae9334499705294bdd77702e94918f1549272bcf2cafc2634fd9d', 'x-csrf-token': '168047adf4d527152f7b7b7e7ee238dfb9db1a5e02e94918f1549272bcf2cafc2634fd9d', 'Cache-Control': 'max-age=0', 'Expires': 'Sat, 09 Sep 2023 06:05:04 GMT'}
Response cookies: {'auth_sid': '0f9269d1e08ae9334499705294bdd77702e94918f1549272bcf2cafc2634fd9d'}

-----

-----
Test: None
Time: 2023-09-09 09:05:04.366317
Request method: GET
Request URL: https://playground.learnqa.ru/api_dev/user/1
Request data: None
Request headers: {'x-csrf-token': '168047adf4d527152f7b7b7e7ee238dfb9db1a5e02e94918f1549272bcf2cafc2634fd9d'}
Request cookies: {'auth_sid': '0f9269d1e08ae9334499705294bdd77702e94918f1549272bcf2cafc2634fd9d'}

Response code: 200
Response text: {"username":"Lana"}
Response headers: {'Date': 'Sat, 09 Sep 2023 06:05:05 GMT', 'Content-Type': 'application/json', 'Content-Length': '19', 'Connection': 'keep-alive', 'Keep-Alive': 'timeout=10', 'Server': 'Apache', 'Cache-Control': 'max-age=0', 'Expires': 'Sat, 09 Sep 2023 06:05:04 GMT'}
Response cookies: {}

-----

-----
Test: None
Time: 2023-09-09 09:05:05.100513
Request method: POST
Request URL: https://playground.learnqa.ru/api_dev/user/
Request data: {'password': '1234', 'username': 'learnqa', 'firstName': 'learnqa', 'lastName': 'learnqa', 'email': 'learnqa09092023090505@example.com'}
Request headers: {}
Request cookies: {}

Response code: 200
Response text: {"id":"78967"}
Response headers: {'Date': 'Sat, 09 Sep 2023 06:05:05 GMT', 'Content-Type': 'application/json', 'Content-Length': '14', 'Connection': 'keep-alive', 'Keep-Alive': 'timeout=10', 'Server': 'Apache', 'Cache-Control': 'max-age=0', 'Expires': 'Sat, 09 Sep 2023 06:05:05 GMT'}
Response cookies: {}

-----

-----
Test: None
Time: 2023-09-09 09:05:05.760986
Request method: POST
Request URL: https://playground.learnqa.ru/api_dev/user/
Request data: {'password': '1234', 'username': 'learnqa', 'firstName': 'learnqa', 'lastName': 'learnqa', 'email': 'vinkotov@example.com'}
Request headers: {}
Request cookies: {}

Response code: 400
Response text: Users with email 'vinkotov@example.com' already exists
Response headers: {'Date': 'Sat, 09 Sep 2023 06:05:06 GMT', 'Content-Type': 'text/html; charset=utf-8', 'Content-Length': '54', 'Connection': 'keep-alive', 'Keep-Alive': 'timeout=10', 'Server': 'Apache'}
Response cookies: {}

-----

-----
Test: None
Time: 2023-09-09 09:05:06.417115
Request method: POST
Request URL: https://playground.learnqa.ru/api_dev/user/
Request data: {'password': '1234', 'username': 'learnqa', 'firstName': 'learnqa', 'lastName': 'learnqa', 'email': 'testexample.com'}
Request headers: {}
Request cookies: {}

Response code: 400
Response text: Invalid email format
Response headers: {'Date': 'Sat, 09 Sep 2023 06:05:07 GMT', 'Content-Type': 'text/html; charset=utf-8', 'Content-Length': '20', 'Connection': 'keep-alive', 'Keep-Alive': 'timeout=10', 'Server': 'Apache'}
Response cookies: {}

-----

-----
Test: None
Time: 2023-09-09 09:05:07.283595
Request method: POST
Request URL: https://playground.learnqa.ru/api_dev/user/
Request data: {'password': None, 'username': 'bot', 'firstName': 'bot_fname', 'lastName': 'bot_lname', 'email': 'bot@example.com'}
Request headers: {}
Request cookies: {}

Response code: 400
Response text: The following required params are missed: password
Response headers: {'Date': 'Sat, 09 Sep 2023 06:05:08 GMT', 'Content-Type': 'text/html; charset=utf-8', 'Content-Length': '50', 'Connection': 'keep-alive', 'Keep-Alive': 'timeout=10', 'Server': 'Apache'}
Response cookies: {}

-----

-----
Test: None
Time: 2023-09-09 09:05:08.115716
Request method: POST
Request URL: https://playground.learnqa.ru/api_dev/user/
Request data: {'password': '1234', 'username': None, 'firstName': 'bot_fname', 'lastName': 'bot_lname', 'email': 'bot@example.com'}
Request headers: {}
Request cookies: {}

Response code: 400
Response text: The following required params are missed: username
Response headers: {'Date': 'Sat, 09 Sep 2023 06:05:08 GMT', 'Content-Type': 'text/html; charset=utf-8', 'Content-Length': '50', 'Connection': 'keep-alive', 'Keep-Alive': 'timeout=10', 'Server': 'Apache'}
Response cookies: {}

-----

-----
Test: None
Time: 2023-09-09 09:05:08.890514
Request method: POST
Request URL: https://playground.learnqa.ru/api_dev/user/
Request data: {'password': '1234', 'username': 'bot', 'firstName': None, 'lastName': 'bot_lname', 'email': 'bot@example.com'}
Request headers: {}
Request cookies: {}

Response code: 400
Response text: The following required params are missed: firstName
Response headers: {'Date': 'Sat, 09 Sep 2023 06:05:09 GMT', 'Content-Type': 'text/html; charset=utf-8', 'Content-Length': '51', 'Connection': 'keep-alive', 'Keep-Alive': 'timeout=10', 'Server': 'Apache'}
Response cookies: {}

-----

-----
Test: None
Time: 2023-09-09 09:05:09.573908
Request method: POST
Request URL: https://playground.learnqa.ru/api_dev/user/
Request data: {'password': '1234', 'username': 'bot', 'firstName': 'bot_fname', 'lastName': None, 'email': 'bot@example.com'}
Request headers: {}
Request cookies: {}

Response code: 400
Response text: The following required params are missed: lastName
Response headers: {'Date': 'Sat, 09 Sep 2023 06:05:10 GMT', 'Content-Type': 'text/html; charset=utf-8', 'Content-Length': '50', 'Connection': 'keep-alive', 'Keep-Alive': 'timeout=10', 'Server': 'Apache'}
Response cookies: {}

-----

-----
Test: None
Time: 2023-09-09 09:05:10.267646
Request method: POST
Request URL: https://playground.learnqa.ru/api_dev/user/
Request data: {'password': '1234', 'username': 'bot', 'firstName': 'bot_fname', 'lastName': 'bot_lname', 'email': None}
Request headers: {}
Request cookies: {}

Response code: 400
Response text: The following required params are missed: email
Response headers: {'Date': 'Sat, 09 Sep 2023 06:05:10 GMT', 'Content-Type': 'text/html; charset=utf-8', 'Content-Length': '47', 'Connection': 'keep-alive', 'Keep-Alive': 'timeout=10', 'Server': 'Apache'}
Response cookies: {}

-----

-----
Test: None
Time: 2023-09-09 09:05:10.907953
Request method: POST
Request URL: https://playground.learnqa.ru/api_dev/user/
Request data: {'password': '1234', 'username': 'learnqa', 'firstName': 'x', 'lastName': 'learnqa', 'email': 'learnqa09092023090510@example.com'}
Request headers: {}
Request cookies: {}

Response code: 400
Response text: The value of 'firstName' field is too short
Response headers: {'Date': 'Sat, 09 Sep 2023 06:05:11 GMT', 'Content-Type': 'text/html; charset=utf-8', 'Content-Length': '43', 'Connection': 'keep-alive', 'Keep-Alive': 'timeout=10', 'Server': 'Apache'}
Response cookies: {}

-----

-----
Test: None
Time: 2023-09-09 09:05:11.593441
Request method: POST
Request URL: https://playground.learnqa.ru/api_dev/user/
Request data: {'password': '1234', 'username': 'learnqa', 'firstName': 'NOZPoyTwOxzxrJvIDtMiNIrjFpxFvWGlcIUzJmdOWiarNoQwaOkbXVmAdxftEaDYSRNrGpzYkUKrDSlYRhCdRcBjSYORYiNrxmBOQZMeYWBlhKlCcWgxoekXMHiCSodqQZaiaPvoIkIPgsSLGIVIHnPePlXEjTrITMihuZSNZSceklbeZpbszVSmkDqHSaYxdSoZSmYECKeREvbjbjxrvZngKlFJpjUEErDCFYhXCzQSujYVdxSVNaLuYDQ', 'lastName': 'learnqa', 'email': 'learnqa09092023090511@example.com'}
Request headers: {}
Request cookies: {}

Response code: 400
Response text: The value of 'firstName' field is too long
Response headers: {'Date': 'Sat, 09 Sep 2023 06:05:12 GMT', 'Content-Type': 'text/html; charset=utf-8', 'Content-Length': '42', 'Connection': 'keep-alive', 'Keep-Alive': 'timeout=10', 'Server': 'Apache'}
Response cookies: {}

-----
