
-----
Test: None
Time: 2023-09-08 23:52:11.709364
Request method: POST
Request URL: https://playground.learnqa.ru/api_dev/user/login
Request data: {'email': 'vinkotov@example.com', 'password': '1234'}
Request headers: {}
Request cookies: {}

Response code: 200
Response text: {"user_id":2}
Response headers: {'Date': 'Fri, 08 Sep 2023 20:52:12 GMT', 'Content-Type': 'application/json', 'Content-Length': '13', 'Connection': 'keep-alive', 'Keep-Alive': 'timeout=10', 'Server': 'Apache', 'Set-Cookie': 'auth_sid=0eac3fff5a0552c36717e7c6bd4c0a3d02e94918f1549272bcf2cafc2634fd9d', 'x-csrf-token': '430973fdcf633573562ad6c4067ef8e28244bba902e94918f1549272bcf2cafc2634fd9d', 'Cache-Control': 'max-age=0', 'Expires': 'Fri, 08 Sep 2023 20:52:12 GMT'}
Response cookies: {'auth_sid': '0eac3fff5a0552c36717e7c6bd4c0a3d02e94918f1549272bcf2cafc2634fd9d'}

-----

-----
Test: None
Time: 2023-09-08 23:52:12.005845
Request method: GET
Request URL: https://playground.learnqa.ru/api_dev/user/auth
Request data: None
Request headers: {'x-csrf-token': '430973fdcf633573562ad6c4067ef8e28244bba902e94918f1549272bcf2cafc2634fd9d'}
Request cookies: {}

Response code: 200
Response text: {"user_id":0}
Response headers: {'Date': 'Fri, 08 Sep 2023 20:52:12 GMT', 'Content-Type': 'application/json', 'Content-Length': '13', 'Connection': 'keep-alive', 'Keep-Alive': 'timeout=10', 'Server': 'Apache', 'Cache-Control': 'max-age=0', 'Expires': 'Fri, 08 Sep 2023 20:52:12 GMT'}
Response cookies: {}

-----

-----
Test: None
Time: 2023-09-08 23:52:12.274668
Request method: POST
Request URL: https://playground.learnqa.ru/api_dev/user/login
Request data: {'email': 'vinkotov@example.com', 'password': '1234'}
Request headers: {}
Request cookies: {}

Response code: 200
Response text: {"user_id":2}
Response headers: {'Date': 'Fri, 08 Sep 2023 20:52:12 GMT', 'Content-Type': 'application/json', 'Content-Length': '13', 'Connection': 'keep-alive', 'Keep-Alive': 'timeout=10', 'Server': 'Apache', 'Set-Cookie': 'auth_sid=6081d09e046255e052b9d4b2f255c46c02e94918f1549272bcf2cafc2634fd9d', 'x-csrf-token': 'e09fabdf20c78b67f43afc07e2526f4529e8d4f202e94918f1549272bcf2cafc2634fd9d', 'Cache-Control': 'max-age=0', 'Expires': 'Fri, 08 Sep 2023 20:52:12 GMT'}
Response cookies: {'auth_sid': '6081d09e046255e052b9d4b2f255c46c02e94918f1549272bcf2cafc2634fd9d'}

-----

-----
Test: None
Time: 2023-09-08 23:52:12.422118
Request method: GET
Request URL: https://playground.learnqa.ru/api_dev/user/auth
Request data: None
Request headers: {}
Request cookies: {'auth_sid': '6081d09e046255e052b9d4b2f255c46c02e94918f1549272bcf2cafc2634fd9d'}

Response code: 200
Response text: {"user_id":0}
Response headers: {'Date': 'Fri, 08 Sep 2023 20:52:12 GMT', 'Content-Type': 'application/json', 'Content-Length': '13', 'Connection': 'keep-alive', 'Keep-Alive': 'timeout=10', 'Server': 'Apache', 'Cache-Control': 'max-age=0', 'Expires': 'Fri, 08 Sep 2023 20:52:12 GMT'}
Response cookies: {}

-----

-----
Test: None
Time: 2023-09-08 23:52:12.729603
Request method: POST
Request URL: https://playground.learnqa.ru/api_dev/user/
Request data: {'password': '1234', 'username': 'learnqa', 'firstName': 'learnqa', 'lastName': 'learnqa', 'email': 'learnqa09082023235212@example.com'}
Request headers: {}
Request cookies: {}

Response code: 200
Response text: {"id":"78944"}
Response headers: {'Date': 'Fri, 08 Sep 2023 20:52:13 GMT', 'Content-Type': 'application/json', 'Content-Length': '14', 'Connection': 'keep-alive', 'Keep-Alive': 'timeout=10', 'Server': 'Apache', 'Cache-Control': 'max-age=0', 'Expires': 'Fri, 08 Sep 2023 20:52:12 GMT'}
Response cookies: {}

-----

-----
Test: None
Time: 2023-09-08 23:52:13.388122
Request method: PUT
Request URL: https://playground.learnqa.ru/api_dev/user/78631
Request data: {'lastName': 'Changed last name'}
Request headers: {}
Request cookies: {}

Response code: 400
Response text: Auth token not supplied
Response headers: {'Date': 'Fri, 08 Sep 2023 20:52:14 GMT', 'Content-Type': 'text/html; charset=utf-8', 'Content-Length': '23', 'Connection': 'keep-alive', 'Keep-Alive': 'timeout=10', 'Server': 'Apache'}
Response cookies: {}

-----

-----
Test: None
Time: 2023-09-08 23:52:14.127494
Request method: POST
Request URL: https://playground.learnqa.ru/api_dev/user/login
Request data: {'email': 'learnqa09082023235212@example.com', 'password': '1234'}
Request headers: {}
Request cookies: {}

Response code: 200
Response text: {"user_id":78944}
Response headers: {'Date': 'Fri, 08 Sep 2023 20:52:14 GMT', 'Content-Type': 'application/json', 'Content-Length': '17', 'Connection': 'keep-alive', 'Keep-Alive': 'timeout=10', 'Server': 'Apache', 'Set-Cookie': 'auth_sid=91f83bd474dab4b70f318dadacc2d29de7b11ae346ec941c790f84f94677fb4e', 'x-csrf-token': '6026a3238734fd37febe7b88a19dab955a52a5ffe7b11ae346ec941c790f84f94677fb4e', 'Cache-Control': 'max-age=0', 'Expires': 'Fri, 08 Sep 2023 20:52:14 GMT'}
Response cookies: {'auth_sid': '91f83bd474dab4b70f318dadacc2d29de7b11ae346ec941c790f84f94677fb4e'}

-----

-----
Test: None
Time: 2023-09-08 23:52:14.302378
Request method: GET
Request URL: https://playground.learnqa.ru/api_dev/user/78944
Request data: None
Request headers: {'x-csrf-token': '6026a3238734fd37febe7b88a19dab955a52a5ffe7b11ae346ec941c790f84f94677fb4e'}
Request cookies: {'auth_sid': '91f83bd474dab4b70f318dadacc2d29de7b11ae346ec941c790f84f94677fb4e'}

Response code: 200
Response text: {"id":"78944","username":"learnqa","email":"learnqa09082023235212@example.com","firstName":"learnqa","lastName":"learnqa"}
Response headers: {'Date': 'Fri, 08 Sep 2023 20:52:15 GMT', 'Content-Type': 'application/json', 'Transfer-Encoding': 'chunked', 'Connection': 'keep-alive', 'Keep-Alive': 'timeout=10', 'Vary': 'Accept-Encoding', 'Server': 'Apache', 'Cache-Control': 'max-age=0', 'Expires': 'Fri, 08 Sep 2023 20:52:14 GMT', 'Content-Encoding': 'gzip'}
Response cookies: {}

-----

-----
Test: None
Time: 2023-09-08 23:52:15.041143
Request method: POST
Request URL: https://playground.learnqa.ru/api_dev/user/
Request data: {'password': '1234', 'username': 'learnqa', 'firstName': 'learnqa', 'lastName': 'learnqa', 'email': 'jxXHfHjPl@example.com'}
Request headers: {}
Request cookies: {}

Response code: 200
Response text: {"id":"78945"}
Response headers: {'Date': 'Fri, 08 Sep 2023 20:52:15 GMT', 'Content-Type': 'application/json', 'Content-Length': '14', 'Connection': 'keep-alive', 'Keep-Alive': 'timeout=10', 'Server': 'Apache', 'Cache-Control': 'max-age=0', 'Expires': 'Fri, 08 Sep 2023 20:52:15 GMT'}
Response cookies: {}

-----

-----
Test: None
Time: 2023-09-08 23:52:15.695241
Request method: POST
Request URL: https://playground.learnqa.ru/api_dev/user/
Request data: {'password': '1234', 'username': 'learnqa', 'firstName': 'learnqa', 'lastName': 'learnqa', 'email': 'UthIuuhcPc@example.com'}
Request headers: {}
Request cookies: {}

Response code: 200
Response text: {"id":"78946"}
Response headers: {'Date': 'Fri, 08 Sep 2023 20:52:16 GMT', 'Content-Type': 'application/json', 'Content-Length': '14', 'Connection': 'keep-alive', 'Keep-Alive': 'timeout=10', 'Server': 'Apache', 'Cache-Control': 'max-age=0', 'Expires': 'Fri, 08 Sep 2023 20:52:15 GMT'}
Response cookies: {}

-----

-----
Test: None
Time: 2023-09-08 23:52:16.355534
Request method: POST
Request URL: https://playground.learnqa.ru/api_dev/user/login
Request data: {'email': 'UthIuuhcPc@example.com', 'password': '1234'}
Request headers: {}
Request cookies: {}

Response code: 200
Response text: {"user_id":78946}
Response headers: {'Date': 'Fri, 08 Sep 2023 20:52:16 GMT', 'Content-Type': 'application/json', 'Content-Length': '17', 'Connection': 'keep-alive', 'Keep-Alive': 'timeout=10', 'Server': 'Apache', 'Set-Cookie': 'auth_sid=91171b15cc7f25ccff8b36adabd04b6ee17404e4177e99227b6f745b61d47fce', 'x-csrf-token': '5c826251b2ba4a74db5d4b941c48e8c4a2db8fade17404e4177e99227b6f745b61d47fce', 'Cache-Control': 'max-age=0', 'Expires': 'Fri, 08 Sep 2023 20:52:16 GMT'}
Response cookies: {'auth_sid': '91171b15cc7f25ccff8b36adabd04b6ee17404e4177e99227b6f745b61d47fce'}

-----

-----
Test: None
Time: 2023-09-08 23:52:16.544144
Request method: PUT
Request URL: https://playground.learnqa.ru/api_dev/user/78945
Request data: {'firstName': 'Test name'}
Request headers: {'x-csrf-token': '5c826251b2ba4a74db5d4b941c48e8c4a2db8fade17404e4177e99227b6f745b61d47fce'}
Request cookies: {'auth_sid': '91171b15cc7f25ccff8b36adabd04b6ee17404e4177e99227b6f745b61d47fce'}

Response code: 200
Response text: 
Response headers: {'Date': 'Fri, 08 Sep 2023 20:52:17 GMT', 'Content-Type': 'text/html; charset=utf-8', 'Content-Length': '0', 'Connection': 'keep-alive', 'Keep-Alive': 'timeout=10', 'Server': 'Apache', 'Cache-Control': 'max-age=0', 'Expires': 'Fri, 08 Sep 2023 20:52:16 GMT'}
Response cookies: {}

-----

-----
Test: None
Time: 2023-09-08 23:52:17.284381
Request method: POST
Request URL: https://playground.learnqa.ru/api_dev/user/login
Request data: {'email': 'jxXHfHjPl@example.com', 'password': '1234'}
Request headers: {}
Request cookies: {}

Response code: 200
Response text: {"user_id":78945}
Response headers: {'Date': 'Fri, 08 Sep 2023 20:52:17 GMT', 'Content-Type': 'application/json', 'Content-Length': '17', 'Connection': 'keep-alive', 'Keep-Alive': 'timeout=10', 'Server': 'Apache', 'Set-Cookie': 'auth_sid=5c174bc6f908dcd3c8fdd7a382d469712ddfd13ab6d87e07ccbfbdb1079a8d9b', 'x-csrf-token': '2b662d3396caac8f56fcfa2f7e2fd8ca4eca52972ddfd13ab6d87e07ccbfbdb1079a8d9b', 'Cache-Control': 'max-age=0', 'Expires': 'Fri, 08 Sep 2023 20:52:17 GMT'}
Response cookies: {'auth_sid': '5c174bc6f908dcd3c8fdd7a382d469712ddfd13ab6d87e07ccbfbdb1079a8d9b'}

-----

-----
Test: None
Time: 2023-09-08 23:52:17.474243
Request method: GET
Request URL: https://playground.learnqa.ru/api_dev/user/78945
Request data: None
Request headers: {'x-csrf-token': '2b662d3396caac8f56fcfa2f7e2fd8ca4eca52972ddfd13ab6d87e07ccbfbdb1079a8d9b'}
Request cookies: {'auth_sid': '5c174bc6f908dcd3c8fdd7a382d469712ddfd13ab6d87e07ccbfbdb1079a8d9b'}

Response code: 200
Response text: {"id":"78945","username":"learnqa","email":"jxXHfHjPl@example.com","firstName":"learnqa","lastName":"learnqa"}
Response headers: {'Date': 'Fri, 08 Sep 2023 20:52:18 GMT', 'Content-Type': 'application/json', 'Transfer-Encoding': 'chunked', 'Connection': 'keep-alive', 'Keep-Alive': 'timeout=10', 'Vary': 'Accept-Encoding', 'Server': 'Apache', 'Cache-Control': 'max-age=0', 'Expires': 'Fri, 08 Sep 2023 20:52:17 GMT', 'Content-Encoding': 'gzip'}
Response cookies: {}

-----

-----
Test: None
Time: 2023-09-08 23:52:18.211527
Request method: POST
Request URL: https://playground.learnqa.ru/api_dev/user/
Request data: {'password': '1234', 'username': 'learnqa', 'firstName': 'learnqa', 'lastName': 'learnqa', 'email': 'learnqa09082023235218@example.com'}
Request headers: {}
Request cookies: {}

Response code: 200
Response text: {"id":"78947"}
Response headers: {'Date': 'Fri, 08 Sep 2023 20:52:18 GMT', 'Content-Type': 'application/json', 'Content-Length': '14', 'Connection': 'keep-alive', 'Keep-Alive': 'timeout=10', 'Server': 'Apache', 'Cache-Control': 'max-age=0', 'Expires': 'Fri, 08 Sep 2023 20:52:18 GMT'}
Response cookies: {}

-----

-----
Test: None
Time: 2023-09-08 23:52:18.860658
Request method: POST
Request URL: https://playground.learnqa.ru/api_dev/user/login
Request data: {'email': 'learnqa09082023235218@example.com', 'password': '1234'}
Request headers: {}
Request cookies: {}

Response code: 200
Response text: {"user_id":78947}
Response headers: {'Date': 'Fri, 08 Sep 2023 20:52:19 GMT', 'Content-Type': 'application/json', 'Content-Length': '17', 'Connection': 'keep-alive', 'Keep-Alive': 'timeout=10', 'Server': 'Apache', 'Set-Cookie': 'auth_sid=6cd723fb381359a867c17e4187434061fcda84d27875bfbbaa84495bf9de24da', 'x-csrf-token': '4da4e742f836fae0e41ca7251eb5d3e04d929ae6fcda84d27875bfbbaa84495bf9de24da', 'Cache-Control': 'max-age=0', 'Expires': 'Fri, 08 Sep 2023 20:52:19 GMT'}
Response cookies: {'auth_sid': '6cd723fb381359a867c17e4187434061fcda84d27875bfbbaa84495bf9de24da'}

-----

-----
Test: None
Time: 2023-09-08 23:52:19.047019
Request method: PUT
Request URL: https://playground.learnqa.ru/api_dev/user/78947
Request data: {'email': 'testexample.com'}
Request headers: {'x-csrf-token': '4da4e742f836fae0e41ca7251eb5d3e04d929ae6fcda84d27875bfbbaa84495bf9de24da'}
Request cookies: {'auth_sid': '6cd723fb381359a867c17e4187434061fcda84d27875bfbbaa84495bf9de24da'}

Response code: 400
Response text: Invalid email format
Response headers: {'Date': 'Fri, 08 Sep 2023 20:52:19 GMT', 'Content-Type': 'text/html; charset=utf-8', 'Content-Length': '20', 'Connection': 'keep-alive', 'Keep-Alive': 'timeout=10', 'Server': 'Apache'}
Response cookies: {}

-----

-----
Test: None
Time: 2023-09-08 23:52:19.780392
Request method: GET
Request URL: https://playground.learnqa.ru/api_dev/user/78947
Request data: None
Request headers: {'x-csrf-token': '4da4e742f836fae0e41ca7251eb5d3e04d929ae6fcda84d27875bfbbaa84495bf9de24da'}
Request cookies: {'auth_sid': '6cd723fb381359a867c17e4187434061fcda84d27875bfbbaa84495bf9de24da'}

Response code: 200
Response text: {"id":"78947","username":"learnqa","email":"learnqa09082023235218@example.com","firstName":"learnqa","lastName":"learnqa"}
Response headers: {'Date': 'Fri, 08 Sep 2023 20:52:20 GMT', 'Content-Type': 'application/json', 'Transfer-Encoding': 'chunked', 'Connection': 'keep-alive', 'Keep-Alive': 'timeout=10', 'Vary': 'Accept-Encoding', 'Server': 'Apache', 'Cache-Control': 'max-age=0', 'Expires': 'Fri, 08 Sep 2023 20:52:20 GMT', 'Content-Encoding': 'gzip'}
Response cookies: {}

-----

-----
Test: None
Time: 2023-09-08 23:52:20.417835
Request method: POST
Request URL: https://playground.learnqa.ru/api_dev/user/
Request data: {'password': '1234', 'username': 'learnqa', 'firstName': 'learnqa', 'lastName': 'learnqa', 'email': 'learnqa09082023235220@example.com'}
Request headers: {}
Request cookies: {}

Response code: 200
Response text: {"id":"78948"}
Response headers: {'Date': 'Fri, 08 Sep 2023 20:52:21 GMT', 'Content-Type': 'application/json', 'Content-Length': '14', 'Connection': 'keep-alive', 'Keep-Alive': 'timeout=10', 'Server': 'Apache', 'Cache-Control': 'max-age=0', 'Expires': 'Fri, 08 Sep 2023 20:52:20 GMT'}
Response cookies: {}

-----

-----
Test: None
Time: 2023-09-08 23:52:21.062893
Request method: POST
Request URL: https://playground.learnqa.ru/api_dev/user/login
Request data: {'email': 'learnqa09082023235220@example.com', 'password': '1234'}
Request headers: {}
Request cookies: {}

Response code: 200
Response text: {"user_id":78948}
Response headers: {'Date': 'Fri, 08 Sep 2023 20:52:21 GMT', 'Content-Type': 'application/json', 'Content-Length': '17', 'Connection': 'keep-alive', 'Keep-Alive': 'timeout=10', 'Server': 'Apache', 'Set-Cookie': 'auth_sid=2e947f3254bb9f0f40915f39877da98787b898f9717e9ffedb1945e4fc6fd739', 'x-csrf-token': 'e493c54f1288c4ce41e15b625ba876298bba8b3a87b898f9717e9ffedb1945e4fc6fd739', 'Cache-Control': 'max-age=0', 'Expires': 'Fri, 08 Sep 2023 20:52:21 GMT'}
Response cookies: {'auth_sid': '2e947f3254bb9f0f40915f39877da98787b898f9717e9ffedb1945e4fc6fd739'}

-----

-----
Test: None
Time: 2023-09-08 23:52:21.267091
Request method: PUT
Request URL: https://playground.learnqa.ru/api_dev/user/78948
Request data: {'firstName': 'x'}
Request headers: {'x-csrf-token': 'e493c54f1288c4ce41e15b625ba876298bba8b3a87b898f9717e9ffedb1945e4fc6fd739'}
Request cookies: {'auth_sid': '2e947f3254bb9f0f40915f39877da98787b898f9717e9ffedb1945e4fc6fd739'}

Response code: 400
Response text: {"error":"Too short value for field firstName"}
Response headers: {'Date': 'Fri, 08 Sep 2023 20:52:22 GMT', 'Content-Type': 'application/json', 'Content-Length': '47', 'Connection': 'keep-alive', 'Keep-Alive': 'timeout=10', 'Server': 'Apache'}
Response cookies: {}

-----

-----
Test: None
Time: 2023-09-08 23:52:22.013274
Request method: GET
Request URL: https://playground.learnqa.ru/api_dev/user/78948
Request data: None
Request headers: {'x-csrf-token': 'e493c54f1288c4ce41e15b625ba876298bba8b3a87b898f9717e9ffedb1945e4fc6fd739'}
Request cookies: {'auth_sid': '2e947f3254bb9f0f40915f39877da98787b898f9717e9ffedb1945e4fc6fd739'}

Response code: 200
Response text: {"id":"78948","username":"learnqa","email":"learnqa09082023235220@example.com","firstName":"learnqa","lastName":"learnqa"}
Response headers: {'Date': 'Fri, 08 Sep 2023 20:52:22 GMT', 'Content-Type': 'application/json', 'Transfer-Encoding': 'chunked', 'Connection': 'keep-alive', 'Keep-Alive': 'timeout=10', 'Vary': 'Accept-Encoding', 'Server': 'Apache', 'Cache-Control': 'max-age=0', 'Expires': 'Fri, 08 Sep 2023 20:52:22 GMT', 'Content-Encoding': 'gzip'}
Response cookies: {}

-----

-----
Test: None
Time: 2023-09-08 23:52:22.655554
Request method: POST
Request URL: https://playground.learnqa.ru/api_dev/user/
Request data: {'password': '1234', 'username': 'learnqa', 'firstName': 'learnqa', 'lastName': 'learnqa', 'email': 'vinkotov@example.com'}
Request headers: {}
Request cookies: {}

Response code: 400
Response text: Users with email 'vinkotov@example.com' already exists
Response headers: {'Date': 'Fri, 08 Sep 2023 20:52:23 GMT', 'Content-Type': 'text/html; charset=utf-8', 'Content-Length': '54', 'Connection': 'keep-alive', 'Keep-Alive': 'timeout=10', 'Server': 'Apache'}
Response cookies: {}

-----

-----
Test: None
Time: 2023-09-08 23:52:23.366905
Request method: POST
Request URL: https://playground.learnqa.ru/api_dev/user/
Request data: {'password': '1234', 'username': 'learnqa', 'firstName': 'learnqa', 'lastName': 'learnqa', 'email': 'testexample.com'}
Request headers: {}
Request cookies: {}

Response code: 400
Response text: Invalid email format
Response headers: {'Date': 'Fri, 08 Sep 2023 20:52:24 GMT', 'Content-Type': 'text/html; charset=utf-8', 'Content-Length': '20', 'Connection': 'keep-alive', 'Keep-Alive': 'timeout=10', 'Server': 'Apache'}
Response cookies: {}

-----

-----
Test: None
Time: 2023-09-08 23:52:24.032341
Request method: POST
Request URL: https://playground.learnqa.ru/api_dev/user/
Request data: {'password': None, 'username': 'bot', 'firstName': 'bot_fname', 'lastName': 'bot_lname', 'email': 'bot@example.com'}
Request headers: {}
Request cookies: {}

Response code: 400
Response text: The following required params are missed: password
Response headers: {'Date': 'Fri, 08 Sep 2023 20:52:24 GMT', 'Content-Type': 'text/html; charset=utf-8', 'Content-Length': '50', 'Connection': 'keep-alive', 'Keep-Alive': 'timeout=10', 'Server': 'Apache'}
Response cookies: {}

-----

-----
Test: None
Time: 2023-09-08 23:52:24.708486
Request method: POST
Request URL: https://playground.learnqa.ru/api_dev/user/
Request data: {'password': '1234', 'username': None, 'firstName': 'bot_fname', 'lastName': 'bot_lname', 'email': 'bot@example.com'}
Request headers: {}
Request cookies: {}

Response code: 400
Response text: The following required params are missed: username
Response headers: {'Date': 'Fri, 08 Sep 2023 20:52:25 GMT', 'Content-Type': 'text/html; charset=utf-8', 'Content-Length': '50', 'Connection': 'keep-alive', 'Keep-Alive': 'timeout=10', 'Server': 'Apache'}
Response cookies: {}

-----

-----
Test: None
Time: 2023-09-08 23:52:25.418387
Request method: POST
Request URL: https://playground.learnqa.ru/api_dev/user/
Request data: {'password': '1234', 'username': 'bot', 'firstName': None, 'lastName': 'bot_lname', 'email': 'bot@example.com'}
Request headers: {}
Request cookies: {}

Response code: 400
Response text: The following required params are missed: firstName
Response headers: {'Date': 'Fri, 08 Sep 2023 20:52:26 GMT', 'Content-Type': 'text/html; charset=utf-8', 'Content-Length': '51', 'Connection': 'keep-alive', 'Keep-Alive': 'timeout=10', 'Server': 'Apache'}
Response cookies: {}

-----

-----
Test: None
Time: 2023-09-08 23:52:26.062593
Request method: POST
Request URL: https://playground.learnqa.ru/api_dev/user/
Request data: {'password': '1234', 'username': 'bot', 'firstName': 'bot_fname', 'lastName': None, 'email': 'bot@example.com'}
Request headers: {}
Request cookies: {}

Response code: 400
Response text: The following required params are missed: lastName
Response headers: {'Date': 'Fri, 08 Sep 2023 20:52:26 GMT', 'Content-Type': 'text/html; charset=utf-8', 'Content-Length': '50', 'Connection': 'keep-alive', 'Keep-Alive': 'timeout=10', 'Server': 'Apache'}
Response cookies: {}

-----

-----
Test: None
Time: 2023-09-08 23:52:26.725926
Request method: POST
Request URL: https://playground.learnqa.ru/api_dev/user/
Request data: {'password': '1234', 'username': 'bot', 'firstName': 'bot_fname', 'lastName': 'bot_lname', 'email': None}
Request headers: {}
Request cookies: {}

Response code: 400
Response text: The following required params are missed: email
Response headers: {'Date': 'Fri, 08 Sep 2023 20:52:27 GMT', 'Content-Type': 'text/html; charset=utf-8', 'Content-Length': '47', 'Connection': 'keep-alive', 'Keep-Alive': 'timeout=10', 'Server': 'Apache'}
Response cookies: {}

-----

-----
Test: None
Time: 2023-09-08 23:52:27.434701
Request method: POST
Request URL: https://playground.learnqa.ru/api_dev/user/
Request data: {'password': '1234', 'username': 'learnqa', 'firstName': 'x', 'lastName': 'learnqa', 'email': 'learnqa09082023235227@example.com'}
Request headers: {}
Request cookies: {}

Response code: 400
Response text: The value of 'firstName' field is too short
Response headers: {'Date': 'Fri, 08 Sep 2023 20:52:28 GMT', 'Content-Type': 'text/html; charset=utf-8', 'Content-Length': '43', 'Connection': 'keep-alive', 'Keep-Alive': 'timeout=10', 'Server': 'Apache'}
Response cookies: {}

-----

-----
Test: None
Time: 2023-09-08 23:52:28.120908
Request method: POST
Request URL: https://playground.learnqa.ru/api_dev/user/
Request data: {'password': '1234', 'username': 'learnqa', 'firstName': 'xuAHeUFbCJCjNlbFgkkfiQOEnMlNRpJtHxTtGpBxRERcNqXinmTWLIzpEKzXRYUDsMGncUiCdsqWgjoIeUAnLqmoRaEIqwRgPTiRADwxXhTkkFtEXqTYbYozQtyATmzDKttBRLbDpfshURotBBMhNZsKAyHptAbnfmSWxEHWmbvmZflPLZxlRpbXXBNnFzlCkAsLezJWPLkFXxWCfgeItMqQnEZyxIXaRhaVKcEcSkdjEeKXmmxZAEIBwHK', 'lastName': 'learnqa', 'email': 'learnqa09082023235228@example.com'}
Request headers: {}
Request cookies: {}

Response code: 400
Response text: The value of 'firstName' field is too long
Response headers: {'Date': 'Fri, 08 Sep 2023 20:52:28 GMT', 'Content-Type': 'text/html; charset=utf-8', 'Content-Length': '42', 'Connection': 'keep-alive', 'Keep-Alive': 'timeout=10', 'Server': 'Apache'}
Response cookies: {}

-----
