
-----
Test: None
Time: 2023-09-09 11:47:10.565462
Request method: POST
Request URL: https://playground.learnqa.ru/api_dev/user/
Request data: {'password': '1234', 'username': 'learnqa', 'firstName': 'learnqa', 'lastName': 'learnqa', 'email': 'learnqa09092023114710@example.com'}
Request headers: {}
Request cookies: {}

Response code: 200
Response text: {"id":"78987"}
Response headers: {'Date': 'Sat, 09 Sep 2023 08:47:11 GMT', 'Content-Type': 'application/json', 'Content-Length': '14', 'Connection': 'keep-alive', 'Keep-Alive': 'timeout=10', 'Server': 'Apache', 'Cache-Control': 'max-age=0', 'Expires': 'Sat, 09 Sep 2023 08:47:10 GMT'}
Response cookies: {}

-----

-----
Test: None
Time: 2023-09-09 11:47:11.259289
Request method: POST
Request URL: https://playground.learnqa.ru/api_dev/user/login
Request data: {'email': 'learnqa09092023114710@example.com', 'password': '1234'}
Request headers: {}
Request cookies: {}

Response code: 200
Response text: {"user_id":78987}
Response headers: {'Date': 'Sat, 09 Sep 2023 08:47:11 GMT', 'Content-Type': 'application/json', 'Content-Length': '17', 'Connection': 'keep-alive', 'Keep-Alive': 'timeout=10', 'Server': 'Apache', 'Set-Cookie': 'auth_sid=277b7642111fd79349e7223f16f4f7c8e74579b202a48d6e6efd26b89fbacdd9', 'x-csrf-token': '9bdd0909f4bd9ea996ea363abc4c5c3d690a06d0e74579b202a48d6e6efd26b89fbacdd9', 'Cache-Control': 'max-age=0', 'Expires': 'Sat, 09 Sep 2023 08:47:11 GMT'}
Response cookies: {'auth_sid': '277b7642111fd79349e7223f16f4f7c8e74579b202a48d6e6efd26b89fbacdd9'}

-----

-----
Test: None
Time: 2023-09-09 11:47:11.417408
Request method: DELETE
Request URL: https://playground.learnqa.ru/api_dev/user/78987
Request data: None
Request headers: {'x-csrf-token': '9bdd0909f4bd9ea996ea363abc4c5c3d690a06d0e74579b202a48d6e6efd26b89fbacdd9'}
Request cookies: {'auth_sid': '277b7642111fd79349e7223f16f4f7c8e74579b202a48d6e6efd26b89fbacdd9'}

Response code: 200
Response text: 
Response headers: {'Date': 'Sat, 09 Sep 2023 08:47:12 GMT', 'Content-Type': 'text/html; charset=utf-8', 'Content-Length': '0', 'Connection': 'keep-alive', 'Keep-Alive': 'timeout=10', 'Server': 'Apache', 'Cache-Control': 'max-age=0', 'Expires': 'Sat, 09 Sep 2023 08:47:11 GMT'}
Response cookies: {}

-----

-----
Test: None
Time: 2023-09-09 11:47:12.188008
Request method: GET
Request URL: https://playground.learnqa.ru/api_dev/user/78987
Request data: None
Request headers: {'x-csrf-token': '9bdd0909f4bd9ea996ea363abc4c5c3d690a06d0e74579b202a48d6e6efd26b89fbacdd9'}
Request cookies: {'auth_sid': '277b7642111fd79349e7223f16f4f7c8e74579b202a48d6e6efd26b89fbacdd9'}

Response code: 404
Response text: User not found
Response headers: {'Date': 'Sat, 09 Sep 2023 08:47:13 GMT', 'Content-Type': 'text/html; charset=utf-8', 'Content-Length': '14', 'Connection': 'keep-alive', 'Keep-Alive': 'timeout=10', 'Server': 'Apache'}
Response cookies: {}

-----
