
-----
Test: None
Time: 2023-09-09 10:47:49.722280
Request method: POST
Request URL: https://playground.learnqa.ru/api_dev/user/login
Request data: {'email': 'vinkotov@example.com', 'password': '1234'}
Request headers: {}
Request cookies: {}

Response code: 200
Response text: {"user_id":2}
Response headers: {'Date': 'Sat, 09 Sep 2023 07:47:50 GMT', 'Content-Type': 'application/json', 'Content-Length': '13', 'Connection': 'keep-alive', 'Keep-Alive': 'timeout=10', 'Server': 'Apache', 'Set-Cookie': 'auth_sid=8d51efe6828acebbd9968fe2ef2e0ed302e94918f1549272bcf2cafc2634fd9d', 'x-csrf-token': '80440a8fd97a3eaca3faddf3cf96be42e318a13202e94918f1549272bcf2cafc2634fd9d', 'Cache-Control': 'max-age=0', 'Expires': 'Sat, 09 Sep 2023 07:47:50 GMT'}
Response cookies: {'auth_sid': '8d51efe6828acebbd9968fe2ef2e0ed302e94918f1549272bcf2cafc2634fd9d'}

-----

-----
Test: None
Time: 2023-09-09 10:47:49.933692
Request method: DELETE
Request URL: https://playground.learnqa.ru/api_dev/user/2
Request data: None
Request headers: {}
Request cookies: {}

Response code: 400
Response text: Auth token not supplied
Response headers: {'Date': 'Sat, 09 Sep 2023 07:47:50 GMT', 'Content-Type': 'text/html; charset=utf-8', 'Content-Length': '23', 'Connection': 'keep-alive', 'Keep-Alive': 'timeout=10', 'Server': 'Apache'}
Response cookies: {}

-----
