
-----
Test: None
Time: 2023-09-08 22:33:05.775016
Request method: POST
Request URL: https://playground.learnqa.ru/api_dev/user/login
Request data: {'email': 'vinkotov@example.com', 'password': '1234'}
Request headers: {}
Request cookies: {}

Response code: 200
Response text: {"user_id":2}
Response headers: {'Date': 'Fri, 08 Sep 2023 19:33:06 GMT', 'Content-Type': 'application/json', 'Content-Length': '13', 'Connection': 'keep-alive', 'Keep-Alive': 'timeout=10', 'Server': 'Apache', 'Set-Cookie': 'auth_sid=7c0fe3f88ffdfcf5aa8bb0f3fdd7631f02e94918f1549272bcf2cafc2634fd9d', 'x-csrf-token': 'a4fcca014f74b100adf3899b9865cd059ef8a82402e94918f1549272bcf2cafc2634fd9d', 'Cache-Control': 'max-age=0', 'Expires': 'Fri, 08 Sep 2023 19:33:06 GMT'}
Response cookies: {'auth_sid': '7c0fe3f88ffdfcf5aa8bb0f3fdd7631f02e94918f1549272bcf2cafc2634fd9d'}

-----

-----
Test: None
Time: 2023-09-08 22:33:06.012274
Request method: GET
Request URL: https://playground.learnqa.ru/api_dev/user/auth
Request data: None
Request headers: {'x-csrf-token': 'a4fcca014f74b100adf3899b9865cd059ef8a82402e94918f1549272bcf2cafc2634fd9d'}
Request cookies: {'auth_sid': '7c0fe3f88ffdfcf5aa8bb0f3fdd7631f02e94918f1549272bcf2cafc2634fd9d'}

Response code: 200
Response text: {"user_id":2}
Response headers: {'Date': 'Fri, 08 Sep 2023 19:33:06 GMT', 'Content-Type': 'application/json', 'Content-Length': '13', 'Connection': 'keep-alive', 'Keep-Alive': 'timeout=10', 'Server': 'Apache', 'Cache-Control': 'max-age=0', 'Expires': 'Fri, 08 Sep 2023 19:33:06 GMT'}
Response cookies: {}

-----

-----
Test: None
Time: 2023-09-08 22:33:06.259124
Request method: POST
Request URL: https://playground.learnqa.ru/api_dev/user/login
Request data: {'email': 'vinkotov@example.com', 'password': '1234'}
Request headers: {}
Request cookies: {}

Response code: 200
Response text: {"user_id":2}
Response headers: {'Date': 'Fri, 08 Sep 2023 19:33:06 GMT', 'Content-Type': 'application/json', 'Content-Length': '13', 'Connection': 'keep-alive', 'Keep-Alive': 'timeout=10', 'Server': 'Apache', 'Set-Cookie': 'auth_sid=18de9717af27640fb4d1c597edbacd9402e94918f1549272bcf2cafc2634fd9d', 'x-csrf-token': 'bbe446e5eee07631aab37801576a3fa62ba42cfa02e94918f1549272bcf2cafc2634fd9d', 'Cache-Control': 'max-age=0', 'Expires': 'Fri, 08 Sep 2023 19:33:06 GMT'}
Response cookies: {'auth_sid': '18de9717af27640fb4d1c597edbacd9402e94918f1549272bcf2cafc2634fd9d'}

-----

-----
Test: None
Time: 2023-09-08 22:33:06.394762
Request method: GET
Request URL: https://playground.learnqa.ru/api_dev/user/auth
Request data: None
Request headers: {'x-csrf-token': 'bbe446e5eee07631aab37801576a3fa62ba42cfa02e94918f1549272bcf2cafc2634fd9d'}
Request cookies: {}

Response code: 200
Response text: {"user_id":0}
Response headers: {'Date': 'Fri, 08 Sep 2023 19:33:06 GMT', 'Content-Type': 'application/json', 'Content-Length': '13', 'Connection': 'keep-alive', 'Keep-Alive': 'timeout=10', 'Server': 'Apache', 'Cache-Control': 'max-age=0', 'Expires': 'Fri, 08 Sep 2023 19:33:06 GMT'}
Response cookies: {}

-----

-----
Test: None
Time: 2023-09-08 22:33:06.636735
Request method: POST
Request URL: https://playground.learnqa.ru/api_dev/user/login
Request data: {'email': 'vinkotov@example.com', 'password': '1234'}
Request headers: {}
Request cookies: {}

Response code: 200
Response text: {"user_id":2}
Response headers: {'Date': 'Fri, 08 Sep 2023 19:33:06 GMT', 'Content-Type': 'application/json', 'Content-Length': '13', 'Connection': 'keep-alive', 'Keep-Alive': 'timeout=10', 'Server': 'Apache', 'Set-Cookie': 'auth_sid=1a7fd1701335b40d2c4ef649a76653dc02e94918f1549272bcf2cafc2634fd9d', 'x-csrf-token': 'bbe446e5eee07631aab37801576a3fa62ba42cfa02e94918f1549272bcf2cafc2634fd9d', 'Cache-Control': 'max-age=0', 'Expires': 'Fri, 08 Sep 2023 19:33:06 GMT'}
Response cookies: {'auth_sid': '1a7fd1701335b40d2c4ef649a76653dc02e94918f1549272bcf2cafc2634fd9d'}

-----

-----
Test: None
Time: 2023-09-08 22:33:06.803423
Request method: GET
Request URL: https://playground.learnqa.ru/api_dev/user/auth
Request data: None
Request headers: {}
Request cookies: {'auth_sid': '1a7fd1701335b40d2c4ef649a76653dc02e94918f1549272bcf2cafc2634fd9d'}

Response code: 200
Response text: {"user_id":0}
Response headers: {'Date': 'Fri, 08 Sep 2023 19:33:07 GMT', 'Content-Type': 'application/json', 'Content-Length': '13', 'Connection': 'keep-alive', 'Keep-Alive': 'timeout=10', 'Server': 'Apache', 'Cache-Control': 'max-age=0', 'Expires': 'Fri, 08 Sep 2023 19:33:06 GMT'}
Response cookies: {}

-----

-----
Test: None
Time: 2023-09-08 22:33:07.036942
Request method: POST
Request URL: https://playground.learnqa.ru/api_dev/user/
Request data: {'password': '1234', 'username': 'learnqa', 'firstName': 'learnqa', 'lastName': 'learnqa', 'email': 'learnqa09082023223307@example.com'}
Request headers: {}
Request cookies: {}

Response code: 200
Response text: {"id":"78923"}
Response headers: {'Date': 'Fri, 08 Sep 2023 19:33:07 GMT', 'Content-Type': 'application/json', 'Content-Length': '14', 'Connection': 'keep-alive', 'Keep-Alive': 'timeout=10', 'Server': 'Apache', 'Cache-Control': 'max-age=0', 'Expires': 'Fri, 08 Sep 2023 19:33:07 GMT'}
Response cookies: {}

-----

-----
Test: None
Time: 2023-09-08 22:33:07.685510
Request method: POST
Request URL: https://playground.learnqa.ru/api_dev/user/login
Request data: {'email': 'learnqa09082023223307@example.com', 'password': '1234'}
Request headers: {}
Request cookies: {}

Response code: 200
Response text: {"user_id":78923}
Response headers: {'Date': 'Fri, 08 Sep 2023 19:33:07 GMT', 'Content-Type': 'application/json', 'Content-Length': '17', 'Connection': 'keep-alive', 'Keep-Alive': 'timeout=10', 'Server': 'Apache', 'Set-Cookie': 'auth_sid=d7c5e6328cda8150398f6d486632e317c68d533fa7188a16b462cf7ac9a0fcf7', 'x-csrf-token': 'e3deec6fabd7595549615df4c9a363e081ba0875c68d533fa7188a16b462cf7ac9a0fcf7', 'Cache-Control': 'max-age=0', 'Expires': 'Fri, 08 Sep 2023 19:33:07 GMT'}
Response cookies: {'auth_sid': 'd7c5e6328cda8150398f6d486632e317c68d533fa7188a16b462cf7ac9a0fcf7'}

-----

-----
Test: None
Time: 2023-09-08 22:33:07.826677
Request method: PUT
Request URL: https://playground.learnqa.ru/api_dev/user/78923
Request data: {'firstName': 'Changed name'}
Request headers: {'x-csrf-token': 'e3deec6fabd7595549615df4c9a363e081ba0875c68d533fa7188a16b462cf7ac9a0fcf7'}
Request cookies: {'auth_sid': 'd7c5e6328cda8150398f6d486632e317c68d533fa7188a16b462cf7ac9a0fcf7'}

Response code: 200
Response text: 
Response headers: {'Date': 'Fri, 08 Sep 2023 19:33:08 GMT', 'Content-Type': 'text/html; charset=utf-8', 'Content-Length': '0', 'Connection': 'keep-alive', 'Keep-Alive': 'timeout=10', 'Server': 'Apache', 'Cache-Control': 'max-age=0', 'Expires': 'Fri, 08 Sep 2023 19:33:07 GMT'}
Response cookies: {}

-----

-----
Test: None
Time: 2023-09-08 22:33:08.559953
Request method: GET
Request URL: https://playground.learnqa.ru/api_dev/user/78923
Request data: None
Request headers: {'x-csrf-token': 'e3deec6fabd7595549615df4c9a363e081ba0875c68d533fa7188a16b462cf7ac9a0fcf7'}
Request cookies: {'auth_sid': 'd7c5e6328cda8150398f6d486632e317c68d533fa7188a16b462cf7ac9a0fcf7'}

Response code: 200
Response text: {"id":"78923","username":"learnqa","email":"learnqa09082023223307@example.com","firstName":"Changed name","lastName":"learnqa"}
Response headers: {'Date': 'Fri, 08 Sep 2023 19:33:09 GMT', 'Content-Type': 'application/json', 'Transfer-Encoding': 'chunked', 'Connection': 'keep-alive', 'Keep-Alive': 'timeout=10', 'Vary': 'Accept-Encoding', 'Server': 'Apache', 'Cache-Control': 'max-age=0', 'Expires': 'Fri, 08 Sep 2023 19:33:08 GMT', 'Content-Encoding': 'gzip'}
Response cookies: {}

-----

-----
Test: None
Time: 2023-09-08 22:33:09.203205
Request method: POST
Request URL: https://playground.learnqa.ru/api_dev/user/
Request data: {'password': '1234', 'username': 'learnqa', 'firstName': 'learnqa', 'lastName': 'learnqa', 'email': 'learnqa09082023223309@example.com'}
Request headers: {}
Request cookies: {}

Response code: 200
Response text: {"id":"78924"}
Response headers: {'Date': 'Fri, 08 Sep 2023 19:33:09 GMT', 'Content-Type': 'application/json', 'Content-Length': '14', 'Connection': 'keep-alive', 'Keep-Alive': 'timeout=10', 'Server': 'Apache', 'Cache-Control': 'max-age=0', 'Expires': 'Fri, 08 Sep 2023 19:33:09 GMT'}
Response cookies: {}

-----

-----
Test: None
Time: 2023-09-08 22:33:09.852550
Request method: PUT
Request URL: https://playground.learnqa.ru/api_dev/user/78631
Request data: {'lastName': 'Changed last name'}
Request headers: {}
Request cookies: {}

Response code: 400
Response text: Auth token not supplied
Response headers: {'Date': 'Fri, 08 Sep 2023 19:33:10 GMT', 'Content-Type': 'text/html; charset=utf-8', 'Content-Length': '23', 'Connection': 'keep-alive', 'Keep-Alive': 'timeout=10', 'Server': 'Apache'}
Response cookies: {}

-----

-----
Test: None
Time: 2023-09-08 22:33:10.628335
Request method: POST
Request URL: https://playground.learnqa.ru/api_dev/user/login
Request data: {'email': 'learnqa09082023223309@example.com', 'password': '1234'}
Request headers: {}
Request cookies: {}

Response code: 200
Response text: {"user_id":78924}
Response headers: {'Date': 'Fri, 08 Sep 2023 19:33:10 GMT', 'Content-Type': 'application/json', 'Content-Length': '17', 'Connection': 'keep-alive', 'Keep-Alive': 'timeout=10', 'Server': 'Apache', 'Set-Cookie': 'auth_sid=d955e38002d69a7cdc5efacc4c4f086fd105e8f8a19ee29374d0d0e13036c82d', 'x-csrf-token': '2e9a12e0e2bb2c6472796473db2ab2d964246388d105e8f8a19ee29374d0d0e13036c82d', 'Cache-Control': 'max-age=0', 'Expires': 'Fri, 08 Sep 2023 19:33:10 GMT'}
Response cookies: {'auth_sid': 'd955e38002d69a7cdc5efacc4c4f086fd105e8f8a19ee29374d0d0e13036c82d'}

-----

-----
Test: None
Time: 2023-09-08 22:33:10.774111
Request method: GET
Request URL: https://playground.learnqa.ru/api_dev/user/78924
Request data: None
Request headers: {'x-csrf-token': '2e9a12e0e2bb2c6472796473db2ab2d964246388d105e8f8a19ee29374d0d0e13036c82d'}
Request cookies: {'auth_sid': 'd955e38002d69a7cdc5efacc4c4f086fd105e8f8a19ee29374d0d0e13036c82d'}

Response code: 200
Response text: {"id":"78924","username":"learnqa","email":"learnqa09082023223309@example.com","firstName":"learnqa","lastName":"learnqa"}
Response headers: {'Date': 'Fri, 08 Sep 2023 19:33:11 GMT', 'Content-Type': 'application/json', 'Transfer-Encoding': 'chunked', 'Connection': 'keep-alive', 'Keep-Alive': 'timeout=10', 'Vary': 'Accept-Encoding', 'Server': 'Apache', 'Cache-Control': 'max-age=0', 'Expires': 'Fri, 08 Sep 2023 19:33:10 GMT', 'Content-Encoding': 'gzip'}
Response cookies: {}

-----

-----
Test: None
Time: 2023-09-08 22:33:11.513833
Request method: POST
Request URL: https://playground.learnqa.ru/api_dev/user/
Request data: {'password': '1234', 'username': 'learnqa', 'firstName': 'learnqa', 'lastName': 'learnqa', 'email': 'zdfWMibhu@example.com'}
Request headers: {}
Request cookies: {}

Response code: 200
Response text: {"id":"78925"}
Response headers: {'Date': 'Fri, 08 Sep 2023 19:33:12 GMT', 'Content-Type': 'application/json', 'Content-Length': '14', 'Connection': 'keep-alive', 'Keep-Alive': 'timeout=10', 'Server': 'Apache', 'Cache-Control': 'max-age=0', 'Expires': 'Fri, 08 Sep 2023 19:33:11 GMT'}
Response cookies: {}

-----

-----
Test: None
Time: 2023-09-08 22:33:12.157552
Request method: POST
Request URL: https://playground.learnqa.ru/api_dev/user/
Request data: {'password': '1234', 'username': 'learnqa', 'firstName': 'learnqa', 'lastName': 'learnqa', 'email': 'KCiLgZMSVa@example.com'}
Request headers: {}
Request cookies: {}

Response code: 200
Response text: {"id":"78926"}
Response headers: {'Date': 'Fri, 08 Sep 2023 19:33:12 GMT', 'Content-Type': 'application/json', 'Content-Length': '14', 'Connection': 'keep-alive', 'Keep-Alive': 'timeout=10', 'Server': 'Apache', 'Cache-Control': 'max-age=0', 'Expires': 'Fri, 08 Sep 2023 19:33:12 GMT'}
Response cookies: {}

-----

-----
Test: None
Time: 2023-09-08 22:33:12.794224
Request method: POST
Request URL: https://playground.learnqa.ru/api_dev/user/login
Request data: {'email': 'KCiLgZMSVa@example.com', 'password': '1234'}
Request headers: {}
Request cookies: {}

Response code: 200
Response text: {"user_id":78926}
Response headers: {'Date': 'Fri, 08 Sep 2023 19:33:13 GMT', 'Content-Type': 'application/json', 'Content-Length': '17', 'Connection': 'keep-alive', 'Keep-Alive': 'timeout=10', 'Server': 'Apache', 'Set-Cookie': 'auth_sid=0e9b6dd1a8aaef25716448ecb9ffb16c253e6d80a4f9d7c5b3de6d6ca67e9363', 'x-csrf-token': 'a63e52b1a801519ede3b94fbef2049ef95cae38c253e6d80a4f9d7c5b3de6d6ca67e9363', 'Cache-Control': 'max-age=0', 'Expires': 'Fri, 08 Sep 2023 19:33:12 GMT'}
Response cookies: {'auth_sid': '0e9b6dd1a8aaef25716448ecb9ffb16c253e6d80a4f9d7c5b3de6d6ca67e9363'}

-----

-----
Test: None
Time: 2023-09-08 22:33:12.974335
Request method: PUT
Request URL: https://playground.learnqa.ru/api_dev/user/78925
Request data: {'firstName': 'Test name'}
Request headers: {'x-csrf-token': 'a63e52b1a801519ede3b94fbef2049ef95cae38c253e6d80a4f9d7c5b3de6d6ca67e9363'}
Request cookies: {'auth_sid': '0e9b6dd1a8aaef25716448ecb9ffb16c253e6d80a4f9d7c5b3de6d6ca67e9363'}

Response code: 200
Response text: 
Response headers: {'Date': 'Fri, 08 Sep 2023 19:33:13 GMT', 'Content-Type': 'text/html; charset=utf-8', 'Content-Length': '0', 'Connection': 'keep-alive', 'Keep-Alive': 'timeout=10', 'Server': 'Apache', 'Cache-Control': 'max-age=0', 'Expires': 'Fri, 08 Sep 2023 19:33:13 GMT'}
Response cookies: {}

-----

-----
Test: None
Time: 2023-09-08 22:33:13.706076
Request method: POST
Request URL: https://playground.learnqa.ru/api_dev/user/login
Request data: {'email': 'zdfWMibhu@example.com', 'password': '1234'}
Request headers: {}
Request cookies: {}

Response code: 200
Response text: {"user_id":78925}
Response headers: {'Date': 'Fri, 08 Sep 2023 19:33:13 GMT', 'Content-Type': 'application/json', 'Content-Length': '17', 'Connection': 'keep-alive', 'Keep-Alive': 'timeout=10', 'Server': 'Apache', 'Set-Cookie': 'auth_sid=0bfbfbd56d95b9e96bf4b9aa9a4442a234ded792c46e525b054bf4752385e5e5', 'x-csrf-token': '46e178883f34d1eeaf5891d4eeb64ed3ef8559dc34ded792c46e525b054bf4752385e5e5', 'Cache-Control': 'max-age=0', 'Expires': 'Fri, 08 Sep 2023 19:33:13 GMT'}
Response cookies: {'auth_sid': '0bfbfbd56d95b9e96bf4b9aa9a4442a234ded792c46e525b054bf4752385e5e5'}

-----

-----
Test: None
Time: 2023-09-08 22:33:13.852778
Request method: GET
Request URL: https://playground.learnqa.ru/api_dev/user/78925
Request data: None
Request headers: {'x-csrf-token': '46e178883f34d1eeaf5891d4eeb64ed3ef8559dc34ded792c46e525b054bf4752385e5e5'}
Request cookies: {'auth_sid': '0bfbfbd56d95b9e96bf4b9aa9a4442a234ded792c46e525b054bf4752385e5e5'}

Response code: 200
Response text: {"id":"78925","username":"learnqa","email":"zdfWMibhu@example.com","firstName":"learnqa","lastName":"learnqa"}
Response headers: {'Date': 'Fri, 08 Sep 2023 19:33:14 GMT', 'Content-Type': 'application/json', 'Transfer-Encoding': 'chunked', 'Connection': 'keep-alive', 'Keep-Alive': 'timeout=10', 'Vary': 'Accept-Encoding', 'Server': 'Apache', 'Cache-Control': 'max-age=0', 'Expires': 'Fri, 08 Sep 2023 19:33:14 GMT', 'Content-Encoding': 'gzip'}
Response cookies: {}

-----

-----
Test: None
Time: 2023-09-08 22:33:14.608898
Request method: POST
Request URL: https://playground.learnqa.ru/api_dev/user/
Request data: {'password': '1234', 'username': 'learnqa', 'firstName': 'learnqa', 'lastName': 'learnqa', 'email': 'learnqa09082023223314@example.com'}
Request headers: {}
Request cookies: {}

Response code: 200
Response text: {"id":"78927"}
Response headers: {'Date': 'Fri, 08 Sep 2023 19:33:15 GMT', 'Content-Type': 'application/json', 'Content-Length': '14', 'Connection': 'keep-alive', 'Keep-Alive': 'timeout=10', 'Server': 'Apache', 'Cache-Control': 'max-age=0', 'Expires': 'Fri, 08 Sep 2023 19:33:14 GMT'}
Response cookies: {}

-----

-----
Test: None
Time: 2023-09-08 22:33:15.255775
Request method: POST
Request URL: https://playground.learnqa.ru/api_dev/user/login
Request data: {'email': 'learnqa09082023223314@example.com', 'password': '1234'}
Request headers: {}
Request cookies: {}

Response code: 200
Response text: {"user_id":78927}
Response headers: {'Date': 'Fri, 08 Sep 2023 19:33:15 GMT', 'Content-Type': 'application/json', 'Content-Length': '17', 'Connection': 'keep-alive', 'Keep-Alive': 'timeout=10', 'Server': 'Apache', 'Set-Cookie': 'auth_sid=5d075f28b3a1db98bc2811ca088130beaf36821dbf11d876a424bf6d0263e579', 'x-csrf-token': 'cc39ed4ec1390e33e4d1239753d1e4729f178a75af36821dbf11d876a424bf6d0263e579', 'Cache-Control': 'max-age=0', 'Expires': 'Fri, 08 Sep 2023 19:33:15 GMT'}
Response cookies: {'auth_sid': '5d075f28b3a1db98bc2811ca088130beaf36821dbf11d876a424bf6d0263e579'}

-----

-----
Test: None
Time: 2023-09-08 22:33:15.439073
Request method: PUT
Request URL: https://playground.learnqa.ru/api_dev/user/78927
Request data: {'email': 'testexample.com'}
Request headers: {'x-csrf-token': 'cc39ed4ec1390e33e4d1239753d1e4729f178a75af36821dbf11d876a424bf6d0263e579'}
Request cookies: {'auth_sid': '5d075f28b3a1db98bc2811ca088130beaf36821dbf11d876a424bf6d0263e579'}

Response code: 400
Response text: Invalid email format
Response headers: {'Date': 'Fri, 08 Sep 2023 19:33:16 GMT', 'Content-Type': 'text/html; charset=utf-8', 'Content-Length': '20', 'Connection': 'keep-alive', 'Keep-Alive': 'timeout=10', 'Server': 'Apache'}
Response cookies: {}

-----

-----
Test: None
Time: 2023-09-08 22:33:16.166402
Request method: GET
Request URL: https://playground.learnqa.ru/api_dev/user/78927
Request data: None
Request headers: {'x-csrf-token': 'cc39ed4ec1390e33e4d1239753d1e4729f178a75af36821dbf11d876a424bf6d0263e579'}
Request cookies: {'auth_sid': '5d075f28b3a1db98bc2811ca088130beaf36821dbf11d876a424bf6d0263e579'}

Response code: 200
Response text: {"id":"78927","username":"learnqa","email":"learnqa09082023223314@example.com","firstName":"learnqa","lastName":"learnqa"}
Response headers: {'Date': 'Fri, 08 Sep 2023 19:33:16 GMT', 'Content-Type': 'application/json', 'Transfer-Encoding': 'chunked', 'Connection': 'keep-alive', 'Keep-Alive': 'timeout=10', 'Vary': 'Accept-Encoding', 'Server': 'Apache', 'Cache-Control': 'max-age=0', 'Expires': 'Fri, 08 Sep 2023 19:33:16 GMT', 'Content-Encoding': 'gzip'}
Response cookies: {}

-----

-----
Test: None
Time: 2023-09-08 22:33:16.818466
Request method: POST
Request URL: https://playground.learnqa.ru/api_dev/user/
Request data: {'password': '1234', 'username': 'learnqa', 'firstName': 'learnqa', 'lastName': 'learnqa', 'email': 'learnqa09082023223316@example.com'}
Request headers: {}
Request cookies: {}

Response code: 200
Response text: {"id":"78928"}
Response headers: {'Date': 'Fri, 08 Sep 2023 19:33:17 GMT', 'Content-Type': 'application/json', 'Content-Length': '14', 'Connection': 'keep-alive', 'Keep-Alive': 'timeout=10', 'Server': 'Apache', 'Cache-Control': 'max-age=0', 'Expires': 'Fri, 08 Sep 2023 19:33:17 GMT'}
Response cookies: {}

-----

-----
Test: None
Time: 2023-09-08 22:33:17.501640
Request method: POST
Request URL: https://playground.learnqa.ru/api_dev/user/login
Request data: {'email': 'learnqa09082023223316@example.com', 'password': '1234'}
Request headers: {}
Request cookies: {}

Response code: 200
Response text: {"user_id":78928}
Response headers: {'Date': 'Fri, 08 Sep 2023 19:33:17 GMT', 'Content-Type': 'application/json', 'Content-Length': '17', 'Connection': 'keep-alive', 'Keep-Alive': 'timeout=10', 'Server': 'Apache', 'Set-Cookie': 'auth_sid=4ac70acab66dba35298d0cf4ff4c76fccb26b9a2fdd14fbc38da960d5706c03e', 'x-csrf-token': '7f38cbbb5be7f305041d096d00131b098e581a1fcb26b9a2fdd14fbc38da960d5706c03e', 'Cache-Control': 'max-age=0', 'Expires': 'Fri, 08 Sep 2023 19:33:17 GMT'}
Response cookies: {'auth_sid': '4ac70acab66dba35298d0cf4ff4c76fccb26b9a2fdd14fbc38da960d5706c03e'}

-----

-----
Test: None
Time: 2023-09-08 22:33:17.695500
Request method: PUT
Request URL: https://playground.learnqa.ru/api_dev/user/78928
Request data: {'firstName': 'x'}
Request headers: {'x-csrf-token': '7f38cbbb5be7f305041d096d00131b098e581a1fcb26b9a2fdd14fbc38da960d5706c03e'}
Request cookies: {'auth_sid': '4ac70acab66dba35298d0cf4ff4c76fccb26b9a2fdd14fbc38da960d5706c03e'}

Response code: 400
Response text: {"error":"Too short value for field firstName"}
Response headers: {'Date': 'Fri, 08 Sep 2023 19:33:18 GMT', 'Content-Type': 'application/json', 'Content-Length': '47', 'Connection': 'keep-alive', 'Keep-Alive': 'timeout=10', 'Server': 'Apache'}
Response cookies: {}

-----

-----
Test: None
Time: 2023-09-08 22:33:18.423414
Request method: GET
Request URL: https://playground.learnqa.ru/api_dev/user/78928
Request data: None
Request headers: {'x-csrf-token': '7f38cbbb5be7f305041d096d00131b098e581a1fcb26b9a2fdd14fbc38da960d5706c03e'}
Request cookies: {'auth_sid': '4ac70acab66dba35298d0cf4ff4c76fccb26b9a2fdd14fbc38da960d5706c03e'}

Response code: 200
Response text: {"id":"78928","username":"learnqa","email":"learnqa09082023223316@example.com","firstName":"learnqa","lastName":"learnqa"}
Response headers: {'Date': 'Fri, 08 Sep 2023 19:33:19 GMT', 'Content-Type': 'application/json', 'Transfer-Encoding': 'chunked', 'Connection': 'keep-alive', 'Keep-Alive': 'timeout=10', 'Vary': 'Accept-Encoding', 'Server': 'Apache', 'Cache-Control': 'max-age=0', 'Expires': 'Fri, 08 Sep 2023 19:33:18 GMT', 'Content-Encoding': 'gzip'}
Response cookies: {}

-----

-----
Test: None
Time: 2023-09-08 22:33:19.072383
Request method: GET
Request URL: https://playground.learnqa.ru/api_dev/user/2
Request data: None
Request headers: {}
Request cookies: {}

Response code: 200
Response text: {"username":"Vitaliy"}
Response headers: {'Date': 'Fri, 08 Sep 2023 19:33:19 GMT', 'Content-Type': 'application/json', 'Transfer-Encoding': 'chunked', 'Connection': 'keep-alive', 'Keep-Alive': 'timeout=10', 'Vary': 'Accept-Encoding', 'Server': 'Apache', 'Cache-Control': 'max-age=0', 'Expires': 'Fri, 08 Sep 2023 19:33:19 GMT', 'Content-Encoding': 'gzip'}
Response cookies: {}

-----

-----
Test: None
Time: 2023-09-08 22:33:19.799317
Request method: POST
Request URL: https://playground.learnqa.ru/api_dev/user/login
Request data: {'email': 'vinkotov@example.com', 'password': '1234'}
Request headers: {}
Request cookies: {}

Response code: 200
Response text: {"user_id":2}
Response headers: {'Date': 'Fri, 08 Sep 2023 19:33:20 GMT', 'Content-Type': 'application/json', 'Content-Length': '13', 'Connection': 'keep-alive', 'Keep-Alive': 'timeout=10', 'Server': 'Apache', 'Set-Cookie': 'auth_sid=ab3df37284b94706e627ca8b41b3e65d02e94918f1549272bcf2cafc2634fd9d', 'x-csrf-token': 'ae6f27616e4f424a4374a6b3df33a9991333d70902e94918f1549272bcf2cafc2634fd9d', 'Cache-Control': 'max-age=0', 'Expires': 'Fri, 08 Sep 2023 19:33:19 GMT'}
Response cookies: {'auth_sid': 'ab3df37284b94706e627ca8b41b3e65d02e94918f1549272bcf2cafc2634fd9d'}

-----

-----
Test: None
Time: 2023-09-08 22:33:19.987288
Request method: GET
Request URL: https://playground.learnqa.ru/api_dev/user/2
Request data: None
Request headers: {'x-csrf-token': 'ae6f27616e4f424a4374a6b3df33a9991333d70902e94918f1549272bcf2cafc2634fd9d'}
Request cookies: {'auth_sid': 'ab3df37284b94706e627ca8b41b3e65d02e94918f1549272bcf2cafc2634fd9d'}

Response code: 200
Response text: {"id":"2","username":"Vitaliy","email":"vinkotov@example.com","firstName":"Vitalii","lastName":"Kotov"}
Response headers: {'Date': 'Fri, 08 Sep 2023 19:33:20 GMT', 'Content-Type': 'application/json', 'Transfer-Encoding': 'chunked', 'Connection': 'keep-alive', 'Keep-Alive': 'timeout=10', 'Vary': 'Accept-Encoding', 'Server': 'Apache', 'Cache-Control': 'max-age=0', 'Expires': 'Fri, 08 Sep 2023 19:33:20 GMT', 'Content-Encoding': 'gzip'}
Response cookies: {}

-----

-----
Test: None
Time: 2023-09-08 22:33:20.770719
Request method: POST
Request URL: https://playground.learnqa.ru/api_dev/user/login
Request data: {'email': 'vinkotov@example.com', 'password': '1234'}
Request headers: {}
Request cookies: {}

Response code: 200
Response text: {"user_id":2}
Response headers: {'Date': 'Fri, 08 Sep 2023 19:33:20 GMT', 'Content-Type': 'application/json', 'Content-Length': '13', 'Connection': 'keep-alive', 'Keep-Alive': 'timeout=10', 'Server': 'Apache', 'Set-Cookie': 'auth_sid=6543aabbc49d78d8304616750f66f5e202e94918f1549272bcf2cafc2634fd9d', 'x-csrf-token': 'ae6f27616e4f424a4374a6b3df33a9991333d70902e94918f1549272bcf2cafc2634fd9d', 'Cache-Control': 'max-age=0', 'Expires': 'Fri, 08 Sep 2023 19:33:20 GMT'}
Response cookies: {'auth_sid': '6543aabbc49d78d8304616750f66f5e202e94918f1549272bcf2cafc2634fd9d'}

-----

-----
Test: None
Time: 2023-09-08 22:33:20.914052
Request method: GET
Request URL: https://playground.learnqa.ru/api_dev/user/1
Request data: None
Request headers: {'x-csrf-token': 'ae6f27616e4f424a4374a6b3df33a9991333d70902e94918f1549272bcf2cafc2634fd9d'}
Request cookies: {'auth_sid': '6543aabbc49d78d8304616750f66f5e202e94918f1549272bcf2cafc2634fd9d'}

Response code: 200
Response text: {"username":"Lana"}
Response headers: {'Date': 'Fri, 08 Sep 2023 19:33:21 GMT', 'Content-Type': 'application/json', 'Content-Length': '19', 'Connection': 'keep-alive', 'Keep-Alive': 'timeout=10', 'Server': 'Apache', 'Cache-Control': 'max-age=0', 'Expires': 'Fri, 08 Sep 2023 19:33:21 GMT'}
Response cookies: {}

-----

-----
Test: None
Time: 2023-09-08 22:33:21.655398
Request method: POST
Request URL: https://playground.learnqa.ru/api_dev/user/
Request data: {'password': '1234', 'username': 'learnqa', 'firstName': 'learnqa', 'lastName': 'learnqa', 'email': 'learnqa09082023223321@example.com'}
Request headers: {}
Request cookies: {}

Response code: 200
Response text: {"id":"78929"}
Response headers: {'Date': 'Fri, 08 Sep 2023 19:33:22 GMT', 'Content-Type': 'application/json', 'Content-Length': '14', 'Connection': 'keep-alive', 'Keep-Alive': 'timeout=10', 'Server': 'Apache', 'Cache-Control': 'max-age=0', 'Expires': 'Fri, 08 Sep 2023 19:33:21 GMT'}
Response cookies: {}

-----

-----
Test: None
Time: 2023-09-08 22:33:22.313399
Request method: POST
Request URL: https://playground.learnqa.ru/api_dev/user/
Request data: {'password': '1234', 'username': 'learnqa', 'firstName': 'learnqa', 'lastName': 'learnqa', 'email': 'vinkotov@example.com'}
Request headers: {}
Request cookies: {}

Response code: 400
Response text: Users with email 'vinkotov@example.com' already exists
Response headers: {'Date': 'Fri, 08 Sep 2023 19:33:23 GMT', 'Content-Type': 'text/html; charset=utf-8', 'Content-Length': '54', 'Connection': 'keep-alive', 'Keep-Alive': 'timeout=10', 'Server': 'Apache'}
Response cookies: {}

-----

-----
Test: None
Time: 2023-09-08 22:33:22.963613
Request method: POST
Request URL: https://playground.learnqa.ru/api_dev/user/
Request data: {'password': '1234', 'username': 'learnqa', 'firstName': 'learnqa', 'lastName': 'learnqa', 'email': 'testexample.com'}
Request headers: {}
Request cookies: {}

Response code: 400
Response text: Invalid email format
Response headers: {'Date': 'Fri, 08 Sep 2023 19:33:23 GMT', 'Content-Type': 'text/html; charset=utf-8', 'Content-Length': '20', 'Connection': 'keep-alive', 'Keep-Alive': 'timeout=10', 'Server': 'Apache'}
Response cookies: {}

-----

-----
Test: None
Time: 2023-09-08 22:33:23.617467
Request method: POST
Request URL: https://playground.learnqa.ru/api_dev/user/
Request data: {'password': None, 'username': 'bot', 'firstName': 'bot_fname', 'lastName': 'bot_lname', 'email': 'bot@example.com'}
Request headers: {}
Request cookies: {}

Response code: 400
Response text: The following required params are missed: password
Response headers: {'Date': 'Fri, 08 Sep 2023 19:33:24 GMT', 'Content-Type': 'text/html; charset=utf-8', 'Content-Length': '50', 'Connection': 'keep-alive', 'Keep-Alive': 'timeout=10', 'Server': 'Apache'}
Response cookies: {}

-----

-----
Test: None
Time: 2023-09-08 22:33:24.307019
Request method: POST
Request URL: https://playground.learnqa.ru/api_dev/user/
Request data: {'password': '1234', 'username': None, 'firstName': 'bot_fname', 'lastName': 'bot_lname', 'email': 'bot@example.com'}
Request headers: {}
Request cookies: {}

Response code: 400
Response text: The following required params are missed: username
Response headers: {'Date': 'Fri, 08 Sep 2023 19:33:25 GMT', 'Content-Type': 'text/html; charset=utf-8', 'Content-Length': '50', 'Connection': 'keep-alive', 'Keep-Alive': 'timeout=10', 'Server': 'Apache'}
Response cookies: {}

-----

-----
Test: None
Time: 2023-09-08 22:33:24.983477
Request method: POST
Request URL: https://playground.learnqa.ru/api_dev/user/
Request data: {'password': '1234', 'username': 'bot', 'firstName': None, 'lastName': 'bot_lname', 'email': 'bot@example.com'}
Request headers: {}
Request cookies: {}

Response code: 400
Response text: The following required params are missed: firstName
Response headers: {'Date': 'Fri, 08 Sep 2023 19:33:25 GMT', 'Content-Type': 'text/html; charset=utf-8', 'Content-Length': '51', 'Connection': 'keep-alive', 'Keep-Alive': 'timeout=10', 'Server': 'Apache'}
Response cookies: {}

-----

-----
Test: None
Time: 2023-09-08 22:33:25.700232
Request method: POST
Request URL: https://playground.learnqa.ru/api_dev/user/
Request data: {'password': '1234', 'username': 'bot', 'firstName': 'bot_fname', 'lastName': None, 'email': 'bot@example.com'}
Request headers: {}
Request cookies: {}

Response code: 400
Response text: The following required params are missed: lastName
Response headers: {'Date': 'Fri, 08 Sep 2023 19:33:26 GMT', 'Content-Type': 'text/html; charset=utf-8', 'Content-Length': '50', 'Connection': 'keep-alive', 'Keep-Alive': 'timeout=10', 'Server': 'Apache'}
Response cookies: {}

-----

-----
Test: None
Time: 2023-09-08 22:33:26.344900
Request method: POST
Request URL: https://playground.learnqa.ru/api_dev/user/
Request data: {'password': '1234', 'username': 'bot', 'firstName': 'bot_fname', 'lastName': 'bot_lname', 'email': None}
Request headers: {}
Request cookies: {}

Response code: 400
Response text: The following required params are missed: email
Response headers: {'Date': 'Fri, 08 Sep 2023 19:33:27 GMT', 'Content-Type': 'text/html; charset=utf-8', 'Content-Length': '47', 'Connection': 'keep-alive', 'Keep-Alive': 'timeout=10', 'Server': 'Apache'}
Response cookies: {}

-----

-----
Test: None
Time: 2023-09-08 22:33:27.037306
Request method: POST
Request URL: https://playground.learnqa.ru/api_dev/user/
Request data: {'password': '1234', 'username': 'learnqa', 'firstName': 'x', 'lastName': 'learnqa', 'email': 'learnqa09082023223327@example.com'}
Request headers: {}
Request cookies: {}

Response code: 400
Response text: The value of 'firstName' field is too short
Response headers: {'Date': 'Fri, 08 Sep 2023 19:33:27 GMT', 'Content-Type': 'text/html; charset=utf-8', 'Content-Length': '43', 'Connection': 'keep-alive', 'Keep-Alive': 'timeout=10', 'Server': 'Apache'}
Response cookies: {}

-----

-----
Test: None
Time: 2023-09-08 22:33:27.707156
Request method: POST
Request URL: https://playground.learnqa.ru/api_dev/user/
Request data: {'password': '1234', 'username': 'learnqa', 'firstName': 'JtGLHfZmEIGSUOUNIrjTTbMWHwCJShuyEbxLswjZdAyTUaAyFHMlYfZjiVGnZbZeYbsZetGNkADCLAnzLmrffgymZfLFaKqVCMGDjtOLzsSBUsLyJPPkKaPuEIfkTPXleVqHiilJLTDOOdrrepRvgtmjGlPoziPeypJUAwuaGSmLKRbiaYsuByghpxorulVPWwPCKjrwbUkOuNqSdfbnzNtZLwHNYQsMyCWUuKdDoEvpmoVoPPgEnqUuFoU', 'lastName': 'learnqa', 'email': 'learnqa09082023223327@example.com'}
Request headers: {}
Request cookies: {}

Response code: 400
Response text: The value of 'firstName' field is too long
Response headers: {'Date': 'Fri, 08 Sep 2023 19:33:28 GMT', 'Content-Type': 'text/html; charset=utf-8', 'Content-Length': '42', 'Connection': 'keep-alive', 'Keep-Alive': 'timeout=10', 'Server': 'Apache'}
Response cookies: {}

-----
